2017-06-14 09:56:30 [scrapy.utils.log] INFO: Scrapy 1.4.0 started (bot: SpeechWork)
2017-06-14 09:56:30 [scrapy.utils.log] INFO: Overridden settings: {'LOG_FILE': 'scrapy_output.txt', 'ROBOTSTXT_OBEY': True, 'BOT_NAME': 'SpeechWork', 'SPIDER_MODULES': ['SpeechWork.spiders'], 'NEWSPIDER_MODULE': 'SpeechWork.spiders'}
2017-06-14 09:56:30 [scrapy.middleware] INFO: Enabled extensions:
['scrapy.extensions.telnet.TelnetConsole',
 'scrapy.extensions.logstats.LogStats',
 'scrapy.extensions.corestats.CoreStats',
 'scrapy.extensions.memusage.MemoryUsage']
2017-06-14 09:56:30 [scrapy.middleware] INFO: Enabled downloader middlewares:
['scrapy.downloadermiddlewares.robotstxt.RobotsTxtMiddleware',
 'scrapy.downloadermiddlewares.httpauth.HttpAuthMiddleware',
 'scrapy.downloadermiddlewares.downloadtimeout.DownloadTimeoutMiddleware',
 'scrapy.downloadermiddlewares.defaultheaders.DefaultHeadersMiddleware',
 'scrapy.downloadermiddlewares.useragent.UserAgentMiddleware',
 'scrapy.downloadermiddlewares.retry.RetryMiddleware',
 'scrapy.downloadermiddlewares.redirect.MetaRefreshMiddleware',
 'scrapy.downloadermiddlewares.httpcompression.HttpCompressionMiddleware',
 'scrapy.downloadermiddlewares.redirect.RedirectMiddleware',
 'scrapy.downloadermiddlewares.cookies.CookiesMiddleware',
 'scrapy.downloadermiddlewares.httpproxy.HttpProxyMiddleware',
 'scrapy.downloadermiddlewares.stats.DownloaderStats']
2017-06-14 09:56:30 [scrapy.middleware] INFO: Enabled spider middlewares:
['scrapy.spidermiddlewares.httperror.HttpErrorMiddleware',
 'scrapy.spidermiddlewares.offsite.OffsiteMiddleware',
 'scrapy.spidermiddlewares.referer.RefererMiddleware',
 'scrapy.spidermiddlewares.urllength.UrlLengthMiddleware',
 'scrapy.spidermiddlewares.depth.DepthMiddleware']
2017-06-14 09:56:30 [scrapy.middleware] INFO: Enabled item pipelines:
[]
2017-06-14 09:56:30 [scrapy.core.engine] INFO: Spider opened
2017-06-14 09:56:30 [scrapy.extensions.logstats] INFO: Crawled 0 pages (at 0 pages/min), scraped 0 items (at 0 items/min)
2017-06-14 09:56:30 [scrapy.extensions.telnet] DEBUG: Telnet console listening on 127.0.0.1:6023
2017-06-14 09:56:31 [scrapy.core.engine] DEBUG: Crawled (200) <GET http://www.dictionary.com/robots.txt> (referer: None)
2017-06-14 09:56:31 [scrapy.core.engine] DEBUG: Crawled (200) <GET http://www.dictionary.com/browse/acknowledgement?s=ts> (referer: None)
2017-06-14 09:56:31 [scrapy.core.scraper] ERROR: Spider error processing <GET http://www.dictionary.com/browse/acknowledgement?s=ts> (referer: None)
Traceback (most recent call last):
  File "/usr/local/lib/python3.5/dist-packages/twisted/internet/defer.py", line 653, in _runCallbacks
    current.result = callback(current.result, *args, **kw)
  File "/home/paras/CodingProjects/SpeechWork/SpeechWork/spiders/meaning_spider.py", line 27, in parse
    content = div_tag.css('//[descendant-or-self::text()]')
  File "/usr/local/lib/python3.5/dist-packages/parsel/selector.py", line 246, in css
    return self.xpath(self._css2xpath(query))
  File "/usr/local/lib/python3.5/dist-packages/parsel/selector.py", line 249, in _css2xpath
    return self._csstranslator.css_to_xpath(query)
  File "/usr/local/lib/python3.5/dist-packages/cssselect/xpath.py", line 192, in css_to_xpath
    for selector in parse(css))
  File "/usr/local/lib/python3.5/dist-packages/cssselect/parser.py", line 355, in parse
    return list(parse_selector_group(stream))
  File "/usr/local/lib/python3.5/dist-packages/cssselect/parser.py", line 370, in parse_selector_group
    yield Selector(*parse_selector(stream))
  File "/usr/local/lib/python3.5/dist-packages/cssselect/parser.py", line 378, in parse_selector
    result, pseudo_element = parse_simple_selector(stream)
  File "/usr/local/lib/python3.5/dist-packages/cssselect/parser.py", line 477, in parse_simple_selector
    "Expected selector, got %s" % (peek,))
  File "<string>", line None
cssselect.parser.SelectorSyntaxError: Expected selector, got <DELIM '/' at 0>
2017-06-14 09:56:31 [scrapy.core.engine] INFO: Closing spider (finished)
2017-06-14 09:56:31 [scrapy.statscollectors] INFO: Dumping Scrapy stats:
{'downloader/request_bytes': 530,
 'downloader/request_count': 2,
 'downloader/request_method_count/GET': 2,
 'downloader/response_bytes': 26488,
 'downloader/response_count': 2,
 'downloader/response_status_count/200': 2,
 'finish_reason': 'finished',
 'finish_time': datetime.datetime(2017, 6, 14, 4, 26, 31, 356926),
 'log_count/DEBUG': 3,
 'log_count/ERROR': 1,
 'log_count/INFO': 7,
 'memusage/max': 48414720,
 'memusage/startup': 48414720,
 'response_received_count': 2,
 'scheduler/dequeued': 1,
 'scheduler/dequeued/memory': 1,
 'scheduler/enqueued': 1,
 'scheduler/enqueued/memory': 1,
 'spider_exceptions/SelectorSyntaxError': 1,
 'start_time': datetime.datetime(2017, 6, 14, 4, 26, 30, 686956)}
2017-06-14 09:56:31 [scrapy.core.engine] INFO: Spider closed (finished)
2017-06-14 09:57:19 [scrapy.utils.log] INFO: Scrapy 1.4.0 started (bot: SpeechWork)
2017-06-14 09:57:19 [scrapy.utils.log] INFO: Overridden settings: {'SPIDER_MODULES': ['SpeechWork.spiders'], 'NEWSPIDER_MODULE': 'SpeechWork.spiders', 'ROBOTSTXT_OBEY': True, 'LOG_FILE': 'scrapy_output.txt', 'BOT_NAME': 'SpeechWork'}
2017-06-14 09:57:19 [scrapy.middleware] INFO: Enabled extensions:
['scrapy.extensions.memusage.MemoryUsage',
 'scrapy.extensions.logstats.LogStats',
 'scrapy.extensions.corestats.CoreStats',
 'scrapy.extensions.telnet.TelnetConsole']
2017-06-14 09:57:20 [scrapy.middleware] INFO: Enabled downloader middlewares:
['scrapy.downloadermiddlewares.robotstxt.RobotsTxtMiddleware',
 'scrapy.downloadermiddlewares.httpauth.HttpAuthMiddleware',
 'scrapy.downloadermiddlewares.downloadtimeout.DownloadTimeoutMiddleware',
 'scrapy.downloadermiddlewares.defaultheaders.DefaultHeadersMiddleware',
 'scrapy.downloadermiddlewares.useragent.UserAgentMiddleware',
 'scrapy.downloadermiddlewares.retry.RetryMiddleware',
 'scrapy.downloadermiddlewares.redirect.MetaRefreshMiddleware',
 'scrapy.downloadermiddlewares.httpcompression.HttpCompressionMiddleware',
 'scrapy.downloadermiddlewares.redirect.RedirectMiddleware',
 'scrapy.downloadermiddlewares.cookies.CookiesMiddleware',
 'scrapy.downloadermiddlewares.httpproxy.HttpProxyMiddleware',
 'scrapy.downloadermiddlewares.stats.DownloaderStats']
2017-06-14 09:57:20 [scrapy.middleware] INFO: Enabled spider middlewares:
['scrapy.spidermiddlewares.httperror.HttpErrorMiddleware',
 'scrapy.spidermiddlewares.offsite.OffsiteMiddleware',
 'scrapy.spidermiddlewares.referer.RefererMiddleware',
 'scrapy.spidermiddlewares.urllength.UrlLengthMiddleware',
 'scrapy.spidermiddlewares.depth.DepthMiddleware']
2017-06-14 09:57:20 [scrapy.middleware] INFO: Enabled item pipelines:
[]
2017-06-14 09:57:20 [scrapy.core.engine] INFO: Spider opened
2017-06-14 09:57:20 [scrapy.extensions.logstats] INFO: Crawled 0 pages (at 0 pages/min), scraped 0 items (at 0 items/min)
2017-06-14 09:57:20 [scrapy.extensions.telnet] DEBUG: Telnet console listening on 127.0.0.1:6023
2017-06-14 09:57:20 [scrapy.core.engine] DEBUG: Crawled (200) <GET http://www.dictionary.com/robots.txt> (referer: None)
2017-06-14 09:57:20 [scrapy.core.engine] DEBUG: Crawled (200) <GET http://www.dictionary.com/browse/acknowledgement?s=ts> (referer: None)
2017-06-14 09:57:20 [scrapy.core.scraper] ERROR: Spider error processing <GET http://www.dictionary.com/browse/acknowledgement?s=ts> (referer: None)
Traceback (most recent call last):
  File "/usr/local/lib/python3.5/dist-packages/twisted/internet/defer.py", line 653, in _runCallbacks
    current.result = callback(current.result, *args, **kw)
  File "/home/paras/CodingProjects/SpeechWork/SpeechWork/spiders/meaning_spider.py", line 27, in parse
    content = div_tag.css('[descendant-or-self::text()]')
  File "/usr/local/lib/python3.5/dist-packages/parsel/selector.py", line 246, in css
    return self.xpath(self._css2xpath(query))
  File "/usr/local/lib/python3.5/dist-packages/parsel/selector.py", line 249, in _css2xpath
    return self._csstranslator.css_to_xpath(query)
  File "/usr/local/lib/python3.5/dist-packages/cssselect/xpath.py", line 192, in css_to_xpath
    for selector in parse(css))
  File "/usr/local/lib/python3.5/dist-packages/cssselect/parser.py", line 355, in parse
    return list(parse_selector_group(stream))
  File "/usr/local/lib/python3.5/dist-packages/cssselect/parser.py", line 370, in parse_selector_group
    yield Selector(*parse_selector(stream))
  File "/usr/local/lib/python3.5/dist-packages/cssselect/parser.py", line 378, in parse_selector
    result, pseudo_element = parse_simple_selector(stream)
  File "/usr/local/lib/python3.5/dist-packages/cssselect/parser.py", line 437, in parse_simple_selector
    result = parse_attrib(result, stream)
  File "/usr/local/lib/python3.5/dist-packages/cssselect/parser.py", line 530, in parse_attrib
    "Operator expected, got %s" % (next,))
  File "<string>", line None
cssselect.parser.SelectorSyntaxError: Operator expected, got <DELIM ':' at 19>
2017-06-14 09:57:20 [scrapy.core.engine] INFO: Closing spider (finished)
2017-06-14 09:57:20 [scrapy.statscollectors] INFO: Dumping Scrapy stats:
{'downloader/request_bytes': 530,
 'downloader/request_count': 2,
 'downloader/request_method_count/GET': 2,
 'downloader/response_bytes': 26490,
 'downloader/response_count': 2,
 'downloader/response_status_count/200': 2,
 'finish_reason': 'finished',
 'finish_time': datetime.datetime(2017, 6, 14, 4, 27, 20, 658142),
 'log_count/DEBUG': 3,
 'log_count/ERROR': 1,
 'log_count/INFO': 7,
 'memusage/max': 48402432,
 'memusage/startup': 48402432,
 'response_received_count': 2,
 'scheduler/dequeued': 1,
 'scheduler/dequeued/memory': 1,
 'scheduler/enqueued': 1,
 'scheduler/enqueued/memory': 1,
 'spider_exceptions/SelectorSyntaxError': 1,
 'start_time': datetime.datetime(2017, 6, 14, 4, 27, 20, 29324)}
2017-06-14 09:57:20 [scrapy.core.engine] INFO: Spider closed (finished)
2017-06-14 09:57:30 [scrapy.utils.log] INFO: Scrapy 1.4.0 started (bot: SpeechWork)
2017-06-14 09:57:30 [scrapy.utils.log] INFO: Overridden settings: {'SPIDER_MODULES': ['SpeechWork.spiders'], 'ROBOTSTXT_OBEY': True, 'NEWSPIDER_MODULE': 'SpeechWork.spiders', 'BOT_NAME': 'SpeechWork', 'LOG_FILE': 'scrapy_output.txt'}
2017-06-14 09:57:30 [scrapy.middleware] INFO: Enabled extensions:
['scrapy.extensions.memusage.MemoryUsage',
 'scrapy.extensions.corestats.CoreStats',
 'scrapy.extensions.logstats.LogStats',
 'scrapy.extensions.telnet.TelnetConsole']
2017-06-14 09:57:30 [scrapy.middleware] INFO: Enabled downloader middlewares:
['scrapy.downloadermiddlewares.robotstxt.RobotsTxtMiddleware',
 'scrapy.downloadermiddlewares.httpauth.HttpAuthMiddleware',
 'scrapy.downloadermiddlewares.downloadtimeout.DownloadTimeoutMiddleware',
 'scrapy.downloadermiddlewares.defaultheaders.DefaultHeadersMiddleware',
 'scrapy.downloadermiddlewares.useragent.UserAgentMiddleware',
 'scrapy.downloadermiddlewares.retry.RetryMiddleware',
 'scrapy.downloadermiddlewares.redirect.MetaRefreshMiddleware',
 'scrapy.downloadermiddlewares.httpcompression.HttpCompressionMiddleware',
 'scrapy.downloadermiddlewares.redirect.RedirectMiddleware',
 'scrapy.downloadermiddlewares.cookies.CookiesMiddleware',
 'scrapy.downloadermiddlewares.httpproxy.HttpProxyMiddleware',
 'scrapy.downloadermiddlewares.stats.DownloaderStats']
2017-06-14 09:57:30 [scrapy.middleware] INFO: Enabled spider middlewares:
['scrapy.spidermiddlewares.httperror.HttpErrorMiddleware',
 'scrapy.spidermiddlewares.offsite.OffsiteMiddleware',
 'scrapy.spidermiddlewares.referer.RefererMiddleware',
 'scrapy.spidermiddlewares.urllength.UrlLengthMiddleware',
 'scrapy.spidermiddlewares.depth.DepthMiddleware']
2017-06-14 09:57:30 [scrapy.middleware] INFO: Enabled item pipelines:
[]
2017-06-14 09:57:30 [scrapy.core.engine] INFO: Spider opened
2017-06-14 09:57:30 [scrapy.extensions.logstats] INFO: Crawled 0 pages (at 0 pages/min), scraped 0 items (at 0 items/min)
2017-06-14 09:57:30 [scrapy.extensions.telnet] DEBUG: Telnet console listening on 127.0.0.1:6023
2017-06-14 09:57:30 [scrapy.core.engine] DEBUG: Crawled (200) <GET http://www.dictionary.com/robots.txt> (referer: None)
2017-06-14 09:57:30 [scrapy.core.engine] DEBUG: Crawled (200) <GET http://www.dictionary.com/browse/acknowledgement?s=ts> (referer: None)
2017-06-14 09:57:30 [scrapy.core.scraper] ERROR: Spider error processing <GET http://www.dictionary.com/browse/acknowledgement?s=ts> (referer: None)
Traceback (most recent call last):
  File "/usr/local/lib/python3.5/dist-packages/twisted/internet/defer.py", line 653, in _runCallbacks
    current.result = callback(current.result, *args, **kw)
  File "/home/paras/CodingProjects/SpeechWork/SpeechWork/spiders/meaning_spider.py", line 27, in parse
    content = div_tag.css('/[descendant-or-self::text()]')
  File "/usr/local/lib/python3.5/dist-packages/parsel/selector.py", line 246, in css
    return self.xpath(self._css2xpath(query))
  File "/usr/local/lib/python3.5/dist-packages/parsel/selector.py", line 249, in _css2xpath
    return self._csstranslator.css_to_xpath(query)
  File "/usr/local/lib/python3.5/dist-packages/cssselect/xpath.py", line 192, in css_to_xpath
    for selector in parse(css))
  File "/usr/local/lib/python3.5/dist-packages/cssselect/parser.py", line 355, in parse
    return list(parse_selector_group(stream))
  File "/usr/local/lib/python3.5/dist-packages/cssselect/parser.py", line 370, in parse_selector_group
    yield Selector(*parse_selector(stream))
  File "/usr/local/lib/python3.5/dist-packages/cssselect/parser.py", line 378, in parse_selector
    result, pseudo_element = parse_simple_selector(stream)
  File "/usr/local/lib/python3.5/dist-packages/cssselect/parser.py", line 477, in parse_simple_selector
    "Expected selector, got %s" % (peek,))
  File "<string>", line None
cssselect.parser.SelectorSyntaxError: Expected selector, got <DELIM '/' at 0>
2017-06-14 09:57:30 [scrapy.core.engine] INFO: Closing spider (finished)
2017-06-14 09:57:30 [scrapy.statscollectors] INFO: Dumping Scrapy stats:
{'downloader/request_bytes': 530,
 'downloader/request_count': 2,
 'downloader/request_method_count/GET': 2,
 'downloader/response_bytes': 26490,
 'downloader/response_count': 2,
 'downloader/response_status_count/200': 2,
 'finish_reason': 'finished',
 'finish_time': datetime.datetime(2017, 6, 14, 4, 27, 30, 786989),
 'log_count/DEBUG': 3,
 'log_count/ERROR': 1,
 'log_count/INFO': 7,
 'memusage/max': 48295936,
 'memusage/startup': 48295936,
 'response_received_count': 2,
 'scheduler/dequeued': 1,
 'scheduler/dequeued/memory': 1,
 'scheduler/enqueued': 1,
 'scheduler/enqueued/memory': 1,
 'spider_exceptions/SelectorSyntaxError': 1,
 'start_time': datetime.datetime(2017, 6, 14, 4, 27, 30, 295022)}
2017-06-14 09:57:30 [scrapy.core.engine] INFO: Spider closed (finished)
2017-06-14 09:59:03 [scrapy.utils.log] INFO: Scrapy 1.4.0 started (bot: SpeechWork)
2017-06-14 09:59:03 [scrapy.utils.log] INFO: Overridden settings: {'BOT_NAME': 'SpeechWork', 'ROBOTSTXT_OBEY': True, 'SPIDER_MODULES': ['SpeechWork.spiders'], 'LOG_FILE': 'scrapy_output.txt', 'NEWSPIDER_MODULE': 'SpeechWork.spiders'}
2017-06-14 09:59:03 [scrapy.middleware] INFO: Enabled extensions:
['scrapy.extensions.logstats.LogStats',
 'scrapy.extensions.memusage.MemoryUsage',
 'scrapy.extensions.corestats.CoreStats',
 'scrapy.extensions.telnet.TelnetConsole']
2017-06-14 09:59:03 [scrapy.middleware] INFO: Enabled downloader middlewares:
['scrapy.downloadermiddlewares.robotstxt.RobotsTxtMiddleware',
 'scrapy.downloadermiddlewares.httpauth.HttpAuthMiddleware',
 'scrapy.downloadermiddlewares.downloadtimeout.DownloadTimeoutMiddleware',
 'scrapy.downloadermiddlewares.defaultheaders.DefaultHeadersMiddleware',
 'scrapy.downloadermiddlewares.useragent.UserAgentMiddleware',
 'scrapy.downloadermiddlewares.retry.RetryMiddleware',
 'scrapy.downloadermiddlewares.redirect.MetaRefreshMiddleware',
 'scrapy.downloadermiddlewares.httpcompression.HttpCompressionMiddleware',
 'scrapy.downloadermiddlewares.redirect.RedirectMiddleware',
 'scrapy.downloadermiddlewares.cookies.CookiesMiddleware',
 'scrapy.downloadermiddlewares.httpproxy.HttpProxyMiddleware',
 'scrapy.downloadermiddlewares.stats.DownloaderStats']
2017-06-14 09:59:03 [scrapy.middleware] INFO: Enabled spider middlewares:
['scrapy.spidermiddlewares.httperror.HttpErrorMiddleware',
 'scrapy.spidermiddlewares.offsite.OffsiteMiddleware',
 'scrapy.spidermiddlewares.referer.RefererMiddleware',
 'scrapy.spidermiddlewares.urllength.UrlLengthMiddleware',
 'scrapy.spidermiddlewares.depth.DepthMiddleware']
2017-06-14 09:59:03 [scrapy.middleware] INFO: Enabled item pipelines:
[]
2017-06-14 09:59:03 [scrapy.core.engine] INFO: Spider opened
2017-06-14 09:59:03 [scrapy.extensions.logstats] INFO: Crawled 0 pages (at 0 pages/min), scraped 0 items (at 0 items/min)
2017-06-14 09:59:03 [scrapy.extensions.telnet] DEBUG: Telnet console listening on 127.0.0.1:6023
2017-06-14 09:59:04 [scrapy.core.engine] DEBUG: Crawled (200) <GET http://www.dictionary.com/robots.txt> (referer: None)
2017-06-14 09:59:04 [scrapy.core.engine] DEBUG: Crawled (200) <GET http://www.dictionary.com/browse/acknowledgement?s=ts> (referer: None)
2017-06-14 09:59:04 [scrapy.core.scraper] ERROR: Spider error processing <GET http://www.dictionary.com/browse/acknowledgement?s=ts> (referer: None)
Traceback (most recent call last):
  File "/usr/local/lib/python3.5/dist-packages/twisted/internet/defer.py", line 653, in _runCallbacks
    current.result = callback(current.result, *args, **kw)
  File "/home/paras/CodingProjects/SpeechWork/SpeechWork/spiders/meaning_spider.py", line 27, in parse
    content = "".join(div_tag.css('/[descendant-or-self::text()]'))
  File "/usr/local/lib/python3.5/dist-packages/parsel/selector.py", line 246, in css
    return self.xpath(self._css2xpath(query))
  File "/usr/local/lib/python3.5/dist-packages/parsel/selector.py", line 249, in _css2xpath
    return self._csstranslator.css_to_xpath(query)
  File "/usr/local/lib/python3.5/dist-packages/cssselect/xpath.py", line 192, in css_to_xpath
    for selector in parse(css))
  File "/usr/local/lib/python3.5/dist-packages/cssselect/parser.py", line 355, in parse
    return list(parse_selector_group(stream))
  File "/usr/local/lib/python3.5/dist-packages/cssselect/parser.py", line 370, in parse_selector_group
    yield Selector(*parse_selector(stream))
  File "/usr/local/lib/python3.5/dist-packages/cssselect/parser.py", line 378, in parse_selector
    result, pseudo_element = parse_simple_selector(stream)
  File "/usr/local/lib/python3.5/dist-packages/cssselect/parser.py", line 477, in parse_simple_selector
    "Expected selector, got %s" % (peek,))
  File "<string>", line None
cssselect.parser.SelectorSyntaxError: Expected selector, got <DELIM '/' at 0>
2017-06-14 09:59:04 [scrapy.core.engine] INFO: Closing spider (finished)
2017-06-14 09:59:04 [scrapy.statscollectors] INFO: Dumping Scrapy stats:
{'downloader/request_bytes': 530,
 'downloader/request_count': 2,
 'downloader/request_method_count/GET': 2,
 'downloader/response_bytes': 26490,
 'downloader/response_count': 2,
 'downloader/response_status_count/200': 2,
 'finish_reason': 'finished',
 'finish_time': datetime.datetime(2017, 6, 14, 4, 29, 4, 493360),
 'log_count/DEBUG': 3,
 'log_count/ERROR': 1,
 'log_count/INFO': 7,
 'memusage/max': 48377856,
 'memusage/startup': 48377856,
 'response_received_count': 2,
 'scheduler/dequeued': 1,
 'scheduler/dequeued/memory': 1,
 'scheduler/enqueued': 1,
 'scheduler/enqueued/memory': 1,
 'spider_exceptions/SelectorSyntaxError': 1,
 'start_time': datetime.datetime(2017, 6, 14, 4, 29, 3, 852450)}
2017-06-14 09:59:04 [scrapy.core.engine] INFO: Spider closed (finished)
2017-06-14 10:00:09 [scrapy.utils.log] INFO: Scrapy 1.4.0 started (bot: SpeechWork)
2017-06-14 10:00:09 [scrapy.utils.log] INFO: Overridden settings: {'NEWSPIDER_MODULE': 'SpeechWork.spiders', 'BOT_NAME': 'SpeechWork', 'LOG_FILE': 'scrapy_output.txt', 'ROBOTSTXT_OBEY': True, 'SPIDER_MODULES': ['SpeechWork.spiders']}
2017-06-14 10:00:09 [scrapy.middleware] INFO: Enabled extensions:
['scrapy.extensions.memusage.MemoryUsage',
 'scrapy.extensions.logstats.LogStats',
 'scrapy.extensions.corestats.CoreStats',
 'scrapy.extensions.telnet.TelnetConsole']
2017-06-14 10:00:09 [scrapy.middleware] INFO: Enabled downloader middlewares:
['scrapy.downloadermiddlewares.robotstxt.RobotsTxtMiddleware',
 'scrapy.downloadermiddlewares.httpauth.HttpAuthMiddleware',
 'scrapy.downloadermiddlewares.downloadtimeout.DownloadTimeoutMiddleware',
 'scrapy.downloadermiddlewares.defaultheaders.DefaultHeadersMiddleware',
 'scrapy.downloadermiddlewares.useragent.UserAgentMiddleware',
 'scrapy.downloadermiddlewares.retry.RetryMiddleware',
 'scrapy.downloadermiddlewares.redirect.MetaRefreshMiddleware',
 'scrapy.downloadermiddlewares.httpcompression.HttpCompressionMiddleware',
 'scrapy.downloadermiddlewares.redirect.RedirectMiddleware',
 'scrapy.downloadermiddlewares.cookies.CookiesMiddleware',
 'scrapy.downloadermiddlewares.httpproxy.HttpProxyMiddleware',
 'scrapy.downloadermiddlewares.stats.DownloaderStats']
2017-06-14 10:00:09 [scrapy.middleware] INFO: Enabled spider middlewares:
['scrapy.spidermiddlewares.httperror.HttpErrorMiddleware',
 'scrapy.spidermiddlewares.offsite.OffsiteMiddleware',
 'scrapy.spidermiddlewares.referer.RefererMiddleware',
 'scrapy.spidermiddlewares.urllength.UrlLengthMiddleware',
 'scrapy.spidermiddlewares.depth.DepthMiddleware']
2017-06-14 10:00:09 [scrapy.middleware] INFO: Enabled item pipelines:
[]
2017-06-14 10:00:09 [scrapy.core.engine] INFO: Spider opened
2017-06-14 10:00:09 [scrapy.extensions.logstats] INFO: Crawled 0 pages (at 0 pages/min), scraped 0 items (at 0 items/min)
2017-06-14 10:00:09 [scrapy.extensions.telnet] DEBUG: Telnet console listening on 127.0.0.1:6023
2017-06-14 10:00:09 [scrapy.core.engine] DEBUG: Crawled (200) <GET http://www.dictionary.com/robots.txt> (referer: None)
2017-06-14 10:00:09 [scrapy.core.engine] DEBUG: Crawled (200) <GET http://www.dictionary.com/browse/acknowledgement?s=ts> (referer: None)
2017-06-14 10:00:09 [scrapy.core.scraper] ERROR: Spider error processing <GET http://www.dictionary.com/browse/acknowledgement?s=ts> (referer: None)
Traceback (most recent call last):
  File "/usr/local/lib/python3.5/dist-packages/parsel/selector.py", line 222, in xpath
    **kwargs)
  File "src/lxml/lxml.etree.pyx", line 1587, in lxml.etree._Element.xpath (src/lxml/lxml.etree.c:59369)
  File "src/lxml/xpath.pxi", line 307, in lxml.etree.XPathElementEvaluator.__call__ (src/lxml/lxml.etree.c:171249)
  File "src/lxml/xpath.pxi", line 227, in lxml.etree._XPathEvaluatorBase._handle_result (src/lxml/lxml.etree.c:170206)
lxml.etree.XPathEvalError: Invalid expression

During handling of the above exception, another exception occurred:

Traceback (most recent call last):
  File "/usr/local/lib/python3.5/dist-packages/twisted/internet/defer.py", line 653, in _runCallbacks
    current.result = callback(current.result, *args, **kw)
  File "/home/paras/CodingProjects/SpeechWork/SpeechWork/spiders/meaning_spider.py", line 27, in parse
    content = "".join(div_tag.xpath('/[descendant-or-self::text()]'))
  File "/usr/local/lib/python3.5/dist-packages/parsel/selector.py", line 226, in xpath
    six.reraise(ValueError, ValueError(msg), sys.exc_info()[2])
  File "/home/paras/.local/lib/python3.5/site-packages/six.py", line 685, in reraise
    raise value.with_traceback(tb)
  File "/usr/local/lib/python3.5/dist-packages/parsel/selector.py", line 222, in xpath
    **kwargs)
  File "src/lxml/lxml.etree.pyx", line 1587, in lxml.etree._Element.xpath (src/lxml/lxml.etree.c:59369)
  File "src/lxml/xpath.pxi", line 307, in lxml.etree.XPathElementEvaluator.__call__ (src/lxml/lxml.etree.c:171249)
  File "src/lxml/xpath.pxi", line 227, in lxml.etree._XPathEvaluatorBase._handle_result (src/lxml/lxml.etree.c:170206)
ValueError: XPath error: Invalid expression in /[descendant-or-self::text()]
2017-06-14 10:00:09 [scrapy.core.engine] INFO: Closing spider (finished)
2017-06-14 10:00:09 [scrapy.statscollectors] INFO: Dumping Scrapy stats:
{'downloader/request_bytes': 530,
 'downloader/request_count': 2,
 'downloader/request_method_count/GET': 2,
 'downloader/response_bytes': 26490,
 'downloader/response_count': 2,
 'downloader/response_status_count/200': 2,
 'finish_reason': 'finished',
 'finish_time': datetime.datetime(2017, 6, 14, 4, 30, 9, 961768),
 'log_count/DEBUG': 3,
 'log_count/ERROR': 1,
 'log_count/INFO': 7,
 'memusage/max': 48472064,
 'memusage/startup': 48472064,
 'response_received_count': 2,
 'scheduler/dequeued': 1,
 'scheduler/dequeued/memory': 1,
 'scheduler/enqueued': 1,
 'scheduler/enqueued/memory': 1,
 'spider_exceptions/ValueError': 1,
 'start_time': datetime.datetime(2017, 6, 14, 4, 30, 9, 301985)}
2017-06-14 10:00:09 [scrapy.core.engine] INFO: Spider closed (finished)
2017-06-14 10:00:25 [scrapy.utils.log] INFO: Scrapy 1.4.0 started (bot: SpeechWork)
2017-06-14 10:00:25 [scrapy.utils.log] INFO: Overridden settings: {'ROBOTSTXT_OBEY': True, 'SPIDER_MODULES': ['SpeechWork.spiders'], 'NEWSPIDER_MODULE': 'SpeechWork.spiders', 'BOT_NAME': 'SpeechWork', 'LOG_FILE': 'scrapy_output.txt'}
2017-06-14 10:00:25 [scrapy.middleware] INFO: Enabled extensions:
['scrapy.extensions.logstats.LogStats',
 'scrapy.extensions.telnet.TelnetConsole',
 'scrapy.extensions.corestats.CoreStats',
 'scrapy.extensions.memusage.MemoryUsage']
2017-06-14 10:00:25 [scrapy.middleware] INFO: Enabled downloader middlewares:
['scrapy.downloadermiddlewares.robotstxt.RobotsTxtMiddleware',
 'scrapy.downloadermiddlewares.httpauth.HttpAuthMiddleware',
 'scrapy.downloadermiddlewares.downloadtimeout.DownloadTimeoutMiddleware',
 'scrapy.downloadermiddlewares.defaultheaders.DefaultHeadersMiddleware',
 'scrapy.downloadermiddlewares.useragent.UserAgentMiddleware',
 'scrapy.downloadermiddlewares.retry.RetryMiddleware',
 'scrapy.downloadermiddlewares.redirect.MetaRefreshMiddleware',
 'scrapy.downloadermiddlewares.httpcompression.HttpCompressionMiddleware',
 'scrapy.downloadermiddlewares.redirect.RedirectMiddleware',
 'scrapy.downloadermiddlewares.cookies.CookiesMiddleware',
 'scrapy.downloadermiddlewares.httpproxy.HttpProxyMiddleware',
 'scrapy.downloadermiddlewares.stats.DownloaderStats']
2017-06-14 10:00:25 [scrapy.middleware] INFO: Enabled spider middlewares:
['scrapy.spidermiddlewares.httperror.HttpErrorMiddleware',
 'scrapy.spidermiddlewares.offsite.OffsiteMiddleware',
 'scrapy.spidermiddlewares.referer.RefererMiddleware',
 'scrapy.spidermiddlewares.urllength.UrlLengthMiddleware',
 'scrapy.spidermiddlewares.depth.DepthMiddleware']
2017-06-14 10:00:25 [scrapy.middleware] INFO: Enabled item pipelines:
[]
2017-06-14 10:00:25 [scrapy.core.engine] INFO: Spider opened
2017-06-14 10:00:25 [scrapy.extensions.logstats] INFO: Crawled 0 pages (at 0 pages/min), scraped 0 items (at 0 items/min)
2017-06-14 10:00:25 [scrapy.extensions.telnet] DEBUG: Telnet console listening on 127.0.0.1:6023
2017-06-14 10:00:25 [scrapy.core.engine] DEBUG: Crawled (200) <GET http://www.dictionary.com/robots.txt> (referer: None)
2017-06-14 10:00:25 [scrapy.core.engine] DEBUG: Crawled (200) <GET http://www.dictionary.com/browse/acknowledgement?s=ts> (referer: None)
2017-06-14 10:00:25 [scrapy.core.scraper] ERROR: Spider error processing <GET http://www.dictionary.com/browse/acknowledgement?s=ts> (referer: None)
Traceback (most recent call last):
  File "/usr/local/lib/python3.5/dist-packages/parsel/selector.py", line 222, in xpath
    **kwargs)
  File "src/lxml/lxml.etree.pyx", line 1587, in lxml.etree._Element.xpath (src/lxml/lxml.etree.c:59369)
  File "src/lxml/xpath.pxi", line 307, in lxml.etree.XPathElementEvaluator.__call__ (src/lxml/lxml.etree.c:171249)
  File "src/lxml/xpath.pxi", line 227, in lxml.etree._XPathEvaluatorBase._handle_result (src/lxml/lxml.etree.c:170206)
lxml.etree.XPathEvalError: Invalid expression

During handling of the above exception, another exception occurred:

Traceback (most recent call last):
  File "/usr/local/lib/python3.5/dist-packages/twisted/internet/defer.py", line 653, in _runCallbacks
    current.result = callback(current.result, *args, **kw)
  File "/home/paras/CodingProjects/SpeechWork/SpeechWork/spiders/meaning_spider.py", line 27, in parse
    content = "".join(div_tag.xpath('/[descendant-or-self::text()]'))
  File "/usr/local/lib/python3.5/dist-packages/parsel/selector.py", line 226, in xpath
    six.reraise(ValueError, ValueError(msg), sys.exc_info()[2])
  File "/home/paras/.local/lib/python3.5/site-packages/six.py", line 685, in reraise
    raise value.with_traceback(tb)
  File "/usr/local/lib/python3.5/dist-packages/parsel/selector.py", line 222, in xpath
    **kwargs)
  File "src/lxml/lxml.etree.pyx", line 1587, in lxml.etree._Element.xpath (src/lxml/lxml.etree.c:59369)
  File "src/lxml/xpath.pxi", line 307, in lxml.etree.XPathElementEvaluator.__call__ (src/lxml/lxml.etree.c:171249)
  File "src/lxml/xpath.pxi", line 227, in lxml.etree._XPathEvaluatorBase._handle_result (src/lxml/lxml.etree.c:170206)
ValueError: XPath error: Invalid expression in /[descendant-or-self::text()]
2017-06-14 10:00:25 [scrapy.core.engine] INFO: Closing spider (finished)
2017-06-14 10:00:25 [scrapy.statscollectors] INFO: Dumping Scrapy stats:
{'downloader/request_bytes': 530,
 'downloader/request_count': 2,
 'downloader/request_method_count/GET': 2,
 'downloader/response_bytes': 26490,
 'downloader/response_count': 2,
 'downloader/response_status_count/200': 2,
 'finish_reason': 'finished',
 'finish_time': datetime.datetime(2017, 6, 14, 4, 30, 25, 987810),
 'log_count/DEBUG': 3,
 'log_count/ERROR': 1,
 'log_count/INFO': 7,
 'memusage/max': 48390144,
 'memusage/startup': 48390144,
 'response_received_count': 2,
 'scheduler/dequeued': 1,
 'scheduler/dequeued/memory': 1,
 'scheduler/enqueued': 1,
 'scheduler/enqueued/memory': 1,
 'spider_exceptions/ValueError': 1,
 'start_time': datetime.datetime(2017, 6, 14, 4, 30, 25, 434016)}
2017-06-14 10:00:25 [scrapy.core.engine] INFO: Spider closed (finished)
2017-06-14 10:00:48 [scrapy.utils.log] INFO: Scrapy 1.4.0 started (bot: SpeechWork)
2017-06-14 10:00:48 [scrapy.utils.log] INFO: Overridden settings: {'LOG_FILE': 'scrapy_output.txt', 'NEWSPIDER_MODULE': 'SpeechWork.spiders', 'ROBOTSTXT_OBEY': True, 'BOT_NAME': 'SpeechWork', 'SPIDER_MODULES': ['SpeechWork.spiders']}
2017-06-14 10:00:48 [scrapy.middleware] INFO: Enabled extensions:
['scrapy.extensions.memusage.MemoryUsage',
 'scrapy.extensions.corestats.CoreStats',
 'scrapy.extensions.logstats.LogStats',
 'scrapy.extensions.telnet.TelnetConsole']
2017-06-14 10:00:48 [scrapy.middleware] INFO: Enabled downloader middlewares:
['scrapy.downloadermiddlewares.robotstxt.RobotsTxtMiddleware',
 'scrapy.downloadermiddlewares.httpauth.HttpAuthMiddleware',
 'scrapy.downloadermiddlewares.downloadtimeout.DownloadTimeoutMiddleware',
 'scrapy.downloadermiddlewares.defaultheaders.DefaultHeadersMiddleware',
 'scrapy.downloadermiddlewares.useragent.UserAgentMiddleware',
 'scrapy.downloadermiddlewares.retry.RetryMiddleware',
 'scrapy.downloadermiddlewares.redirect.MetaRefreshMiddleware',
 'scrapy.downloadermiddlewares.httpcompression.HttpCompressionMiddleware',
 'scrapy.downloadermiddlewares.redirect.RedirectMiddleware',
 'scrapy.downloadermiddlewares.cookies.CookiesMiddleware',
 'scrapy.downloadermiddlewares.httpproxy.HttpProxyMiddleware',
 'scrapy.downloadermiddlewares.stats.DownloaderStats']
2017-06-14 10:00:48 [scrapy.middleware] INFO: Enabled spider middlewares:
['scrapy.spidermiddlewares.httperror.HttpErrorMiddleware',
 'scrapy.spidermiddlewares.offsite.OffsiteMiddleware',
 'scrapy.spidermiddlewares.referer.RefererMiddleware',
 'scrapy.spidermiddlewares.urllength.UrlLengthMiddleware',
 'scrapy.spidermiddlewares.depth.DepthMiddleware']
2017-06-14 10:00:48 [scrapy.middleware] INFO: Enabled item pipelines:
[]
2017-06-14 10:00:48 [scrapy.core.engine] INFO: Spider opened
2017-06-14 10:00:48 [scrapy.extensions.logstats] INFO: Crawled 0 pages (at 0 pages/min), scraped 0 items (at 0 items/min)
2017-06-14 10:00:48 [scrapy.extensions.telnet] DEBUG: Telnet console listening on 127.0.0.1:6023
2017-06-14 10:00:49 [scrapy.core.engine] DEBUG: Crawled (200) <GET http://www.dictionary.com/robots.txt> (referer: None)
2017-06-14 10:00:49 [scrapy.core.engine] DEBUG: Crawled (200) <GET http://www.dictionary.com/browse/acknowledgement?s=ts> (referer: None)
2017-06-14 10:00:49 [scrapy.core.scraper] ERROR: Spider error processing <GET http://www.dictionary.com/browse/acknowledgement?s=ts> (referer: None)
Traceback (most recent call last):
  File "/usr/local/lib/python3.5/dist-packages/parsel/selector.py", line 222, in xpath
    **kwargs)
  File "src/lxml/lxml.etree.pyx", line 1587, in lxml.etree._Element.xpath (src/lxml/lxml.etree.c:59369)
  File "src/lxml/xpath.pxi", line 307, in lxml.etree.XPathElementEvaluator.__call__ (src/lxml/lxml.etree.c:171249)
  File "src/lxml/xpath.pxi", line 227, in lxml.etree._XPathEvaluatorBase._handle_result (src/lxml/lxml.etree.c:170206)
lxml.etree.XPathEvalError: Invalid expression

During handling of the above exception, another exception occurred:

Traceback (most recent call last):
  File "/usr/local/lib/python3.5/dist-packages/twisted/internet/defer.py", line 653, in _runCallbacks
    current.result = callback(current.result, *args, **kw)
  File "/home/paras/CodingProjects/SpeechWork/SpeechWork/spiders/meaning_spider.py", line 27, in parse
    content = "".join(div_tag.xpath('/[descendant-or-self::text()]'))
  File "/usr/local/lib/python3.5/dist-packages/parsel/selector.py", line 226, in xpath
    six.reraise(ValueError, ValueError(msg), sys.exc_info()[2])
  File "/home/paras/.local/lib/python3.5/site-packages/six.py", line 685, in reraise
    raise value.with_traceback(tb)
  File "/usr/local/lib/python3.5/dist-packages/parsel/selector.py", line 222, in xpath
    **kwargs)
  File "src/lxml/lxml.etree.pyx", line 1587, in lxml.etree._Element.xpath (src/lxml/lxml.etree.c:59369)
  File "src/lxml/xpath.pxi", line 307, in lxml.etree.XPathElementEvaluator.__call__ (src/lxml/lxml.etree.c:171249)
  File "src/lxml/xpath.pxi", line 227, in lxml.etree._XPathEvaluatorBase._handle_result (src/lxml/lxml.etree.c:170206)
ValueError: XPath error: Invalid expression in /[descendant-or-self::text()]
2017-06-14 10:00:49 [scrapy.core.engine] INFO: Closing spider (finished)
2017-06-14 10:00:49 [scrapy.statscollectors] INFO: Dumping Scrapy stats:
{'downloader/request_bytes': 529,
 'downloader/request_count': 2,
 'downloader/request_method_count/GET': 2,
 'downloader/response_bytes': 27082,
 'downloader/response_count': 2,
 'downloader/response_status_count/200': 2,
 'finish_reason': 'finished',
 'finish_time': datetime.datetime(2017, 6, 14, 4, 30, 49, 955154),
 'log_count/DEBUG': 3,
 'log_count/ERROR': 1,
 'log_count/INFO': 7,
 'memusage/max': 48373760,
 'memusage/startup': 48373760,
 'response_received_count': 2,
 'scheduler/dequeued': 1,
 'scheduler/dequeued/memory': 1,
 'scheduler/enqueued': 1,
 'scheduler/enqueued/memory': 1,
 'spider_exceptions/ValueError': 1,
 'start_time': datetime.datetime(2017, 6, 14, 4, 30, 48, 934824)}
2017-06-14 10:00:49 [scrapy.core.engine] INFO: Spider closed (finished)
2017-06-14 10:01:02 [scrapy.utils.log] INFO: Scrapy 1.4.0 started (bot: SpeechWork)
2017-06-14 10:01:02 [scrapy.utils.log] INFO: Overridden settings: {'NEWSPIDER_MODULE': 'SpeechWork.spiders', 'ROBOTSTXT_OBEY': True, 'LOG_FILE': 'scrapy_output.txt', 'SPIDER_MODULES': ['SpeechWork.spiders'], 'BOT_NAME': 'SpeechWork'}
2017-06-14 10:01:02 [scrapy.middleware] INFO: Enabled extensions:
['scrapy.extensions.corestats.CoreStats',
 'scrapy.extensions.telnet.TelnetConsole',
 'scrapy.extensions.memusage.MemoryUsage',
 'scrapy.extensions.logstats.LogStats']
2017-06-14 10:01:02 [scrapy.middleware] INFO: Enabled downloader middlewares:
['scrapy.downloadermiddlewares.robotstxt.RobotsTxtMiddleware',
 'scrapy.downloadermiddlewares.httpauth.HttpAuthMiddleware',
 'scrapy.downloadermiddlewares.downloadtimeout.DownloadTimeoutMiddleware',
 'scrapy.downloadermiddlewares.defaultheaders.DefaultHeadersMiddleware',
 'scrapy.downloadermiddlewares.useragent.UserAgentMiddleware',
 'scrapy.downloadermiddlewares.retry.RetryMiddleware',
 'scrapy.downloadermiddlewares.redirect.MetaRefreshMiddleware',
 'scrapy.downloadermiddlewares.httpcompression.HttpCompressionMiddleware',
 'scrapy.downloadermiddlewares.redirect.RedirectMiddleware',
 'scrapy.downloadermiddlewares.cookies.CookiesMiddleware',
 'scrapy.downloadermiddlewares.httpproxy.HttpProxyMiddleware',
 'scrapy.downloadermiddlewares.stats.DownloaderStats']
2017-06-14 10:01:02 [scrapy.middleware] INFO: Enabled spider middlewares:
['scrapy.spidermiddlewares.httperror.HttpErrorMiddleware',
 'scrapy.spidermiddlewares.offsite.OffsiteMiddleware',
 'scrapy.spidermiddlewares.referer.RefererMiddleware',
 'scrapy.spidermiddlewares.urllength.UrlLengthMiddleware',
 'scrapy.spidermiddlewares.depth.DepthMiddleware']
2017-06-14 10:01:02 [scrapy.middleware] INFO: Enabled item pipelines:
[]
2017-06-14 10:01:02 [scrapy.core.engine] INFO: Spider opened
2017-06-14 10:01:02 [scrapy.extensions.logstats] INFO: Crawled 0 pages (at 0 pages/min), scraped 0 items (at 0 items/min)
2017-06-14 10:01:02 [scrapy.extensions.telnet] DEBUG: Telnet console listening on 127.0.0.1:6023
2017-06-14 10:01:05 [scrapy.core.engine] DEBUG: Crawled (200) <GET http://www.dictionary.com/robots.txt> (referer: None)
2017-06-14 10:01:05 [scrapy.core.engine] DEBUG: Crawled (200) <GET http://www.dictionary.com/browse/acknowledgement?s=ts> (referer: None)
2017-06-14 10:01:06 [scrapy.core.scraper] ERROR: Spider error processing <GET http://www.dictionary.com/browse/acknowledgement?s=ts> (referer: None)
Traceback (most recent call last):
  File "/usr/local/lib/python3.5/dist-packages/parsel/selector.py", line 222, in xpath
    **kwargs)
  File "src/lxml/lxml.etree.pyx", line 1587, in lxml.etree._Element.xpath (src/lxml/lxml.etree.c:59369)
  File "src/lxml/xpath.pxi", line 307, in lxml.etree.XPathElementEvaluator.__call__ (src/lxml/lxml.etree.c:171249)
  File "src/lxml/xpath.pxi", line 227, in lxml.etree._XPathEvaluatorBase._handle_result (src/lxml/lxml.etree.c:170206)
lxml.etree.XPathEvalError: Invalid expression

During handling of the above exception, another exception occurred:

Traceback (most recent call last):
  File "/usr/local/lib/python3.5/dist-packages/twisted/internet/defer.py", line 653, in _runCallbacks
    current.result = callback(current.result, *args, **kw)
  File "/home/paras/CodingProjects/SpeechWork/SpeechWork/spiders/meaning_spider.py", line 27, in parse
    content = "".join(div_tag.xpath('/[descendant-or-self::text()]'))
  File "/usr/local/lib/python3.5/dist-packages/parsel/selector.py", line 226, in xpath
    six.reraise(ValueError, ValueError(msg), sys.exc_info()[2])
  File "/home/paras/.local/lib/python3.5/site-packages/six.py", line 685, in reraise
    raise value.with_traceback(tb)
  File "/usr/local/lib/python3.5/dist-packages/parsel/selector.py", line 222, in xpath
    **kwargs)
  File "src/lxml/lxml.etree.pyx", line 1587, in lxml.etree._Element.xpath (src/lxml/lxml.etree.c:59369)
  File "src/lxml/xpath.pxi", line 307, in lxml.etree.XPathElementEvaluator.__call__ (src/lxml/lxml.etree.c:171249)
  File "src/lxml/xpath.pxi", line 227, in lxml.etree._XPathEvaluatorBase._handle_result (src/lxml/lxml.etree.c:170206)
ValueError: XPath error: Invalid expression in /[descendant-or-self::text()]
2017-06-14 10:01:06 [scrapy.core.engine] INFO: Closing spider (finished)
2017-06-14 10:01:06 [scrapy.statscollectors] INFO: Dumping Scrapy stats:
{'downloader/request_bytes': 530,
 'downloader/request_count': 2,
 'downloader/request_method_count/GET': 2,
 'downloader/response_bytes': 26490,
 'downloader/response_count': 2,
 'downloader/response_status_count/200': 2,
 'finish_reason': 'finished',
 'finish_time': datetime.datetime(2017, 6, 14, 4, 31, 6, 121189),
 'log_count/DEBUG': 3,
 'log_count/ERROR': 1,
 'log_count/INFO': 7,
 'memusage/max': 48467968,
 'memusage/startup': 48467968,
 'response_received_count': 2,
 'scheduler/dequeued': 1,
 'scheduler/dequeued/memory': 1,
 'scheduler/enqueued': 1,
 'scheduler/enqueued/memory': 1,
 'spider_exceptions/ValueError': 1,
 'start_time': datetime.datetime(2017, 6, 14, 4, 31, 2, 550346)}
2017-06-14 10:01:06 [scrapy.core.engine] INFO: Spider closed (finished)
2017-06-14 10:03:26 [scrapy.utils.log] INFO: Scrapy 1.4.0 started (bot: SpeechWork)
2017-06-14 10:03:26 [scrapy.utils.log] INFO: Overridden settings: {'ROBOTSTXT_OBEY': True, 'BOT_NAME': 'SpeechWork', 'LOG_FILE': 'scrapy_output.txt', 'SPIDER_MODULES': ['SpeechWork.spiders'], 'NEWSPIDER_MODULE': 'SpeechWork.spiders'}
2017-06-14 10:03:26 [scrapy.middleware] INFO: Enabled extensions:
['scrapy.extensions.telnet.TelnetConsole',
 'scrapy.extensions.memusage.MemoryUsage',
 'scrapy.extensions.corestats.CoreStats',
 'scrapy.extensions.logstats.LogStats']
2017-06-14 10:03:26 [scrapy.middleware] INFO: Enabled downloader middlewares:
['scrapy.downloadermiddlewares.robotstxt.RobotsTxtMiddleware',
 'scrapy.downloadermiddlewares.httpauth.HttpAuthMiddleware',
 'scrapy.downloadermiddlewares.downloadtimeout.DownloadTimeoutMiddleware',
 'scrapy.downloadermiddlewares.defaultheaders.DefaultHeadersMiddleware',
 'scrapy.downloadermiddlewares.useragent.UserAgentMiddleware',
 'scrapy.downloadermiddlewares.retry.RetryMiddleware',
 'scrapy.downloadermiddlewares.redirect.MetaRefreshMiddleware',
 'scrapy.downloadermiddlewares.httpcompression.HttpCompressionMiddleware',
 'scrapy.downloadermiddlewares.redirect.RedirectMiddleware',
 'scrapy.downloadermiddlewares.cookies.CookiesMiddleware',
 'scrapy.downloadermiddlewares.httpproxy.HttpProxyMiddleware',
 'scrapy.downloadermiddlewares.stats.DownloaderStats']
2017-06-14 10:03:26 [scrapy.middleware] INFO: Enabled spider middlewares:
['scrapy.spidermiddlewares.httperror.HttpErrorMiddleware',
 'scrapy.spidermiddlewares.offsite.OffsiteMiddleware',
 'scrapy.spidermiddlewares.referer.RefererMiddleware',
 'scrapy.spidermiddlewares.urllength.UrlLengthMiddleware',
 'scrapy.spidermiddlewares.depth.DepthMiddleware']
2017-06-14 10:03:26 [scrapy.middleware] INFO: Enabled item pipelines:
[]
2017-06-14 10:03:26 [scrapy.core.engine] INFO: Spider opened
2017-06-14 10:03:26 [scrapy.extensions.logstats] INFO: Crawled 0 pages (at 0 pages/min), scraped 0 items (at 0 items/min)
2017-06-14 10:03:26 [scrapy.extensions.telnet] DEBUG: Telnet console listening on 127.0.0.1:6023
2017-06-14 10:03:27 [scrapy.core.engine] DEBUG: Crawled (200) <GET http://www.dictionary.com/robots.txt> (referer: None)
2017-06-14 10:03:27 [scrapy.core.engine] DEBUG: Crawled (200) <GET http://www.dictionary.com/browse/acknowledgement?s=ts> (referer: None)
2017-06-14 10:03:27 [dictionary.com] DEBUG: Saved file meaning-acknowledgement.html
2017-06-14 10:03:27 [scrapy.core.engine] INFO: Closing spider (finished)
2017-06-14 10:03:27 [scrapy.statscollectors] INFO: Dumping Scrapy stats:
{'downloader/request_bytes': 530,
 'downloader/request_count': 2,
 'downloader/request_method_count/GET': 2,
 'downloader/response_bytes': 26490,
 'downloader/response_count': 2,
 'downloader/response_status_count/200': 2,
 'finish_reason': 'finished',
 'finish_time': datetime.datetime(2017, 6, 14, 4, 33, 27, 398776),
 'log_count/DEBUG': 4,
 'log_count/INFO': 7,
 'memusage/max': 48529408,
 'memusage/startup': 48529408,
 'response_received_count': 2,
 'scheduler/dequeued': 1,
 'scheduler/dequeued/memory': 1,
 'scheduler/enqueued': 1,
 'scheduler/enqueued/memory': 1,
 'start_time': datetime.datetime(2017, 6, 14, 4, 33, 26, 843857)}
2017-06-14 10:03:27 [scrapy.core.engine] INFO: Spider closed (finished)
2017-06-14 10:04:32 [scrapy.utils.log] INFO: Scrapy 1.4.0 started (bot: SpeechWork)
2017-06-14 10:04:32 [scrapy.utils.log] INFO: Overridden settings: {'SPIDER_MODULES': ['SpeechWork.spiders'], 'ROBOTSTXT_OBEY': True, 'LOG_FILE': 'scrapy_output.txt', 'BOT_NAME': 'SpeechWork', 'NEWSPIDER_MODULE': 'SpeechWork.spiders'}
2017-06-14 10:04:32 [scrapy.middleware] INFO: Enabled extensions:
['scrapy.extensions.memusage.MemoryUsage',
 'scrapy.extensions.telnet.TelnetConsole',
 'scrapy.extensions.logstats.LogStats',
 'scrapy.extensions.corestats.CoreStats']
2017-06-14 10:04:32 [scrapy.middleware] INFO: Enabled downloader middlewares:
['scrapy.downloadermiddlewares.robotstxt.RobotsTxtMiddleware',
 'scrapy.downloadermiddlewares.httpauth.HttpAuthMiddleware',
 'scrapy.downloadermiddlewares.downloadtimeout.DownloadTimeoutMiddleware',
 'scrapy.downloadermiddlewares.defaultheaders.DefaultHeadersMiddleware',
 'scrapy.downloadermiddlewares.useragent.UserAgentMiddleware',
 'scrapy.downloadermiddlewares.retry.RetryMiddleware',
 'scrapy.downloadermiddlewares.redirect.MetaRefreshMiddleware',
 'scrapy.downloadermiddlewares.httpcompression.HttpCompressionMiddleware',
 'scrapy.downloadermiddlewares.redirect.RedirectMiddleware',
 'scrapy.downloadermiddlewares.cookies.CookiesMiddleware',
 'scrapy.downloadermiddlewares.httpproxy.HttpProxyMiddleware',
 'scrapy.downloadermiddlewares.stats.DownloaderStats']
2017-06-14 10:04:32 [scrapy.middleware] INFO: Enabled spider middlewares:
['scrapy.spidermiddlewares.httperror.HttpErrorMiddleware',
 'scrapy.spidermiddlewares.offsite.OffsiteMiddleware',
 'scrapy.spidermiddlewares.referer.RefererMiddleware',
 'scrapy.spidermiddlewares.urllength.UrlLengthMiddleware',
 'scrapy.spidermiddlewares.depth.DepthMiddleware']
2017-06-14 10:04:32 [scrapy.middleware] INFO: Enabled item pipelines:
[]
2017-06-14 10:04:32 [scrapy.core.engine] INFO: Spider opened
2017-06-14 10:04:32 [scrapy.extensions.logstats] INFO: Crawled 0 pages (at 0 pages/min), scraped 0 items (at 0 items/min)
2017-06-14 10:04:32 [scrapy.extensions.telnet] DEBUG: Telnet console listening on 127.0.0.1:6023
2017-06-14 10:04:32 [scrapy.core.engine] DEBUG: Crawled (200) <GET http://www.dictionary.com/robots.txt> (referer: None)
2017-06-14 10:04:32 [scrapy.core.engine] DEBUG: Crawled (200) <GET http://www.dictionary.com/browse/acknowledgement?s=ts> (referer: None)
2017-06-14 10:04:32 [dictionary.com] DEBUG: Saved file meaning-acknowledgement.html
2017-06-14 10:04:32 [scrapy.core.engine] INFO: Closing spider (finished)
2017-06-14 10:04:32 [scrapy.statscollectors] INFO: Dumping Scrapy stats:
{'downloader/request_bytes': 530,
 'downloader/request_count': 2,
 'downloader/request_method_count/GET': 2,
 'downloader/response_bytes': 26490,
 'downloader/response_count': 2,
 'downloader/response_status_count/200': 2,
 'finish_reason': 'finished',
 'finish_time': datetime.datetime(2017, 6, 14, 4, 34, 32, 863027),
 'log_count/DEBUG': 4,
 'log_count/INFO': 7,
 'memusage/max': 48377856,
 'memusage/startup': 48377856,
 'response_received_count': 2,
 'scheduler/dequeued': 1,
 'scheduler/dequeued/memory': 1,
 'scheduler/enqueued': 1,
 'scheduler/enqueued/memory': 1,
 'start_time': datetime.datetime(2017, 6, 14, 4, 34, 32, 280877)}
2017-06-14 10:04:32 [scrapy.core.engine] INFO: Spider closed (finished)
2017-06-14 10:05:15 [scrapy.utils.log] INFO: Scrapy 1.4.0 started (bot: SpeechWork)
2017-06-14 10:05:15 [scrapy.utils.log] INFO: Overridden settings: {'ROBOTSTXT_OBEY': True, 'NEWSPIDER_MODULE': 'SpeechWork.spiders', 'LOG_FILE': 'scrapy_output.txt', 'SPIDER_MODULES': ['SpeechWork.spiders'], 'BOT_NAME': 'SpeechWork'}
2017-06-14 10:05:15 [scrapy.middleware] INFO: Enabled extensions:
['scrapy.extensions.logstats.LogStats',
 'scrapy.extensions.telnet.TelnetConsole',
 'scrapy.extensions.corestats.CoreStats',
 'scrapy.extensions.memusage.MemoryUsage']
2017-06-14 10:05:15 [scrapy.middleware] INFO: Enabled downloader middlewares:
['scrapy.downloadermiddlewares.robotstxt.RobotsTxtMiddleware',
 'scrapy.downloadermiddlewares.httpauth.HttpAuthMiddleware',
 'scrapy.downloadermiddlewares.downloadtimeout.DownloadTimeoutMiddleware',
 'scrapy.downloadermiddlewares.defaultheaders.DefaultHeadersMiddleware',
 'scrapy.downloadermiddlewares.useragent.UserAgentMiddleware',
 'scrapy.downloadermiddlewares.retry.RetryMiddleware',
 'scrapy.downloadermiddlewares.redirect.MetaRefreshMiddleware',
 'scrapy.downloadermiddlewares.httpcompression.HttpCompressionMiddleware',
 'scrapy.downloadermiddlewares.redirect.RedirectMiddleware',
 'scrapy.downloadermiddlewares.cookies.CookiesMiddleware',
 'scrapy.downloadermiddlewares.httpproxy.HttpProxyMiddleware',
 'scrapy.downloadermiddlewares.stats.DownloaderStats']
2017-06-14 10:05:15 [scrapy.middleware] INFO: Enabled spider middlewares:
['scrapy.spidermiddlewares.httperror.HttpErrorMiddleware',
 'scrapy.spidermiddlewares.offsite.OffsiteMiddleware',
 'scrapy.spidermiddlewares.referer.RefererMiddleware',
 'scrapy.spidermiddlewares.urllength.UrlLengthMiddleware',
 'scrapy.spidermiddlewares.depth.DepthMiddleware']
2017-06-14 10:05:15 [scrapy.middleware] INFO: Enabled item pipelines:
[]
2017-06-14 10:05:15 [scrapy.core.engine] INFO: Spider opened
2017-06-14 10:05:15 [scrapy.extensions.logstats] INFO: Crawled 0 pages (at 0 pages/min), scraped 0 items (at 0 items/min)
2017-06-14 10:05:15 [scrapy.extensions.telnet] DEBUG: Telnet console listening on 127.0.0.1:6023
2017-06-14 10:05:15 [scrapy.core.engine] DEBUG: Crawled (200) <GET http://www.dictionary.com/robots.txt> (referer: None)
2017-06-14 10:05:15 [scrapy.core.engine] DEBUG: Crawled (200) <GET http://www.dictionary.com/browse/acknowledgement?s=ts> (referer: None)
2017-06-14 10:05:16 [scrapy.core.scraper] ERROR: Spider error processing <GET http://www.dictionary.com/browse/acknowledgement?s=ts> (referer: None)
Traceback (most recent call last):
  File "/usr/local/lib/python3.5/dist-packages/twisted/internet/defer.py", line 653, in _runCallbacks
    current.result = callback(current.result, *args, **kw)
  File "/home/paras/CodingProjects/SpeechWork/SpeechWork/spiders/meaning_spider.py", line 35, in parse
    s = s.trim()
AttributeError: 'str' object has no attribute 'trim'
2017-06-14 10:05:16 [scrapy.core.engine] INFO: Closing spider (finished)
2017-06-14 10:05:16 [scrapy.statscollectors] INFO: Dumping Scrapy stats:
{'downloader/request_bytes': 530,
 'downloader/request_count': 2,
 'downloader/request_method_count/GET': 2,
 'downloader/response_bytes': 26490,
 'downloader/response_count': 2,
 'downloader/response_status_count/200': 2,
 'finish_reason': 'finished',
 'finish_time': datetime.datetime(2017, 6, 14, 4, 35, 16, 159265),
 'log_count/DEBUG': 3,
 'log_count/ERROR': 1,
 'log_count/INFO': 7,
 'memusage/max': 48459776,
 'memusage/startup': 48459776,
 'response_received_count': 2,
 'scheduler/dequeued': 1,
 'scheduler/dequeued/memory': 1,
 'scheduler/enqueued': 1,
 'scheduler/enqueued/memory': 1,
 'spider_exceptions/AttributeError': 1,
 'start_time': datetime.datetime(2017, 6, 14, 4, 35, 15, 408860)}
2017-06-14 10:05:16 [scrapy.core.engine] INFO: Spider closed (finished)
2017-06-14 10:05:31 [scrapy.utils.log] INFO: Scrapy 1.4.0 started (bot: SpeechWork)
2017-06-14 10:05:31 [scrapy.utils.log] INFO: Overridden settings: {'SPIDER_MODULES': ['SpeechWork.spiders'], 'ROBOTSTXT_OBEY': True, 'LOG_FILE': 'scrapy_output.txt', 'NEWSPIDER_MODULE': 'SpeechWork.spiders', 'BOT_NAME': 'SpeechWork'}
2017-06-14 10:05:31 [scrapy.middleware] INFO: Enabled extensions:
['scrapy.extensions.logstats.LogStats',
 'scrapy.extensions.memusage.MemoryUsage',
 'scrapy.extensions.corestats.CoreStats',
 'scrapy.extensions.telnet.TelnetConsole']
2017-06-14 10:05:32 [scrapy.middleware] INFO: Enabled downloader middlewares:
['scrapy.downloadermiddlewares.robotstxt.RobotsTxtMiddleware',
 'scrapy.downloadermiddlewares.httpauth.HttpAuthMiddleware',
 'scrapy.downloadermiddlewares.downloadtimeout.DownloadTimeoutMiddleware',
 'scrapy.downloadermiddlewares.defaultheaders.DefaultHeadersMiddleware',
 'scrapy.downloadermiddlewares.useragent.UserAgentMiddleware',
 'scrapy.downloadermiddlewares.retry.RetryMiddleware',
 'scrapy.downloadermiddlewares.redirect.MetaRefreshMiddleware',
 'scrapy.downloadermiddlewares.httpcompression.HttpCompressionMiddleware',
 'scrapy.downloadermiddlewares.redirect.RedirectMiddleware',
 'scrapy.downloadermiddlewares.cookies.CookiesMiddleware',
 'scrapy.downloadermiddlewares.httpproxy.HttpProxyMiddleware',
 'scrapy.downloadermiddlewares.stats.DownloaderStats']
2017-06-14 10:05:32 [scrapy.middleware] INFO: Enabled spider middlewares:
['scrapy.spidermiddlewares.httperror.HttpErrorMiddleware',
 'scrapy.spidermiddlewares.offsite.OffsiteMiddleware',
 'scrapy.spidermiddlewares.referer.RefererMiddleware',
 'scrapy.spidermiddlewares.urllength.UrlLengthMiddleware',
 'scrapy.spidermiddlewares.depth.DepthMiddleware']
2017-06-14 10:05:32 [scrapy.middleware] INFO: Enabled item pipelines:
[]
2017-06-14 10:05:32 [scrapy.core.engine] INFO: Spider opened
2017-06-14 10:05:32 [scrapy.extensions.logstats] INFO: Crawled 0 pages (at 0 pages/min), scraped 0 items (at 0 items/min)
2017-06-14 10:05:32 [scrapy.extensions.telnet] DEBUG: Telnet console listening on 127.0.0.1:6023
2017-06-14 10:05:32 [scrapy.core.engine] DEBUG: Crawled (200) <GET http://www.dictionary.com/robots.txt> (referer: None)
2017-06-14 10:05:32 [scrapy.core.engine] DEBUG: Crawled (200) <GET http://www.dictionary.com/browse/acknowledgement?s=ts> (referer: None)
2017-06-14 10:05:32 [scrapy.core.scraper] ERROR: Spider error processing <GET http://www.dictionary.com/browse/acknowledgement?s=ts> (referer: None)
Traceback (most recent call last):
  File "/usr/local/lib/python3.5/dist-packages/twisted/internet/defer.py", line 653, in _runCallbacks
    current.result = callback(current.result, *args, **kw)
  File "/home/paras/CodingProjects/SpeechWork/SpeechWork/spiders/meaning_spider.py", line 35, in parse
    a = s.trim()
AttributeError: 'str' object has no attribute 'trim'
2017-06-14 10:05:32 [scrapy.core.engine] INFO: Closing spider (finished)
2017-06-14 10:05:32 [scrapy.statscollectors] INFO: Dumping Scrapy stats:
{'downloader/request_bytes': 529,
 'downloader/request_count': 2,
 'downloader/request_method_count/GET': 2,
 'downloader/response_bytes': 26972,
 'downloader/response_count': 2,
 'downloader/response_status_count/200': 2,
 'finish_reason': 'finished',
 'finish_time': datetime.datetime(2017, 6, 14, 4, 35, 32, 531380),
 'log_count/DEBUG': 3,
 'log_count/ERROR': 1,
 'log_count/INFO': 7,
 'memusage/max': 48369664,
 'memusage/startup': 48369664,
 'response_received_count': 2,
 'scheduler/dequeued': 1,
 'scheduler/dequeued/memory': 1,
 'scheduler/enqueued': 1,
 'scheduler/enqueued/memory': 1,
 'spider_exceptions/AttributeError': 1,
 'start_time': datetime.datetime(2017, 6, 14, 4, 35, 32, 32427)}
2017-06-14 10:05:32 [scrapy.core.engine] INFO: Spider closed (finished)
2017-06-14 10:05:49 [scrapy.utils.log] INFO: Scrapy 1.4.0 started (bot: SpeechWork)
2017-06-14 10:05:49 [scrapy.utils.log] INFO: Overridden settings: {'BOT_NAME': 'SpeechWork', 'SPIDER_MODULES': ['SpeechWork.spiders'], 'NEWSPIDER_MODULE': 'SpeechWork.spiders', 'LOG_FILE': 'scrapy_output.txt', 'ROBOTSTXT_OBEY': True}
2017-06-14 10:05:49 [scrapy.middleware] INFO: Enabled extensions:
['scrapy.extensions.corestats.CoreStats',
 'scrapy.extensions.telnet.TelnetConsole',
 'scrapy.extensions.memusage.MemoryUsage',
 'scrapy.extensions.logstats.LogStats']
2017-06-14 10:05:49 [scrapy.middleware] INFO: Enabled downloader middlewares:
['scrapy.downloadermiddlewares.robotstxt.RobotsTxtMiddleware',
 'scrapy.downloadermiddlewares.httpauth.HttpAuthMiddleware',
 'scrapy.downloadermiddlewares.downloadtimeout.DownloadTimeoutMiddleware',
 'scrapy.downloadermiddlewares.defaultheaders.DefaultHeadersMiddleware',
 'scrapy.downloadermiddlewares.useragent.UserAgentMiddleware',
 'scrapy.downloadermiddlewares.retry.RetryMiddleware',
 'scrapy.downloadermiddlewares.redirect.MetaRefreshMiddleware',
 'scrapy.downloadermiddlewares.httpcompression.HttpCompressionMiddleware',
 'scrapy.downloadermiddlewares.redirect.RedirectMiddleware',
 'scrapy.downloadermiddlewares.cookies.CookiesMiddleware',
 'scrapy.downloadermiddlewares.httpproxy.HttpProxyMiddleware',
 'scrapy.downloadermiddlewares.stats.DownloaderStats']
2017-06-14 10:05:49 [scrapy.middleware] INFO: Enabled spider middlewares:
['scrapy.spidermiddlewares.httperror.HttpErrorMiddleware',
 'scrapy.spidermiddlewares.offsite.OffsiteMiddleware',
 'scrapy.spidermiddlewares.referer.RefererMiddleware',
 'scrapy.spidermiddlewares.urllength.UrlLengthMiddleware',
 'scrapy.spidermiddlewares.depth.DepthMiddleware']
2017-06-14 10:05:49 [scrapy.middleware] INFO: Enabled item pipelines:
[]
2017-06-14 10:05:49 [scrapy.core.engine] INFO: Spider opened
2017-06-14 10:05:49 [scrapy.extensions.logstats] INFO: Crawled 0 pages (at 0 pages/min), scraped 0 items (at 0 items/min)
2017-06-14 10:05:49 [scrapy.extensions.telnet] DEBUG: Telnet console listening on 127.0.0.1:6023
2017-06-14 10:05:49 [scrapy.core.engine] DEBUG: Crawled (200) <GET http://www.dictionary.com/robots.txt> (referer: None)
2017-06-14 10:05:49 [scrapy.core.engine] DEBUG: Crawled (200) <GET http://www.dictionary.com/browse/acknowledgement?s=ts> (referer: None)
2017-06-14 10:05:49 [scrapy.core.scraper] ERROR: Spider error processing <GET http://www.dictionary.com/browse/acknowledgement?s=ts> (referer: None)
Traceback (most recent call last):
  File "/usr/local/lib/python3.5/dist-packages/twisted/internet/defer.py", line 653, in _runCallbacks
    current.result = callback(current.result, *args, **kw)
  File "/home/paras/CodingProjects/SpeechWork/SpeechWork/spiders/meaning_spider.py", line 36, in parse
    a = a.trim()
AttributeError: 'str' object has no attribute 'trim'
2017-06-14 10:05:49 [scrapy.core.engine] INFO: Closing spider (finished)
2017-06-14 10:05:49 [scrapy.statscollectors] INFO: Dumping Scrapy stats:
{'downloader/request_bytes': 530,
 'downloader/request_count': 2,
 'downloader/request_method_count/GET': 2,
 'downloader/response_bytes': 26490,
 'downloader/response_count': 2,
 'downloader/response_status_count/200': 2,
 'finish_reason': 'finished',
 'finish_time': datetime.datetime(2017, 6, 14, 4, 35, 49, 822105),
 'log_count/DEBUG': 3,
 'log_count/ERROR': 1,
 'log_count/INFO': 7,
 'memusage/max': 48304128,
 'memusage/startup': 48304128,
 'response_received_count': 2,
 'scheduler/dequeued': 1,
 'scheduler/dequeued/memory': 1,
 'scheduler/enqueued': 1,
 'scheduler/enqueued/memory': 1,
 'spider_exceptions/AttributeError': 1,
 'start_time': datetime.datetime(2017, 6, 14, 4, 35, 49, 254920)}
2017-06-14 10:05:49 [scrapy.core.engine] INFO: Spider closed (finished)
2017-06-14 10:06:01 [scrapy.utils.log] INFO: Scrapy 1.4.0 started (bot: SpeechWork)
2017-06-14 10:06:01 [scrapy.utils.log] INFO: Overridden settings: {'NEWSPIDER_MODULE': 'SpeechWork.spiders', 'LOG_FILE': 'scrapy_output.txt', 'SPIDER_MODULES': ['SpeechWork.spiders'], 'ROBOTSTXT_OBEY': True, 'BOT_NAME': 'SpeechWork'}
2017-06-14 10:06:01 [scrapy.middleware] INFO: Enabled extensions:
['scrapy.extensions.logstats.LogStats',
 'scrapy.extensions.memusage.MemoryUsage',
 'scrapy.extensions.telnet.TelnetConsole',
 'scrapy.extensions.corestats.CoreStats']
2017-06-14 10:06:01 [scrapy.middleware] INFO: Enabled downloader middlewares:
['scrapy.downloadermiddlewares.robotstxt.RobotsTxtMiddleware',
 'scrapy.downloadermiddlewares.httpauth.HttpAuthMiddleware',
 'scrapy.downloadermiddlewares.downloadtimeout.DownloadTimeoutMiddleware',
 'scrapy.downloadermiddlewares.defaultheaders.DefaultHeadersMiddleware',
 'scrapy.downloadermiddlewares.useragent.UserAgentMiddleware',
 'scrapy.downloadermiddlewares.retry.RetryMiddleware',
 'scrapy.downloadermiddlewares.redirect.MetaRefreshMiddleware',
 'scrapy.downloadermiddlewares.httpcompression.HttpCompressionMiddleware',
 'scrapy.downloadermiddlewares.redirect.RedirectMiddleware',
 'scrapy.downloadermiddlewares.cookies.CookiesMiddleware',
 'scrapy.downloadermiddlewares.httpproxy.HttpProxyMiddleware',
 'scrapy.downloadermiddlewares.stats.DownloaderStats']
2017-06-14 10:06:01 [scrapy.middleware] INFO: Enabled spider middlewares:
['scrapy.spidermiddlewares.httperror.HttpErrorMiddleware',
 'scrapy.spidermiddlewares.offsite.OffsiteMiddleware',
 'scrapy.spidermiddlewares.referer.RefererMiddleware',
 'scrapy.spidermiddlewares.urllength.UrlLengthMiddleware',
 'scrapy.spidermiddlewares.depth.DepthMiddleware']
2017-06-14 10:06:01 [scrapy.middleware] INFO: Enabled item pipelines:
[]
2017-06-14 10:06:01 [scrapy.core.engine] INFO: Spider opened
2017-06-14 10:06:01 [scrapy.extensions.logstats] INFO: Crawled 0 pages (at 0 pages/min), scraped 0 items (at 0 items/min)
2017-06-14 10:06:01 [scrapy.extensions.telnet] DEBUG: Telnet console listening on 127.0.0.1:6023
2017-06-14 10:06:01 [scrapy.core.engine] DEBUG: Crawled (200) <GET http://www.dictionary.com/robots.txt> (referer: None)
2017-06-14 10:06:01 [scrapy.core.engine] DEBUG: Crawled (200) <GET http://www.dictionary.com/browse/acknowledgement?s=ts> (referer: None)
2017-06-14 10:06:01 [dictionary.com] DEBUG: Saved file meaning-acknowledgement.html
2017-06-14 10:06:01 [scrapy.core.engine] INFO: Closing spider (finished)
2017-06-14 10:06:01 [scrapy.statscollectors] INFO: Dumping Scrapy stats:
{'downloader/request_bytes': 530,
 'downloader/request_count': 2,
 'downloader/request_method_count/GET': 2,
 'downloader/response_bytes': 26490,
 'downloader/response_count': 2,
 'downloader/response_status_count/200': 2,
 'finish_reason': 'finished',
 'finish_time': datetime.datetime(2017, 6, 14, 4, 36, 1, 946536),
 'log_count/DEBUG': 4,
 'log_count/INFO': 7,
 'memusage/max': 48328704,
 'memusage/startup': 48328704,
 'response_received_count': 2,
 'scheduler/dequeued': 1,
 'scheduler/dequeued/memory': 1,
 'scheduler/enqueued': 1,
 'scheduler/enqueued/memory': 1,
 'start_time': datetime.datetime(2017, 6, 14, 4, 36, 1, 550751)}
2017-06-14 10:06:01 [scrapy.core.engine] INFO: Spider closed (finished)
2017-06-14 10:06:12 [scrapy.utils.log] INFO: Scrapy 1.4.0 started (bot: SpeechWork)
2017-06-14 10:06:12 [scrapy.utils.log] INFO: Overridden settings: {'NEWSPIDER_MODULE': 'SpeechWork.spiders', 'ROBOTSTXT_OBEY': True, 'BOT_NAME': 'SpeechWork', 'SPIDER_MODULES': ['SpeechWork.spiders'], 'LOG_FILE': 'scrapy_output.txt'}
2017-06-14 10:06:12 [scrapy.middleware] INFO: Enabled extensions:
['scrapy.extensions.telnet.TelnetConsole',
 'scrapy.extensions.corestats.CoreStats',
 'scrapy.extensions.memusage.MemoryUsage',
 'scrapy.extensions.logstats.LogStats']
2017-06-14 10:06:12 [scrapy.middleware] INFO: Enabled downloader middlewares:
['scrapy.downloadermiddlewares.robotstxt.RobotsTxtMiddleware',
 'scrapy.downloadermiddlewares.httpauth.HttpAuthMiddleware',
 'scrapy.downloadermiddlewares.downloadtimeout.DownloadTimeoutMiddleware',
 'scrapy.downloadermiddlewares.defaultheaders.DefaultHeadersMiddleware',
 'scrapy.downloadermiddlewares.useragent.UserAgentMiddleware',
 'scrapy.downloadermiddlewares.retry.RetryMiddleware',
 'scrapy.downloadermiddlewares.redirect.MetaRefreshMiddleware',
 'scrapy.downloadermiddlewares.httpcompression.HttpCompressionMiddleware',
 'scrapy.downloadermiddlewares.redirect.RedirectMiddleware',
 'scrapy.downloadermiddlewares.cookies.CookiesMiddleware',
 'scrapy.downloadermiddlewares.httpproxy.HttpProxyMiddleware',
 'scrapy.downloadermiddlewares.stats.DownloaderStats']
2017-06-14 10:06:12 [scrapy.middleware] INFO: Enabled spider middlewares:
['scrapy.spidermiddlewares.httperror.HttpErrorMiddleware',
 'scrapy.spidermiddlewares.offsite.OffsiteMiddleware',
 'scrapy.spidermiddlewares.referer.RefererMiddleware',
 'scrapy.spidermiddlewares.urllength.UrlLengthMiddleware',
 'scrapy.spidermiddlewares.depth.DepthMiddleware']
2017-06-14 10:06:12 [scrapy.middleware] INFO: Enabled item pipelines:
[]
2017-06-14 10:06:12 [scrapy.core.engine] INFO: Spider opened
2017-06-14 10:06:12 [scrapy.extensions.logstats] INFO: Crawled 0 pages (at 0 pages/min), scraped 0 items (at 0 items/min)
2017-06-14 10:06:12 [scrapy.extensions.telnet] DEBUG: Telnet console listening on 127.0.0.1:6023
2017-06-14 10:06:13 [scrapy.core.engine] DEBUG: Crawled (200) <GET http://www.dictionary.com/robots.txt> (referer: None)
2017-06-14 10:06:13 [scrapy.core.engine] DEBUG: Crawled (200) <GET http://www.dictionary.com/browse/acknowledgement?s=ts> (referer: None)
2017-06-14 10:06:13 [dictionary.com] DEBUG: Saved file meaning-acknowledgement.html
2017-06-14 10:06:13 [scrapy.core.engine] INFO: Closing spider (finished)
2017-06-14 10:06:13 [scrapy.statscollectors] INFO: Dumping Scrapy stats:
{'downloader/request_bytes': 530,
 'downloader/request_count': 2,
 'downloader/request_method_count/GET': 2,
 'downloader/response_bytes': 26490,
 'downloader/response_count': 2,
 'downloader/response_status_count/200': 2,
 'finish_reason': 'finished',
 'finish_time': datetime.datetime(2017, 6, 14, 4, 36, 13, 242664),
 'log_count/DEBUG': 4,
 'log_count/INFO': 7,
 'memusage/max': 48349184,
 'memusage/startup': 48349184,
 'response_received_count': 2,
 'scheduler/dequeued': 1,
 'scheduler/dequeued/memory': 1,
 'scheduler/enqueued': 1,
 'scheduler/enqueued/memory': 1,
 'start_time': datetime.datetime(2017, 6, 14, 4, 36, 12, 693075)}
2017-06-14 10:06:13 [scrapy.core.engine] INFO: Spider closed (finished)
2017-06-14 10:07:01 [scrapy.utils.log] INFO: Scrapy 1.4.0 started (bot: SpeechWork)
2017-06-14 10:07:01 [scrapy.utils.log] INFO: Overridden settings: {'NEWSPIDER_MODULE': 'SpeechWork.spiders', 'LOG_FILE': 'scrapy_output.txt', 'ROBOTSTXT_OBEY': True, 'SPIDER_MODULES': ['SpeechWork.spiders'], 'BOT_NAME': 'SpeechWork'}
2017-06-14 10:07:01 [scrapy.middleware] INFO: Enabled extensions:
['scrapy.extensions.memusage.MemoryUsage',
 'scrapy.extensions.corestats.CoreStats',
 'scrapy.extensions.telnet.TelnetConsole',
 'scrapy.extensions.logstats.LogStats']
2017-06-14 10:07:01 [scrapy.middleware] INFO: Enabled downloader middlewares:
['scrapy.downloadermiddlewares.robotstxt.RobotsTxtMiddleware',
 'scrapy.downloadermiddlewares.httpauth.HttpAuthMiddleware',
 'scrapy.downloadermiddlewares.downloadtimeout.DownloadTimeoutMiddleware',
 'scrapy.downloadermiddlewares.defaultheaders.DefaultHeadersMiddleware',
 'scrapy.downloadermiddlewares.useragent.UserAgentMiddleware',
 'scrapy.downloadermiddlewares.retry.RetryMiddleware',
 'scrapy.downloadermiddlewares.redirect.MetaRefreshMiddleware',
 'scrapy.downloadermiddlewares.httpcompression.HttpCompressionMiddleware',
 'scrapy.downloadermiddlewares.redirect.RedirectMiddleware',
 'scrapy.downloadermiddlewares.cookies.CookiesMiddleware',
 'scrapy.downloadermiddlewares.httpproxy.HttpProxyMiddleware',
 'scrapy.downloadermiddlewares.stats.DownloaderStats']
2017-06-14 10:07:01 [scrapy.middleware] INFO: Enabled spider middlewares:
['scrapy.spidermiddlewares.httperror.HttpErrorMiddleware',
 'scrapy.spidermiddlewares.offsite.OffsiteMiddleware',
 'scrapy.spidermiddlewares.referer.RefererMiddleware',
 'scrapy.spidermiddlewares.urllength.UrlLengthMiddleware',
 'scrapy.spidermiddlewares.depth.DepthMiddleware']
2017-06-14 10:07:01 [scrapy.middleware] INFO: Enabled item pipelines:
[]
2017-06-14 10:07:01 [scrapy.core.engine] INFO: Spider opened
2017-06-14 10:07:01 [scrapy.extensions.logstats] INFO: Crawled 0 pages (at 0 pages/min), scraped 0 items (at 0 items/min)
2017-06-14 10:07:01 [scrapy.extensions.telnet] DEBUG: Telnet console listening on 127.0.0.1:6023
2017-06-14 10:07:01 [scrapy.core.engine] DEBUG: Crawled (200) <GET http://www.dictionary.com/robots.txt> (referer: None)
2017-06-14 10:07:01 [scrapy.core.engine] DEBUG: Crawled (200) <GET http://www.dictionary.com/browse/acknowledgement?s=ts> (referer: None)
2017-06-14 10:07:01 [dictionary.com] DEBUG: Saved file meaning-acknowledgement.html
2017-06-14 10:07:01 [scrapy.core.engine] INFO: Closing spider (finished)
2017-06-14 10:07:01 [scrapy.statscollectors] INFO: Dumping Scrapy stats:
{'downloader/request_bytes': 530,
 'downloader/request_count': 2,
 'downloader/request_method_count/GET': 2,
 'downloader/response_bytes': 26488,
 'downloader/response_count': 2,
 'downloader/response_status_count/200': 2,
 'finish_reason': 'finished',
 'finish_time': datetime.datetime(2017, 6, 14, 4, 37, 1, 658365),
 'log_count/DEBUG': 4,
 'log_count/INFO': 7,
 'memusage/max': 48410624,
 'memusage/startup': 48410624,
 'response_received_count': 2,
 'scheduler/dequeued': 1,
 'scheduler/dequeued/memory': 1,
 'scheduler/enqueued': 1,
 'scheduler/enqueued/memory': 1,
 'start_time': datetime.datetime(2017, 6, 14, 4, 37, 1, 93244)}
2017-06-14 10:07:01 [scrapy.core.engine] INFO: Spider closed (finished)
2017-06-14 10:07:19 [scrapy.utils.log] INFO: Scrapy 1.4.0 started (bot: SpeechWork)
2017-06-14 10:07:19 [scrapy.utils.log] INFO: Overridden settings: {'LOG_FILE': 'scrapy_output.txt', 'NEWSPIDER_MODULE': 'SpeechWork.spiders', 'ROBOTSTXT_OBEY': True, 'BOT_NAME': 'SpeechWork', 'SPIDER_MODULES': ['SpeechWork.spiders']}
2017-06-14 10:07:19 [scrapy.middleware] INFO: Enabled extensions:
['scrapy.extensions.logstats.LogStats',
 'scrapy.extensions.memusage.MemoryUsage',
 'scrapy.extensions.telnet.TelnetConsole',
 'scrapy.extensions.corestats.CoreStats']
2017-06-14 10:07:19 [scrapy.middleware] INFO: Enabled downloader middlewares:
['scrapy.downloadermiddlewares.robotstxt.RobotsTxtMiddleware',
 'scrapy.downloadermiddlewares.httpauth.HttpAuthMiddleware',
 'scrapy.downloadermiddlewares.downloadtimeout.DownloadTimeoutMiddleware',
 'scrapy.downloadermiddlewares.defaultheaders.DefaultHeadersMiddleware',
 'scrapy.downloadermiddlewares.useragent.UserAgentMiddleware',
 'scrapy.downloadermiddlewares.retry.RetryMiddleware',
 'scrapy.downloadermiddlewares.redirect.MetaRefreshMiddleware',
 'scrapy.downloadermiddlewares.httpcompression.HttpCompressionMiddleware',
 'scrapy.downloadermiddlewares.redirect.RedirectMiddleware',
 'scrapy.downloadermiddlewares.cookies.CookiesMiddleware',
 'scrapy.downloadermiddlewares.httpproxy.HttpProxyMiddleware',
 'scrapy.downloadermiddlewares.stats.DownloaderStats']
2017-06-14 10:07:19 [scrapy.middleware] INFO: Enabled spider middlewares:
['scrapy.spidermiddlewares.httperror.HttpErrorMiddleware',
 'scrapy.spidermiddlewares.offsite.OffsiteMiddleware',
 'scrapy.spidermiddlewares.referer.RefererMiddleware',
 'scrapy.spidermiddlewares.urllength.UrlLengthMiddleware',
 'scrapy.spidermiddlewares.depth.DepthMiddleware']
2017-06-14 10:07:19 [scrapy.middleware] INFO: Enabled item pipelines:
[]
2017-06-14 10:07:19 [scrapy.core.engine] INFO: Spider opened
2017-06-14 10:07:19 [scrapy.extensions.logstats] INFO: Crawled 0 pages (at 0 pages/min), scraped 0 items (at 0 items/min)
2017-06-14 10:07:19 [scrapy.extensions.telnet] DEBUG: Telnet console listening on 127.0.0.1:6023
2017-06-14 10:07:19 [scrapy.core.engine] DEBUG: Crawled (200) <GET http://www.dictionary.com/robots.txt> (referer: None)
2017-06-14 10:07:19 [scrapy.core.engine] DEBUG: Crawled (200) <GET http://www.dictionary.com/browse/acknowledgement?s=ts> (referer: None)
2017-06-14 10:07:19 [dictionary.com] DEBUG: Saved file meaning-acknowledgement.html
2017-06-14 10:07:19 [scrapy.core.engine] INFO: Closing spider (finished)
2017-06-14 10:07:19 [scrapy.statscollectors] INFO: Dumping Scrapy stats:
{'downloader/request_bytes': 530,
 'downloader/request_count': 2,
 'downloader/request_method_count/GET': 2,
 'downloader/response_bytes': 26492,
 'downloader/response_count': 2,
 'downloader/response_status_count/200': 2,
 'finish_reason': 'finished',
 'finish_time': datetime.datetime(2017, 6, 14, 4, 37, 19, 962043),
 'log_count/DEBUG': 4,
 'log_count/INFO': 7,
 'memusage/max': 48381952,
 'memusage/startup': 48381952,
 'response_received_count': 2,
 'scheduler/dequeued': 1,
 'scheduler/dequeued/memory': 1,
 'scheduler/enqueued': 1,
 'scheduler/enqueued/memory': 1,
 'start_time': datetime.datetime(2017, 6, 14, 4, 37, 19, 560807)}
2017-06-14 10:07:19 [scrapy.core.engine] INFO: Spider closed (finished)
2017-06-14 10:09:04 [scrapy.utils.log] INFO: Scrapy 1.4.0 started (bot: SpeechWork)
2017-06-14 10:09:04 [scrapy.utils.log] INFO: Overridden settings: {'LOG_FILE': 'scrapy_output.txt', 'BOT_NAME': 'SpeechWork', 'ROBOTSTXT_OBEY': True, 'SPIDER_MODULES': ['SpeechWork.spiders'], 'NEWSPIDER_MODULE': 'SpeechWork.spiders'}
2017-06-14 10:09:04 [scrapy.middleware] INFO: Enabled extensions:
['scrapy.extensions.memusage.MemoryUsage',
 'scrapy.extensions.corestats.CoreStats',
 'scrapy.extensions.logstats.LogStats',
 'scrapy.extensions.telnet.TelnetConsole']
2017-06-14 10:09:04 [scrapy.middleware] INFO: Enabled downloader middlewares:
['scrapy.downloadermiddlewares.robotstxt.RobotsTxtMiddleware',
 'scrapy.downloadermiddlewares.httpauth.HttpAuthMiddleware',
 'scrapy.downloadermiddlewares.downloadtimeout.DownloadTimeoutMiddleware',
 'scrapy.downloadermiddlewares.defaultheaders.DefaultHeadersMiddleware',
 'scrapy.downloadermiddlewares.useragent.UserAgentMiddleware',
 'scrapy.downloadermiddlewares.retry.RetryMiddleware',
 'scrapy.downloadermiddlewares.redirect.MetaRefreshMiddleware',
 'scrapy.downloadermiddlewares.httpcompression.HttpCompressionMiddleware',
 'scrapy.downloadermiddlewares.redirect.RedirectMiddleware',
 'scrapy.downloadermiddlewares.cookies.CookiesMiddleware',
 'scrapy.downloadermiddlewares.httpproxy.HttpProxyMiddleware',
 'scrapy.downloadermiddlewares.stats.DownloaderStats']
2017-06-14 10:09:04 [scrapy.middleware] INFO: Enabled spider middlewares:
['scrapy.spidermiddlewares.httperror.HttpErrorMiddleware',
 'scrapy.spidermiddlewares.offsite.OffsiteMiddleware',
 'scrapy.spidermiddlewares.referer.RefererMiddleware',
 'scrapy.spidermiddlewares.urllength.UrlLengthMiddleware',
 'scrapy.spidermiddlewares.depth.DepthMiddleware']
2017-06-14 10:09:04 [scrapy.middleware] INFO: Enabled item pipelines:
[]
2017-06-14 10:09:04 [scrapy.core.engine] INFO: Spider opened
2017-06-14 10:09:04 [scrapy.extensions.logstats] INFO: Crawled 0 pages (at 0 pages/min), scraped 0 items (at 0 items/min)
2017-06-14 10:09:04 [scrapy.extensions.telnet] DEBUG: Telnet console listening on 127.0.0.1:6023
2017-06-14 10:09:04 [scrapy.core.engine] DEBUG: Crawled (200) <GET http://www.dictionary.com/robots.txt> (referer: None)
2017-06-14 10:09:04 [scrapy.core.engine] DEBUG: Crawled (200) <GET http://www.dictionary.com/browse/acknowledgement?s=ts> (referer: None)
2017-06-14 10:09:04 [dictionary.com] DEBUG: Saved file meaning-acknowledgement.html
2017-06-14 10:09:04 [scrapy.core.engine] INFO: Closing spider (finished)
2017-06-14 10:09:04 [scrapy.statscollectors] INFO: Dumping Scrapy stats:
{'downloader/request_bytes': 530,
 'downloader/request_count': 2,
 'downloader/request_method_count/GET': 2,
 'downloader/response_bytes': 26490,
 'downloader/response_count': 2,
 'downloader/response_status_count/200': 2,
 'finish_reason': 'finished',
 'finish_time': datetime.datetime(2017, 6, 14, 4, 39, 4, 754317),
 'log_count/DEBUG': 4,
 'log_count/INFO': 7,
 'memusage/max': 48390144,
 'memusage/startup': 48390144,
 'response_received_count': 2,
 'scheduler/dequeued': 1,
 'scheduler/dequeued/memory': 1,
 'scheduler/enqueued': 1,
 'scheduler/enqueued/memory': 1,
 'start_time': datetime.datetime(2017, 6, 14, 4, 39, 4, 190790)}
2017-06-14 10:09:04 [scrapy.core.engine] INFO: Spider closed (finished)
2017-06-14 10:11:34 [scrapy.utils.log] INFO: Scrapy 1.4.0 started (bot: SpeechWork)
2017-06-14 10:11:34 [scrapy.utils.log] INFO: Overridden settings: {'ROBOTSTXT_OBEY': True, 'NEWSPIDER_MODULE': 'SpeechWork.spiders', 'SPIDER_MODULES': ['SpeechWork.spiders'], 'BOT_NAME': 'SpeechWork', 'LOG_FILE': 'scrapy_output.txt'}
2017-06-14 10:11:34 [scrapy.middleware] INFO: Enabled extensions:
['scrapy.extensions.corestats.CoreStats',
 'scrapy.extensions.logstats.LogStats',
 'scrapy.extensions.memusage.MemoryUsage',
 'scrapy.extensions.telnet.TelnetConsole']
2017-06-14 10:11:34 [scrapy.middleware] INFO: Enabled downloader middlewares:
['scrapy.downloadermiddlewares.robotstxt.RobotsTxtMiddleware',
 'scrapy.downloadermiddlewares.httpauth.HttpAuthMiddleware',
 'scrapy.downloadermiddlewares.downloadtimeout.DownloadTimeoutMiddleware',
 'scrapy.downloadermiddlewares.defaultheaders.DefaultHeadersMiddleware',
 'scrapy.downloadermiddlewares.useragent.UserAgentMiddleware',
 'scrapy.downloadermiddlewares.retry.RetryMiddleware',
 'scrapy.downloadermiddlewares.redirect.MetaRefreshMiddleware',
 'scrapy.downloadermiddlewares.httpcompression.HttpCompressionMiddleware',
 'scrapy.downloadermiddlewares.redirect.RedirectMiddleware',
 'scrapy.downloadermiddlewares.cookies.CookiesMiddleware',
 'scrapy.downloadermiddlewares.httpproxy.HttpProxyMiddleware',
 'scrapy.downloadermiddlewares.stats.DownloaderStats']
2017-06-14 10:11:34 [scrapy.middleware] INFO: Enabled spider middlewares:
['scrapy.spidermiddlewares.httperror.HttpErrorMiddleware',
 'scrapy.spidermiddlewares.offsite.OffsiteMiddleware',
 'scrapy.spidermiddlewares.referer.RefererMiddleware',
 'scrapy.spidermiddlewares.urllength.UrlLengthMiddleware',
 'scrapy.spidermiddlewares.depth.DepthMiddleware']
2017-06-14 10:11:34 [scrapy.middleware] INFO: Enabled item pipelines:
[]
2017-06-14 10:11:34 [scrapy.core.engine] INFO: Spider opened
2017-06-14 10:11:34 [scrapy.extensions.logstats] INFO: Crawled 0 pages (at 0 pages/min), scraped 0 items (at 0 items/min)
2017-06-14 10:11:34 [scrapy.extensions.telnet] DEBUG: Telnet console listening on 127.0.0.1:6023
2017-06-14 10:11:35 [scrapy.core.engine] DEBUG: Crawled (200) <GET http://www.dictionary.com/robots.txt> (referer: None)
2017-06-14 10:11:35 [scrapy.core.engine] DEBUG: Crawled (200) <GET http://www.dictionary.com/browse/acknowledgement?s=ts> (referer: None)
2017-06-14 10:11:35 [scrapy.core.scraper] ERROR: Spider error processing <GET http://www.dictionary.com/browse/acknowledgement?s=ts> (referer: None)
Traceback (most recent call last):
  File "/usr/local/lib/python3.5/dist-packages/twisted/internet/defer.py", line 653, in _runCallbacks
    current.result = callback(current.result, *args, **kw)
  File "/home/paras/CodingProjects/SpeechWork/SpeechWork/spiders/meaning_spider.py", line 27, in parse
    content = "".join(div_tag.xpath('self::node()[descendant-or-self::text()]'))
TypeError: sequence item 0: expected str instance, Selector found
2017-06-14 10:11:35 [scrapy.core.engine] INFO: Closing spider (finished)
2017-06-14 10:11:35 [scrapy.statscollectors] INFO: Dumping Scrapy stats:
{'downloader/request_bytes': 530,
 'downloader/request_count': 2,
 'downloader/request_method_count/GET': 2,
 'downloader/response_bytes': 26490,
 'downloader/response_count': 2,
 'downloader/response_status_count/200': 2,
 'finish_reason': 'finished',
 'finish_time': datetime.datetime(2017, 6, 14, 4, 41, 35, 383068),
 'log_count/DEBUG': 3,
 'log_count/ERROR': 1,
 'log_count/INFO': 7,
 'memusage/max': 48386048,
 'memusage/startup': 48386048,
 'response_received_count': 2,
 'scheduler/dequeued': 1,
 'scheduler/dequeued/memory': 1,
 'scheduler/enqueued': 1,
 'scheduler/enqueued/memory': 1,
 'spider_exceptions/TypeError': 1,
 'start_time': datetime.datetime(2017, 6, 14, 4, 41, 34, 745917)}
2017-06-14 10:11:35 [scrapy.core.engine] INFO: Spider closed (finished)
2017-06-14 10:12:11 [scrapy.utils.log] INFO: Scrapy 1.4.0 started (bot: SpeechWork)
2017-06-14 10:12:11 [scrapy.utils.log] INFO: Overridden settings: {'BOT_NAME': 'SpeechWork', 'NEWSPIDER_MODULE': 'SpeechWork.spiders', 'ROBOTSTXT_OBEY': True, 'SPIDER_MODULES': ['SpeechWork.spiders'], 'LOG_FILE': 'scrapy_output.txt'}
2017-06-14 10:12:11 [scrapy.middleware] INFO: Enabled extensions:
['scrapy.extensions.memusage.MemoryUsage',
 'scrapy.extensions.telnet.TelnetConsole',
 'scrapy.extensions.corestats.CoreStats',
 'scrapy.extensions.logstats.LogStats']
2017-06-14 10:12:11 [scrapy.middleware] INFO: Enabled downloader middlewares:
['scrapy.downloadermiddlewares.robotstxt.RobotsTxtMiddleware',
 'scrapy.downloadermiddlewares.httpauth.HttpAuthMiddleware',
 'scrapy.downloadermiddlewares.downloadtimeout.DownloadTimeoutMiddleware',
 'scrapy.downloadermiddlewares.defaultheaders.DefaultHeadersMiddleware',
 'scrapy.downloadermiddlewares.useragent.UserAgentMiddleware',
 'scrapy.downloadermiddlewares.retry.RetryMiddleware',
 'scrapy.downloadermiddlewares.redirect.MetaRefreshMiddleware',
 'scrapy.downloadermiddlewares.httpcompression.HttpCompressionMiddleware',
 'scrapy.downloadermiddlewares.redirect.RedirectMiddleware',
 'scrapy.downloadermiddlewares.cookies.CookiesMiddleware',
 'scrapy.downloadermiddlewares.httpproxy.HttpProxyMiddleware',
 'scrapy.downloadermiddlewares.stats.DownloaderStats']
2017-06-14 10:12:11 [scrapy.middleware] INFO: Enabled spider middlewares:
['scrapy.spidermiddlewares.httperror.HttpErrorMiddleware',
 'scrapy.spidermiddlewares.offsite.OffsiteMiddleware',
 'scrapy.spidermiddlewares.referer.RefererMiddleware',
 'scrapy.spidermiddlewares.urllength.UrlLengthMiddleware',
 'scrapy.spidermiddlewares.depth.DepthMiddleware']
2017-06-14 10:12:11 [scrapy.middleware] INFO: Enabled item pipelines:
[]
2017-06-14 10:12:11 [scrapy.core.engine] INFO: Spider opened
2017-06-14 10:12:11 [scrapy.extensions.logstats] INFO: Crawled 0 pages (at 0 pages/min), scraped 0 items (at 0 items/min)
2017-06-14 10:12:11 [scrapy.extensions.telnet] DEBUG: Telnet console listening on 127.0.0.1:6023
2017-06-14 10:12:12 [scrapy.core.engine] DEBUG: Crawled (200) <GET http://www.dictionary.com/robots.txt> (referer: None)
2017-06-14 10:12:12 [scrapy.core.engine] DEBUG: Crawled (200) <GET http://www.dictionary.com/browse/acknowledgement?s=ts> (referer: None)
2017-06-14 10:12:12 [dictionary.com] DEBUG: Saved file meaning-acknowledgement.html
2017-06-14 10:12:12 [scrapy.core.engine] INFO: Closing spider (finished)
2017-06-14 10:12:12 [scrapy.statscollectors] INFO: Dumping Scrapy stats:
{'downloader/request_bytes': 530,
 'downloader/request_count': 2,
 'downloader/request_method_count/GET': 2,
 'downloader/response_bytes': 26490,
 'downloader/response_count': 2,
 'downloader/response_status_count/200': 2,
 'finish_reason': 'finished',
 'finish_time': datetime.datetime(2017, 6, 14, 4, 42, 12, 234934),
 'log_count/DEBUG': 4,
 'log_count/INFO': 7,
 'memusage/max': 48324608,
 'memusage/startup': 48324608,
 'response_received_count': 2,
 'scheduler/dequeued': 1,
 'scheduler/dequeued/memory': 1,
 'scheduler/enqueued': 1,
 'scheduler/enqueued/memory': 1,
 'start_time': datetime.datetime(2017, 6, 14, 4, 42, 11, 683782)}
2017-06-14 10:12:12 [scrapy.core.engine] INFO: Spider closed (finished)
2017-06-14 10:12:40 [scrapy.utils.log] INFO: Scrapy 1.4.0 started (bot: SpeechWork)
2017-06-14 10:12:40 [scrapy.utils.log] INFO: Overridden settings: {'LOG_FILE': 'scrapy_output.txt', 'BOT_NAME': 'SpeechWork', 'ROBOTSTXT_OBEY': True, 'SPIDER_MODULES': ['SpeechWork.spiders'], 'NEWSPIDER_MODULE': 'SpeechWork.spiders'}
2017-06-14 10:12:40 [scrapy.middleware] INFO: Enabled extensions:
['scrapy.extensions.corestats.CoreStats',
 'scrapy.extensions.memusage.MemoryUsage',
 'scrapy.extensions.telnet.TelnetConsole',
 'scrapy.extensions.logstats.LogStats']
2017-06-14 10:12:40 [scrapy.middleware] INFO: Enabled downloader middlewares:
['scrapy.downloadermiddlewares.robotstxt.RobotsTxtMiddleware',
 'scrapy.downloadermiddlewares.httpauth.HttpAuthMiddleware',
 'scrapy.downloadermiddlewares.downloadtimeout.DownloadTimeoutMiddleware',
 'scrapy.downloadermiddlewares.defaultheaders.DefaultHeadersMiddleware',
 'scrapy.downloadermiddlewares.useragent.UserAgentMiddleware',
 'scrapy.downloadermiddlewares.retry.RetryMiddleware',
 'scrapy.downloadermiddlewares.redirect.MetaRefreshMiddleware',
 'scrapy.downloadermiddlewares.httpcompression.HttpCompressionMiddleware',
 'scrapy.downloadermiddlewares.redirect.RedirectMiddleware',
 'scrapy.downloadermiddlewares.cookies.CookiesMiddleware',
 'scrapy.downloadermiddlewares.httpproxy.HttpProxyMiddleware',
 'scrapy.downloadermiddlewares.stats.DownloaderStats']
2017-06-14 10:12:40 [scrapy.middleware] INFO: Enabled spider middlewares:
['scrapy.spidermiddlewares.httperror.HttpErrorMiddleware',
 'scrapy.spidermiddlewares.offsite.OffsiteMiddleware',
 'scrapy.spidermiddlewares.referer.RefererMiddleware',
 'scrapy.spidermiddlewares.urllength.UrlLengthMiddleware',
 'scrapy.spidermiddlewares.depth.DepthMiddleware']
2017-06-14 10:12:40 [scrapy.middleware] INFO: Enabled item pipelines:
[]
2017-06-14 10:12:40 [scrapy.core.engine] INFO: Spider opened
2017-06-14 10:12:40 [scrapy.extensions.logstats] INFO: Crawled 0 pages (at 0 pages/min), scraped 0 items (at 0 items/min)
2017-06-14 10:12:40 [scrapy.extensions.telnet] DEBUG: Telnet console listening on 127.0.0.1:6023
2017-06-14 10:12:40 [scrapy.core.engine] DEBUG: Crawled (200) <GET http://www.dictionary.com/robots.txt> (referer: None)
2017-06-14 10:12:40 [scrapy.core.engine] DEBUG: Crawled (200) <GET http://www.dictionary.com/browse/acknowledgement?s=ts> (referer: None)
2017-06-14 10:12:40 [dictionary.com] DEBUG: Saved file meaning-acknowledgement.html
2017-06-14 10:12:40 [scrapy.core.engine] INFO: Closing spider (finished)
2017-06-14 10:12:40 [scrapy.statscollectors] INFO: Dumping Scrapy stats:
{'downloader/request_bytes': 530,
 'downloader/request_count': 2,
 'downloader/request_method_count/GET': 2,
 'downloader/response_bytes': 26492,
 'downloader/response_count': 2,
 'downloader/response_status_count/200': 2,
 'finish_reason': 'finished',
 'finish_time': datetime.datetime(2017, 6, 14, 4, 42, 40, 610553),
 'log_count/DEBUG': 4,
 'log_count/INFO': 7,
 'memusage/max': 48332800,
 'memusage/startup': 48332800,
 'response_received_count': 2,
 'scheduler/dequeued': 1,
 'scheduler/dequeued/memory': 1,
 'scheduler/enqueued': 1,
 'scheduler/enqueued/memory': 1,
 'start_time': datetime.datetime(2017, 6, 14, 4, 42, 40, 66234)}
2017-06-14 10:12:40 [scrapy.core.engine] INFO: Spider closed (finished)
2017-06-14 10:14:12 [scrapy.utils.log] INFO: Scrapy 1.4.0 started (bot: SpeechWork)
2017-06-14 10:14:12 [scrapy.utils.log] INFO: Overridden settings: {'LOG_FILE': 'scrapy_output.txt', 'NEWSPIDER_MODULE': 'SpeechWork.spiders', 'ROBOTSTXT_OBEY': True, 'BOT_NAME': 'SpeechWork', 'SPIDER_MODULES': ['SpeechWork.spiders']}
2017-06-14 10:14:12 [scrapy.middleware] INFO: Enabled extensions:
['scrapy.extensions.corestats.CoreStats',
 'scrapy.extensions.memusage.MemoryUsage',
 'scrapy.extensions.logstats.LogStats',
 'scrapy.extensions.telnet.TelnetConsole']
2017-06-14 10:14:12 [scrapy.middleware] INFO: Enabled downloader middlewares:
['scrapy.downloadermiddlewares.robotstxt.RobotsTxtMiddleware',
 'scrapy.downloadermiddlewares.httpauth.HttpAuthMiddleware',
 'scrapy.downloadermiddlewares.downloadtimeout.DownloadTimeoutMiddleware',
 'scrapy.downloadermiddlewares.defaultheaders.DefaultHeadersMiddleware',
 'scrapy.downloadermiddlewares.useragent.UserAgentMiddleware',
 'scrapy.downloadermiddlewares.retry.RetryMiddleware',
 'scrapy.downloadermiddlewares.redirect.MetaRefreshMiddleware',
 'scrapy.downloadermiddlewares.httpcompression.HttpCompressionMiddleware',
 'scrapy.downloadermiddlewares.redirect.RedirectMiddleware',
 'scrapy.downloadermiddlewares.cookies.CookiesMiddleware',
 'scrapy.downloadermiddlewares.httpproxy.HttpProxyMiddleware',
 'scrapy.downloadermiddlewares.stats.DownloaderStats']
2017-06-14 10:14:12 [scrapy.middleware] INFO: Enabled spider middlewares:
['scrapy.spidermiddlewares.httperror.HttpErrorMiddleware',
 'scrapy.spidermiddlewares.offsite.OffsiteMiddleware',
 'scrapy.spidermiddlewares.referer.RefererMiddleware',
 'scrapy.spidermiddlewares.urllength.UrlLengthMiddleware',
 'scrapy.spidermiddlewares.depth.DepthMiddleware']
2017-06-14 10:14:12 [scrapy.middleware] INFO: Enabled item pipelines:
[]
2017-06-14 10:14:12 [scrapy.core.engine] INFO: Spider opened
2017-06-14 10:14:12 [scrapy.extensions.logstats] INFO: Crawled 0 pages (at 0 pages/min), scraped 0 items (at 0 items/min)
2017-06-14 10:14:12 [scrapy.extensions.telnet] DEBUG: Telnet console listening on 127.0.0.1:6023
2017-06-14 10:14:13 [scrapy.core.engine] DEBUG: Crawled (200) <GET http://www.dictionary.com/robots.txt> (referer: None)
2017-06-14 10:14:13 [scrapy.core.engine] DEBUG: Crawled (200) <GET http://www.dictionary.com/browse/acknowledgement?s=ts> (referer: None)
2017-06-14 10:14:13 [dictionary.com] DEBUG: Saved file meaning-acknowledgement.html
2017-06-14 10:14:13 [scrapy.core.engine] INFO: Closing spider (finished)
2017-06-14 10:14:13 [scrapy.statscollectors] INFO: Dumping Scrapy stats:
{'downloader/request_bytes': 530,
 'downloader/request_count': 2,
 'downloader/request_method_count/GET': 2,
 'downloader/response_bytes': 26492,
 'downloader/response_count': 2,
 'downloader/response_status_count/200': 2,
 'finish_reason': 'finished',
 'finish_time': datetime.datetime(2017, 6, 14, 4, 44, 13, 284919),
 'log_count/DEBUG': 4,
 'log_count/INFO': 7,
 'memusage/max': 48402432,
 'memusage/startup': 48402432,
 'response_received_count': 2,
 'scheduler/dequeued': 1,
 'scheduler/dequeued/memory': 1,
 'scheduler/enqueued': 1,
 'scheduler/enqueued/memory': 1,
 'start_time': datetime.datetime(2017, 6, 14, 4, 44, 12, 838680)}
2017-06-14 10:14:13 [scrapy.core.engine] INFO: Spider closed (finished)
2017-06-14 10:15:23 [scrapy.utils.log] INFO: Scrapy 1.4.0 started (bot: SpeechWork)
2017-06-14 10:15:23 [scrapy.utils.log] INFO: Overridden settings: {'ROBOTSTXT_OBEY': True, 'BOT_NAME': 'SpeechWork', 'NEWSPIDER_MODULE': 'SpeechWork.spiders', 'SPIDER_MODULES': ['SpeechWork.spiders'], 'LOG_FILE': 'scrapy_output.txt'}
2017-06-14 10:15:23 [scrapy.middleware] INFO: Enabled extensions:
['scrapy.extensions.logstats.LogStats',
 'scrapy.extensions.memusage.MemoryUsage',
 'scrapy.extensions.telnet.TelnetConsole',
 'scrapy.extensions.corestats.CoreStats']
2017-06-14 10:15:23 [scrapy.middleware] INFO: Enabled downloader middlewares:
['scrapy.downloadermiddlewares.robotstxt.RobotsTxtMiddleware',
 'scrapy.downloadermiddlewares.httpauth.HttpAuthMiddleware',
 'scrapy.downloadermiddlewares.downloadtimeout.DownloadTimeoutMiddleware',
 'scrapy.downloadermiddlewares.defaultheaders.DefaultHeadersMiddleware',
 'scrapy.downloadermiddlewares.useragent.UserAgentMiddleware',
 'scrapy.downloadermiddlewares.retry.RetryMiddleware',
 'scrapy.downloadermiddlewares.redirect.MetaRefreshMiddleware',
 'scrapy.downloadermiddlewares.httpcompression.HttpCompressionMiddleware',
 'scrapy.downloadermiddlewares.redirect.RedirectMiddleware',
 'scrapy.downloadermiddlewares.cookies.CookiesMiddleware',
 'scrapy.downloadermiddlewares.httpproxy.HttpProxyMiddleware',
 'scrapy.downloadermiddlewares.stats.DownloaderStats']
2017-06-14 10:15:23 [scrapy.middleware] INFO: Enabled spider middlewares:
['scrapy.spidermiddlewares.httperror.HttpErrorMiddleware',
 'scrapy.spidermiddlewares.offsite.OffsiteMiddleware',
 'scrapy.spidermiddlewares.referer.RefererMiddleware',
 'scrapy.spidermiddlewares.urllength.UrlLengthMiddleware',
 'scrapy.spidermiddlewares.depth.DepthMiddleware']
2017-06-14 10:15:23 [scrapy.middleware] INFO: Enabled item pipelines:
[]
2017-06-14 10:15:23 [scrapy.core.engine] INFO: Spider opened
2017-06-14 10:15:23 [scrapy.extensions.logstats] INFO: Crawled 0 pages (at 0 pages/min), scraped 0 items (at 0 items/min)
2017-06-14 10:15:23 [scrapy.extensions.telnet] DEBUG: Telnet console listening on 127.0.0.1:6023
2017-06-14 10:15:24 [scrapy.core.engine] DEBUG: Crawled (200) <GET http://www.dictionary.com/robots.txt> (referer: None)
2017-06-14 10:15:24 [scrapy.core.engine] DEBUG: Crawled (200) <GET http://www.dictionary.com/browse/acknowledgement?s=ts> (referer: None)
2017-06-14 10:15:24 [scrapy.core.scraper] ERROR: Spider error processing <GET http://www.dictionary.com/browse/acknowledgement?s=ts> (referer: None)
Traceback (most recent call last):
  File "/usr/local/lib/python3.5/dist-packages/twisted/internet/defer.py", line 653, in _runCallbacks
    current.result = callback(current.result, *args, **kw)
  File "/home/paras/CodingProjects/SpeechWork/SpeechWork/spiders/meaning_spider.py", line 27, in parse
    content = "".join(div_tag.xpath('(.)[descendant-or-self::text()]'))
TypeError: sequence item 0: expected str instance, Selector found
2017-06-14 10:15:24 [scrapy.core.engine] INFO: Closing spider (finished)
2017-06-14 10:15:24 [scrapy.statscollectors] INFO: Dumping Scrapy stats:
{'downloader/request_bytes': 530,
 'downloader/request_count': 2,
 'downloader/request_method_count/GET': 2,
 'downloader/response_bytes': 26492,
 'downloader/response_count': 2,
 'downloader/response_status_count/200': 2,
 'finish_reason': 'finished',
 'finish_time': datetime.datetime(2017, 6, 14, 4, 45, 24, 959835),
 'log_count/DEBUG': 3,
 'log_count/ERROR': 1,
 'log_count/INFO': 7,
 'memusage/max': 48472064,
 'memusage/startup': 48472064,
 'response_received_count': 2,
 'scheduler/dequeued': 1,
 'scheduler/dequeued/memory': 1,
 'scheduler/enqueued': 1,
 'scheduler/enqueued/memory': 1,
 'spider_exceptions/TypeError': 1,
 'start_time': datetime.datetime(2017, 6, 14, 4, 45, 23, 194808)}
2017-06-14 10:15:24 [scrapy.core.engine] INFO: Spider closed (finished)
2017-06-14 10:15:45 [scrapy.utils.log] INFO: Scrapy 1.4.0 started (bot: SpeechWork)
2017-06-14 10:15:45 [scrapy.utils.log] INFO: Overridden settings: {'SPIDER_MODULES': ['SpeechWork.spiders'], 'ROBOTSTXT_OBEY': True, 'BOT_NAME': 'SpeechWork', 'NEWSPIDER_MODULE': 'SpeechWork.spiders', 'LOG_FILE': 'scrapy_output.txt'}
2017-06-14 10:15:45 [scrapy.middleware] INFO: Enabled extensions:
['scrapy.extensions.logstats.LogStats',
 'scrapy.extensions.corestats.CoreStats',
 'scrapy.extensions.memusage.MemoryUsage',
 'scrapy.extensions.telnet.TelnetConsole']
2017-06-14 10:15:45 [scrapy.middleware] INFO: Enabled downloader middlewares:
['scrapy.downloadermiddlewares.robotstxt.RobotsTxtMiddleware',
 'scrapy.downloadermiddlewares.httpauth.HttpAuthMiddleware',
 'scrapy.downloadermiddlewares.downloadtimeout.DownloadTimeoutMiddleware',
 'scrapy.downloadermiddlewares.defaultheaders.DefaultHeadersMiddleware',
 'scrapy.downloadermiddlewares.useragent.UserAgentMiddleware',
 'scrapy.downloadermiddlewares.retry.RetryMiddleware',
 'scrapy.downloadermiddlewares.redirect.MetaRefreshMiddleware',
 'scrapy.downloadermiddlewares.httpcompression.HttpCompressionMiddleware',
 'scrapy.downloadermiddlewares.redirect.RedirectMiddleware',
 'scrapy.downloadermiddlewares.cookies.CookiesMiddleware',
 'scrapy.downloadermiddlewares.httpproxy.HttpProxyMiddleware',
 'scrapy.downloadermiddlewares.stats.DownloaderStats']
2017-06-14 10:15:45 [scrapy.middleware] INFO: Enabled spider middlewares:
['scrapy.spidermiddlewares.httperror.HttpErrorMiddleware',
 'scrapy.spidermiddlewares.offsite.OffsiteMiddleware',
 'scrapy.spidermiddlewares.referer.RefererMiddleware',
 'scrapy.spidermiddlewares.urllength.UrlLengthMiddleware',
 'scrapy.spidermiddlewares.depth.DepthMiddleware']
2017-06-14 10:15:45 [scrapy.middleware] INFO: Enabled item pipelines:
[]
2017-06-14 10:15:45 [scrapy.core.engine] INFO: Spider opened
2017-06-14 10:15:45 [scrapy.extensions.logstats] INFO: Crawled 0 pages (at 0 pages/min), scraped 0 items (at 0 items/min)
2017-06-14 10:15:45 [scrapy.extensions.telnet] DEBUG: Telnet console listening on 127.0.0.1:6023
2017-06-14 10:15:46 [scrapy.core.engine] DEBUG: Crawled (200) <GET http://www.dictionary.com/robots.txt> (referer: None)
2017-06-14 10:15:46 [scrapy.core.engine] DEBUG: Crawled (200) <GET http://www.dictionary.com/browse/acknowledgement?s=ts> (referer: None)
2017-06-14 10:15:46 [dictionary.com] DEBUG: Saved file meaning-acknowledgement.html
2017-06-14 10:15:46 [scrapy.core.engine] INFO: Closing spider (finished)
2017-06-14 10:15:46 [scrapy.statscollectors] INFO: Dumping Scrapy stats:
{'downloader/request_bytes': 530,
 'downloader/request_count': 2,
 'downloader/request_method_count/GET': 2,
 'downloader/response_bytes': 26492,
 'downloader/response_count': 2,
 'downloader/response_status_count/200': 2,
 'finish_reason': 'finished',
 'finish_time': datetime.datetime(2017, 6, 14, 4, 45, 46, 476407),
 'log_count/DEBUG': 4,
 'log_count/INFO': 7,
 'memusage/max': 48504832,
 'memusage/startup': 48504832,
 'response_received_count': 2,
 'scheduler/dequeued': 1,
 'scheduler/dequeued/memory': 1,
 'scheduler/enqueued': 1,
 'scheduler/enqueued/memory': 1,
 'start_time': datetime.datetime(2017, 6, 14, 4, 45, 45, 847533)}
2017-06-14 10:15:46 [scrapy.core.engine] INFO: Spider closed (finished)
2017-06-14 10:16:09 [scrapy.utils.log] INFO: Scrapy 1.4.0 started (bot: SpeechWork)
2017-06-14 10:16:09 [scrapy.utils.log] INFO: Overridden settings: {'NEWSPIDER_MODULE': 'SpeechWork.spiders', 'ROBOTSTXT_OBEY': True, 'SPIDER_MODULES': ['SpeechWork.spiders'], 'LOG_FILE': 'scrapy_output.txt', 'BOT_NAME': 'SpeechWork'}
2017-06-14 10:16:09 [scrapy.middleware] INFO: Enabled extensions:
['scrapy.extensions.memusage.MemoryUsage',
 'scrapy.extensions.corestats.CoreStats',
 'scrapy.extensions.telnet.TelnetConsole',
 'scrapy.extensions.logstats.LogStats']
2017-06-14 10:16:09 [scrapy.middleware] INFO: Enabled downloader middlewares:
['scrapy.downloadermiddlewares.robotstxt.RobotsTxtMiddleware',
 'scrapy.downloadermiddlewares.httpauth.HttpAuthMiddleware',
 'scrapy.downloadermiddlewares.downloadtimeout.DownloadTimeoutMiddleware',
 'scrapy.downloadermiddlewares.defaultheaders.DefaultHeadersMiddleware',
 'scrapy.downloadermiddlewares.useragent.UserAgentMiddleware',
 'scrapy.downloadermiddlewares.retry.RetryMiddleware',
 'scrapy.downloadermiddlewares.redirect.MetaRefreshMiddleware',
 'scrapy.downloadermiddlewares.httpcompression.HttpCompressionMiddleware',
 'scrapy.downloadermiddlewares.redirect.RedirectMiddleware',
 'scrapy.downloadermiddlewares.cookies.CookiesMiddleware',
 'scrapy.downloadermiddlewares.httpproxy.HttpProxyMiddleware',
 'scrapy.downloadermiddlewares.stats.DownloaderStats']
2017-06-14 10:16:09 [scrapy.middleware] INFO: Enabled spider middlewares:
['scrapy.spidermiddlewares.httperror.HttpErrorMiddleware',
 'scrapy.spidermiddlewares.offsite.OffsiteMiddleware',
 'scrapy.spidermiddlewares.referer.RefererMiddleware',
 'scrapy.spidermiddlewares.urllength.UrlLengthMiddleware',
 'scrapy.spidermiddlewares.depth.DepthMiddleware']
2017-06-14 10:16:09 [scrapy.middleware] INFO: Enabled item pipelines:
[]
2017-06-14 10:16:09 [scrapy.core.engine] INFO: Spider opened
2017-06-14 10:16:09 [scrapy.extensions.logstats] INFO: Crawled 0 pages (at 0 pages/min), scraped 0 items (at 0 items/min)
2017-06-14 10:16:09 [scrapy.extensions.telnet] DEBUG: Telnet console listening on 127.0.0.1:6023
2017-06-14 10:16:10 [scrapy.core.engine] DEBUG: Crawled (200) <GET http://www.dictionary.com/robots.txt> (referer: None)
2017-06-14 10:16:10 [scrapy.core.engine] DEBUG: Crawled (200) <GET http://www.dictionary.com/browse/acknowledgement?s=ts> (referer: None)
2017-06-14 10:16:10 [dictionary.com] DEBUG: Saved file meaning-acknowledgement.html
2017-06-14 10:16:10 [scrapy.core.engine] INFO: Closing spider (finished)
2017-06-14 10:16:10 [scrapy.statscollectors] INFO: Dumping Scrapy stats:
{'downloader/request_bytes': 530,
 'downloader/request_count': 2,
 'downloader/request_method_count/GET': 2,
 'downloader/response_bytes': 26490,
 'downloader/response_count': 2,
 'downloader/response_status_count/200': 2,
 'finish_reason': 'finished',
 'finish_time': datetime.datetime(2017, 6, 14, 4, 46, 10, 245080),
 'log_count/DEBUG': 4,
 'log_count/INFO': 7,
 'memusage/max': 48496640,
 'memusage/startup': 48496640,
 'response_received_count': 2,
 'scheduler/dequeued': 1,
 'scheduler/dequeued/memory': 1,
 'scheduler/enqueued': 1,
 'scheduler/enqueued/memory': 1,
 'start_time': datetime.datetime(2017, 6, 14, 4, 46, 9, 729195)}
2017-06-14 10:16:10 [scrapy.core.engine] INFO: Spider closed (finished)
2017-06-14 10:16:49 [scrapy.utils.log] INFO: Scrapy 1.4.0 started (bot: SpeechWork)
2017-06-14 10:16:49 [scrapy.utils.log] INFO: Overridden settings: {'SPIDER_MODULES': ['SpeechWork.spiders'], 'LOG_FILE': 'scrapy_output.txt', 'ROBOTSTXT_OBEY': True, 'BOT_NAME': 'SpeechWork', 'NEWSPIDER_MODULE': 'SpeechWork.spiders'}
2017-06-14 10:16:49 [scrapy.middleware] INFO: Enabled extensions:
['scrapy.extensions.logstats.LogStats',
 'scrapy.extensions.memusage.MemoryUsage',
 'scrapy.extensions.corestats.CoreStats',
 'scrapy.extensions.telnet.TelnetConsole']
2017-06-14 10:16:49 [scrapy.middleware] INFO: Enabled downloader middlewares:
['scrapy.downloadermiddlewares.robotstxt.RobotsTxtMiddleware',
 'scrapy.downloadermiddlewares.httpauth.HttpAuthMiddleware',
 'scrapy.downloadermiddlewares.downloadtimeout.DownloadTimeoutMiddleware',
 'scrapy.downloadermiddlewares.defaultheaders.DefaultHeadersMiddleware',
 'scrapy.downloadermiddlewares.useragent.UserAgentMiddleware',
 'scrapy.downloadermiddlewares.retry.RetryMiddleware',
 'scrapy.downloadermiddlewares.redirect.MetaRefreshMiddleware',
 'scrapy.downloadermiddlewares.httpcompression.HttpCompressionMiddleware',
 'scrapy.downloadermiddlewares.redirect.RedirectMiddleware',
 'scrapy.downloadermiddlewares.cookies.CookiesMiddleware',
 'scrapy.downloadermiddlewares.httpproxy.HttpProxyMiddleware',
 'scrapy.downloadermiddlewares.stats.DownloaderStats']
2017-06-14 10:16:49 [scrapy.middleware] INFO: Enabled spider middlewares:
['scrapy.spidermiddlewares.httperror.HttpErrorMiddleware',
 'scrapy.spidermiddlewares.offsite.OffsiteMiddleware',
 'scrapy.spidermiddlewares.referer.RefererMiddleware',
 'scrapy.spidermiddlewares.urllength.UrlLengthMiddleware',
 'scrapy.spidermiddlewares.depth.DepthMiddleware']
2017-06-14 10:16:49 [scrapy.middleware] INFO: Enabled item pipelines:
[]
2017-06-14 10:16:49 [scrapy.core.engine] INFO: Spider opened
2017-06-14 10:16:49 [scrapy.extensions.logstats] INFO: Crawled 0 pages (at 0 pages/min), scraped 0 items (at 0 items/min)
2017-06-14 10:16:49 [scrapy.extensions.telnet] DEBUG: Telnet console listening on 127.0.0.1:6023
2017-06-14 10:16:50 [scrapy.core.engine] DEBUG: Crawled (200) <GET http://www.dictionary.com/robots.txt> (referer: None)
2017-06-14 10:16:50 [scrapy.core.engine] DEBUG: Crawled (200) <GET http://www.dictionary.com/browse/acknowledgement?s=ts> (referer: None)
2017-06-14 10:16:50 [dictionary.com] DEBUG: Saved file meaning-acknowledgement.html
2017-06-14 10:16:50 [scrapy.core.engine] INFO: Closing spider (finished)
2017-06-14 10:16:50 [scrapy.statscollectors] INFO: Dumping Scrapy stats:
{'downloader/request_bytes': 530,
 'downloader/request_count': 2,
 'downloader/request_method_count/GET': 2,
 'downloader/response_bytes': 26490,
 'downloader/response_count': 2,
 'downloader/response_status_count/200': 2,
 'finish_reason': 'finished',
 'finish_time': datetime.datetime(2017, 6, 14, 4, 46, 50, 479621),
 'log_count/DEBUG': 4,
 'log_count/INFO': 7,
 'memusage/max': 48320512,
 'memusage/startup': 48320512,
 'response_received_count': 2,
 'scheduler/dequeued': 1,
 'scheduler/dequeued/memory': 1,
 'scheduler/enqueued': 1,
 'scheduler/enqueued/memory': 1,
 'start_time': datetime.datetime(2017, 6, 14, 4, 46, 49, 849023)}
2017-06-14 10:16:50 [scrapy.core.engine] INFO: Spider closed (finished)
2017-06-14 10:18:44 [scrapy.utils.log] INFO: Scrapy 1.4.0 started (bot: SpeechWork)
2017-06-14 10:18:44 [scrapy.utils.log] INFO: Overridden settings: {'LOG_FILE': 'scrapy_output.txt', 'NEWSPIDER_MODULE': 'SpeechWork.spiders', 'SPIDER_MODULES': ['SpeechWork.spiders'], 'BOT_NAME': 'SpeechWork', 'ROBOTSTXT_OBEY': True}
2017-06-14 10:18:44 [scrapy.middleware] INFO: Enabled extensions:
['scrapy.extensions.corestats.CoreStats',
 'scrapy.extensions.telnet.TelnetConsole',
 'scrapy.extensions.logstats.LogStats',
 'scrapy.extensions.memusage.MemoryUsage']
2017-06-14 10:18:44 [scrapy.middleware] INFO: Enabled downloader middlewares:
['scrapy.downloadermiddlewares.robotstxt.RobotsTxtMiddleware',
 'scrapy.downloadermiddlewares.httpauth.HttpAuthMiddleware',
 'scrapy.downloadermiddlewares.downloadtimeout.DownloadTimeoutMiddleware',
 'scrapy.downloadermiddlewares.defaultheaders.DefaultHeadersMiddleware',
 'scrapy.downloadermiddlewares.useragent.UserAgentMiddleware',
 'scrapy.downloadermiddlewares.retry.RetryMiddleware',
 'scrapy.downloadermiddlewares.redirect.MetaRefreshMiddleware',
 'scrapy.downloadermiddlewares.httpcompression.HttpCompressionMiddleware',
 'scrapy.downloadermiddlewares.redirect.RedirectMiddleware',
 'scrapy.downloadermiddlewares.cookies.CookiesMiddleware',
 'scrapy.downloadermiddlewares.httpproxy.HttpProxyMiddleware',
 'scrapy.downloadermiddlewares.stats.DownloaderStats']
2017-06-14 10:18:44 [scrapy.middleware] INFO: Enabled spider middlewares:
['scrapy.spidermiddlewares.httperror.HttpErrorMiddleware',
 'scrapy.spidermiddlewares.offsite.OffsiteMiddleware',
 'scrapy.spidermiddlewares.referer.RefererMiddleware',
 'scrapy.spidermiddlewares.urllength.UrlLengthMiddleware',
 'scrapy.spidermiddlewares.depth.DepthMiddleware']
2017-06-14 10:18:44 [scrapy.middleware] INFO: Enabled item pipelines:
[]
2017-06-14 10:18:44 [scrapy.core.engine] INFO: Spider opened
2017-06-14 10:18:44 [scrapy.extensions.logstats] INFO: Crawled 0 pages (at 0 pages/min), scraped 0 items (at 0 items/min)
2017-06-14 10:18:44 [scrapy.extensions.telnet] DEBUG: Telnet console listening on 127.0.0.1:6023
2017-06-14 10:18:44 [scrapy.core.engine] DEBUG: Crawled (200) <GET http://www.dictionary.com/robots.txt> (referer: None)
2017-06-14 10:18:44 [scrapy.core.engine] DEBUG: Crawled (200) <GET http://www.dictionary.com/browse/acknowledgement?s=ts> (referer: None)
2017-06-14 10:18:44 [dictionary.com] DEBUG: Saved file meaning-acknowledgement.html
2017-06-14 10:18:44 [scrapy.core.engine] INFO: Closing spider (finished)
2017-06-14 10:18:44 [scrapy.statscollectors] INFO: Dumping Scrapy stats:
{'downloader/request_bytes': 530,
 'downloader/request_count': 2,
 'downloader/request_method_count/GET': 2,
 'downloader/response_bytes': 26490,
 'downloader/response_count': 2,
 'downloader/response_status_count/200': 2,
 'finish_reason': 'finished',
 'finish_time': datetime.datetime(2017, 6, 14, 4, 48, 44, 896643),
 'log_count/DEBUG': 4,
 'log_count/INFO': 7,
 'memusage/max': 48500736,
 'memusage/startup': 48500736,
 'response_received_count': 2,
 'scheduler/dequeued': 1,
 'scheduler/dequeued/memory': 1,
 'scheduler/enqueued': 1,
 'scheduler/enqueued/memory': 1,
 'start_time': datetime.datetime(2017, 6, 14, 4, 48, 44, 373517)}
2017-06-14 10:18:44 [scrapy.core.engine] INFO: Spider closed (finished)
2017-06-14 10:18:49 [scrapy.utils.log] INFO: Scrapy 1.4.0 started (bot: SpeechWork)
2017-06-14 10:18:49 [scrapy.utils.log] INFO: Overridden settings: {'NEWSPIDER_MODULE': 'SpeechWork.spiders', 'ROBOTSTXT_OBEY': True, 'LOG_FILE': 'scrapy_output.txt', 'BOT_NAME': 'SpeechWork', 'SPIDER_MODULES': ['SpeechWork.spiders']}
2017-06-14 10:18:49 [scrapy.middleware] INFO: Enabled extensions:
['scrapy.extensions.logstats.LogStats',
 'scrapy.extensions.memusage.MemoryUsage',
 'scrapy.extensions.corestats.CoreStats',
 'scrapy.extensions.telnet.TelnetConsole']
2017-06-14 10:18:50 [scrapy.middleware] INFO: Enabled downloader middlewares:
['scrapy.downloadermiddlewares.robotstxt.RobotsTxtMiddleware',
 'scrapy.downloadermiddlewares.httpauth.HttpAuthMiddleware',
 'scrapy.downloadermiddlewares.downloadtimeout.DownloadTimeoutMiddleware',
 'scrapy.downloadermiddlewares.defaultheaders.DefaultHeadersMiddleware',
 'scrapy.downloadermiddlewares.useragent.UserAgentMiddleware',
 'scrapy.downloadermiddlewares.retry.RetryMiddleware',
 'scrapy.downloadermiddlewares.redirect.MetaRefreshMiddleware',
 'scrapy.downloadermiddlewares.httpcompression.HttpCompressionMiddleware',
 'scrapy.downloadermiddlewares.redirect.RedirectMiddleware',
 'scrapy.downloadermiddlewares.cookies.CookiesMiddleware',
 'scrapy.downloadermiddlewares.httpproxy.HttpProxyMiddleware',
 'scrapy.downloadermiddlewares.stats.DownloaderStats']
2017-06-14 10:18:50 [scrapy.middleware] INFO: Enabled spider middlewares:
['scrapy.spidermiddlewares.httperror.HttpErrorMiddleware',
 'scrapy.spidermiddlewares.offsite.OffsiteMiddleware',
 'scrapy.spidermiddlewares.referer.RefererMiddleware',
 'scrapy.spidermiddlewares.urllength.UrlLengthMiddleware',
 'scrapy.spidermiddlewares.depth.DepthMiddleware']
2017-06-14 10:18:50 [scrapy.middleware] INFO: Enabled item pipelines:
[]
2017-06-14 10:18:50 [scrapy.core.engine] INFO: Spider opened
2017-06-14 10:18:50 [scrapy.extensions.logstats] INFO: Crawled 0 pages (at 0 pages/min), scraped 0 items (at 0 items/min)
2017-06-14 10:18:50 [scrapy.extensions.telnet] DEBUG: Telnet console listening on 127.0.0.1:6023
2017-06-14 10:18:50 [scrapy.core.engine] DEBUG: Crawled (200) <GET http://www.dictionary.com/robots.txt> (referer: None)
2017-06-14 10:18:50 [scrapy.core.engine] DEBUG: Crawled (200) <GET http://www.dictionary.com/browse/acknowledgement?s=ts> (referer: None)
2017-06-14 10:18:50 [dictionary.com] DEBUG: Saved file meaning-acknowledgement.html
2017-06-14 10:18:50 [scrapy.core.engine] INFO: Closing spider (finished)
2017-06-14 10:18:50 [scrapy.statscollectors] INFO: Dumping Scrapy stats:
{'downloader/request_bytes': 530,
 'downloader/request_count': 2,
 'downloader/request_method_count/GET': 2,
 'downloader/response_bytes': 26488,
 'downloader/response_count': 2,
 'downloader/response_status_count/200': 2,
 'finish_reason': 'finished',
 'finish_time': datetime.datetime(2017, 6, 14, 4, 48, 50, 390614),
 'log_count/DEBUG': 4,
 'log_count/INFO': 7,
 'memusage/max': 48406528,
 'memusage/startup': 48406528,
 'response_received_count': 2,
 'scheduler/dequeued': 1,
 'scheduler/dequeued/memory': 1,
 'scheduler/enqueued': 1,
 'scheduler/enqueued/memory': 1,
 'start_time': datetime.datetime(2017, 6, 14, 4, 48, 50, 10550)}
2017-06-14 10:18:50 [scrapy.core.engine] INFO: Spider closed (finished)
2017-06-14 10:19:01 [scrapy.utils.log] INFO: Scrapy 1.4.0 started (bot: SpeechWork)
2017-06-14 10:19:01 [scrapy.utils.log] INFO: Overridden settings: {'ROBOTSTXT_OBEY': True, 'SPIDER_MODULES': ['SpeechWork.spiders'], 'LOG_FILE': 'scrapy_output.txt', 'NEWSPIDER_MODULE': 'SpeechWork.spiders', 'BOT_NAME': 'SpeechWork'}
2017-06-14 10:19:01 [scrapy.middleware] INFO: Enabled extensions:
['scrapy.extensions.corestats.CoreStats',
 'scrapy.extensions.memusage.MemoryUsage',
 'scrapy.extensions.logstats.LogStats',
 'scrapy.extensions.telnet.TelnetConsole']
2017-06-14 10:19:01 [scrapy.middleware] INFO: Enabled downloader middlewares:
['scrapy.downloadermiddlewares.robotstxt.RobotsTxtMiddleware',
 'scrapy.downloadermiddlewares.httpauth.HttpAuthMiddleware',
 'scrapy.downloadermiddlewares.downloadtimeout.DownloadTimeoutMiddleware',
 'scrapy.downloadermiddlewares.defaultheaders.DefaultHeadersMiddleware',
 'scrapy.downloadermiddlewares.useragent.UserAgentMiddleware',
 'scrapy.downloadermiddlewares.retry.RetryMiddleware',
 'scrapy.downloadermiddlewares.redirect.MetaRefreshMiddleware',
 'scrapy.downloadermiddlewares.httpcompression.HttpCompressionMiddleware',
 'scrapy.downloadermiddlewares.redirect.RedirectMiddleware',
 'scrapy.downloadermiddlewares.cookies.CookiesMiddleware',
 'scrapy.downloadermiddlewares.httpproxy.HttpProxyMiddleware',
 'scrapy.downloadermiddlewares.stats.DownloaderStats']
2017-06-14 10:19:01 [scrapy.middleware] INFO: Enabled spider middlewares:
['scrapy.spidermiddlewares.httperror.HttpErrorMiddleware',
 'scrapy.spidermiddlewares.offsite.OffsiteMiddleware',
 'scrapy.spidermiddlewares.referer.RefererMiddleware',
 'scrapy.spidermiddlewares.urllength.UrlLengthMiddleware',
 'scrapy.spidermiddlewares.depth.DepthMiddleware']
2017-06-14 10:19:01 [scrapy.middleware] INFO: Enabled item pipelines:
[]
2017-06-14 10:19:01 [scrapy.core.engine] INFO: Spider opened
2017-06-14 10:19:01 [scrapy.extensions.logstats] INFO: Crawled 0 pages (at 0 pages/min), scraped 0 items (at 0 items/min)
2017-06-14 10:19:01 [scrapy.extensions.telnet] DEBUG: Telnet console listening on 127.0.0.1:6023
2017-06-14 10:19:01 [scrapy.core.engine] DEBUG: Crawled (200) <GET http://www.dictionary.com/robots.txt> (referer: None)
2017-06-14 10:19:01 [scrapy.core.engine] DEBUG: Crawled (200) <GET http://www.dictionary.com/browse/acknowledgement?s=ts> (referer: None)
2017-06-14 10:19:01 [dictionary.com] DEBUG: Saved file meaning-acknowledgement.html
2017-06-14 10:19:01 [scrapy.core.engine] INFO: Closing spider (finished)
2017-06-14 10:19:01 [scrapy.statscollectors] INFO: Dumping Scrapy stats:
{'downloader/request_bytes': 530,
 'downloader/request_count': 2,
 'downloader/request_method_count/GET': 2,
 'downloader/response_bytes': 26488,
 'downloader/response_count': 2,
 'downloader/response_status_count/200': 2,
 'finish_reason': 'finished',
 'finish_time': datetime.datetime(2017, 6, 14, 4, 49, 1, 848849),
 'log_count/DEBUG': 4,
 'log_count/INFO': 7,
 'memusage/max': 48500736,
 'memusage/startup': 48500736,
 'response_received_count': 2,
 'scheduler/dequeued': 1,
 'scheduler/dequeued/memory': 1,
 'scheduler/enqueued': 1,
 'scheduler/enqueued/memory': 1,
 'start_time': datetime.datetime(2017, 6, 14, 4, 49, 1, 452289)}
2017-06-14 10:19:01 [scrapy.core.engine] INFO: Spider closed (finished)
2017-06-14 10:19:07 [scrapy.utils.log] INFO: Scrapy 1.4.0 started (bot: SpeechWork)
2017-06-14 10:19:07 [scrapy.utils.log] INFO: Overridden settings: {'NEWSPIDER_MODULE': 'SpeechWork.spiders', 'ROBOTSTXT_OBEY': True, 'BOT_NAME': 'SpeechWork', 'LOG_FILE': 'scrapy_output.txt', 'SPIDER_MODULES': ['SpeechWork.spiders']}
2017-06-14 10:19:07 [scrapy.middleware] INFO: Enabled extensions:
['scrapy.extensions.telnet.TelnetConsole',
 'scrapy.extensions.logstats.LogStats',
 'scrapy.extensions.memusage.MemoryUsage',
 'scrapy.extensions.corestats.CoreStats']
2017-06-14 10:19:07 [scrapy.middleware] INFO: Enabled downloader middlewares:
['scrapy.downloadermiddlewares.robotstxt.RobotsTxtMiddleware',
 'scrapy.downloadermiddlewares.httpauth.HttpAuthMiddleware',
 'scrapy.downloadermiddlewares.downloadtimeout.DownloadTimeoutMiddleware',
 'scrapy.downloadermiddlewares.defaultheaders.DefaultHeadersMiddleware',
 'scrapy.downloadermiddlewares.useragent.UserAgentMiddleware',
 'scrapy.downloadermiddlewares.retry.RetryMiddleware',
 'scrapy.downloadermiddlewares.redirect.MetaRefreshMiddleware',
 'scrapy.downloadermiddlewares.httpcompression.HttpCompressionMiddleware',
 'scrapy.downloadermiddlewares.redirect.RedirectMiddleware',
 'scrapy.downloadermiddlewares.cookies.CookiesMiddleware',
 'scrapy.downloadermiddlewares.httpproxy.HttpProxyMiddleware',
 'scrapy.downloadermiddlewares.stats.DownloaderStats']
2017-06-14 10:19:07 [scrapy.middleware] INFO: Enabled spider middlewares:
['scrapy.spidermiddlewares.httperror.HttpErrorMiddleware',
 'scrapy.spidermiddlewares.offsite.OffsiteMiddleware',
 'scrapy.spidermiddlewares.referer.RefererMiddleware',
 'scrapy.spidermiddlewares.urllength.UrlLengthMiddleware',
 'scrapy.spidermiddlewares.depth.DepthMiddleware']
2017-06-14 10:19:07 [scrapy.middleware] INFO: Enabled item pipelines:
[]
2017-06-14 10:19:07 [scrapy.core.engine] INFO: Spider opened
2017-06-14 10:19:07 [scrapy.extensions.logstats] INFO: Crawled 0 pages (at 0 pages/min), scraped 0 items (at 0 items/min)
2017-06-14 10:19:07 [scrapy.extensions.telnet] DEBUG: Telnet console listening on 127.0.0.1:6023
2017-06-14 10:19:12 [scrapy.core.engine] DEBUG: Crawled (200) <GET http://www.dictionary.com/robots.txt> (referer: None)
2017-06-14 10:19:12 [scrapy.core.engine] DEBUG: Crawled (200) <GET http://www.dictionary.com/browse/acknowledgement?s=ts> (referer: None)
2017-06-14 10:19:12 [dictionary.com] DEBUG: Saved file meaning-acknowledgement.html
2017-06-14 10:19:12 [scrapy.core.engine] INFO: Closing spider (finished)
2017-06-14 10:19:12 [scrapy.statscollectors] INFO: Dumping Scrapy stats:
{'downloader/request_bytes': 530,
 'downloader/request_count': 2,
 'downloader/request_method_count/GET': 2,
 'downloader/response_bytes': 26488,
 'downloader/response_count': 2,
 'downloader/response_status_count/200': 2,
 'finish_reason': 'finished',
 'finish_time': datetime.datetime(2017, 6, 14, 4, 49, 12, 213107),
 'log_count/DEBUG': 4,
 'log_count/INFO': 7,
 'memusage/max': 48467968,
 'memusage/startup': 48467968,
 'response_received_count': 2,
 'scheduler/dequeued': 1,
 'scheduler/dequeued/memory': 1,
 'scheduler/enqueued': 1,
 'scheduler/enqueued/memory': 1,
 'start_time': datetime.datetime(2017, 6, 14, 4, 49, 7, 242434)}
2017-06-14 10:19:12 [scrapy.core.engine] INFO: Spider closed (finished)
2017-06-14 10:19:24 [scrapy.utils.log] INFO: Scrapy 1.4.0 started (bot: SpeechWork)
2017-06-14 10:19:24 [scrapy.utils.log] INFO: Overridden settings: {'SPIDER_MODULES': ['SpeechWork.spiders'], 'LOG_FILE': 'scrapy_output.txt', 'ROBOTSTXT_OBEY': True, 'NEWSPIDER_MODULE': 'SpeechWork.spiders', 'BOT_NAME': 'SpeechWork'}
2017-06-14 10:19:24 [scrapy.middleware] INFO: Enabled extensions:
['scrapy.extensions.memusage.MemoryUsage',
 'scrapy.extensions.corestats.CoreStats',
 'scrapy.extensions.logstats.LogStats',
 'scrapy.extensions.telnet.TelnetConsole']
2017-06-14 10:19:24 [scrapy.middleware] INFO: Enabled downloader middlewares:
['scrapy.downloadermiddlewares.robotstxt.RobotsTxtMiddleware',
 'scrapy.downloadermiddlewares.httpauth.HttpAuthMiddleware',
 'scrapy.downloadermiddlewares.downloadtimeout.DownloadTimeoutMiddleware',
 'scrapy.downloadermiddlewares.defaultheaders.DefaultHeadersMiddleware',
 'scrapy.downloadermiddlewares.useragent.UserAgentMiddleware',
 'scrapy.downloadermiddlewares.retry.RetryMiddleware',
 'scrapy.downloadermiddlewares.redirect.MetaRefreshMiddleware',
 'scrapy.downloadermiddlewares.httpcompression.HttpCompressionMiddleware',
 'scrapy.downloadermiddlewares.redirect.RedirectMiddleware',
 'scrapy.downloadermiddlewares.cookies.CookiesMiddleware',
 'scrapy.downloadermiddlewares.httpproxy.HttpProxyMiddleware',
 'scrapy.downloadermiddlewares.stats.DownloaderStats']
2017-06-14 10:19:24 [scrapy.middleware] INFO: Enabled spider middlewares:
['scrapy.spidermiddlewares.httperror.HttpErrorMiddleware',
 'scrapy.spidermiddlewares.offsite.OffsiteMiddleware',
 'scrapy.spidermiddlewares.referer.RefererMiddleware',
 'scrapy.spidermiddlewares.urllength.UrlLengthMiddleware',
 'scrapy.spidermiddlewares.depth.DepthMiddleware']
2017-06-14 10:19:24 [scrapy.middleware] INFO: Enabled item pipelines:
[]
2017-06-14 10:19:24 [scrapy.core.engine] INFO: Spider opened
2017-06-14 10:19:24 [scrapy.extensions.logstats] INFO: Crawled 0 pages (at 0 pages/min), scraped 0 items (at 0 items/min)
2017-06-14 10:19:24 [scrapy.extensions.telnet] DEBUG: Telnet console listening on 127.0.0.1:6023
2017-06-14 10:19:24 [scrapy.core.engine] DEBUG: Crawled (200) <GET http://www.dictionary.com/robots.txt> (referer: None)
2017-06-14 10:19:24 [scrapy.core.engine] DEBUG: Crawled (200) <GET http://www.dictionary.com/browse/acknowledgement?s=ts> (referer: None)
2017-06-14 10:19:24 [dictionary.com] DEBUG: Saved file meaning-acknowledgement.html
2017-06-14 10:19:24 [scrapy.core.engine] INFO: Closing spider (finished)
2017-06-14 10:19:24 [scrapy.statscollectors] INFO: Dumping Scrapy stats:
{'downloader/request_bytes': 530,
 'downloader/request_count': 2,
 'downloader/request_method_count/GET': 2,
 'downloader/response_bytes': 26492,
 'downloader/response_count': 2,
 'downloader/response_status_count/200': 2,
 'finish_reason': 'finished',
 'finish_time': datetime.datetime(2017, 6, 14, 4, 49, 24, 865996),
 'log_count/DEBUG': 4,
 'log_count/INFO': 7,
 'memusage/max': 48295936,
 'memusage/startup': 48295936,
 'response_received_count': 2,
 'scheduler/dequeued': 1,
 'scheduler/dequeued/memory': 1,
 'scheduler/enqueued': 1,
 'scheduler/enqueued/memory': 1,
 'start_time': datetime.datetime(2017, 6, 14, 4, 49, 24, 185699)}
2017-06-14 10:19:24 [scrapy.core.engine] INFO: Spider closed (finished)
2017-06-14 10:19:31 [scrapy.utils.log] INFO: Scrapy 1.4.0 started (bot: SpeechWork)
2017-06-14 10:19:31 [scrapy.utils.log] INFO: Overridden settings: {'LOG_FILE': 'scrapy_output.txt', 'SPIDER_MODULES': ['SpeechWork.spiders'], 'NEWSPIDER_MODULE': 'SpeechWork.spiders', 'BOT_NAME': 'SpeechWork', 'ROBOTSTXT_OBEY': True}
2017-06-14 10:19:31 [scrapy.middleware] INFO: Enabled extensions:
['scrapy.extensions.corestats.CoreStats',
 'scrapy.extensions.telnet.TelnetConsole',
 'scrapy.extensions.memusage.MemoryUsage',
 'scrapy.extensions.logstats.LogStats']
2017-06-14 10:19:31 [scrapy.middleware] INFO: Enabled downloader middlewares:
['scrapy.downloadermiddlewares.robotstxt.RobotsTxtMiddleware',
 'scrapy.downloadermiddlewares.httpauth.HttpAuthMiddleware',
 'scrapy.downloadermiddlewares.downloadtimeout.DownloadTimeoutMiddleware',
 'scrapy.downloadermiddlewares.defaultheaders.DefaultHeadersMiddleware',
 'scrapy.downloadermiddlewares.useragent.UserAgentMiddleware',
 'scrapy.downloadermiddlewares.retry.RetryMiddleware',
 'scrapy.downloadermiddlewares.redirect.MetaRefreshMiddleware',
 'scrapy.downloadermiddlewares.httpcompression.HttpCompressionMiddleware',
 'scrapy.downloadermiddlewares.redirect.RedirectMiddleware',
 'scrapy.downloadermiddlewares.cookies.CookiesMiddleware',
 'scrapy.downloadermiddlewares.httpproxy.HttpProxyMiddleware',
 'scrapy.downloadermiddlewares.stats.DownloaderStats']
2017-06-14 10:19:31 [scrapy.middleware] INFO: Enabled spider middlewares:
['scrapy.spidermiddlewares.httperror.HttpErrorMiddleware',
 'scrapy.spidermiddlewares.offsite.OffsiteMiddleware',
 'scrapy.spidermiddlewares.referer.RefererMiddleware',
 'scrapy.spidermiddlewares.urllength.UrlLengthMiddleware',
 'scrapy.spidermiddlewares.depth.DepthMiddleware']
2017-06-14 10:19:31 [scrapy.middleware] INFO: Enabled item pipelines:
[]
2017-06-14 10:19:31 [scrapy.core.engine] INFO: Spider opened
2017-06-14 10:19:31 [scrapy.extensions.logstats] INFO: Crawled 0 pages (at 0 pages/min), scraped 0 items (at 0 items/min)
2017-06-14 10:19:31 [scrapy.extensions.telnet] DEBUG: Telnet console listening on 127.0.0.1:6023
2017-06-14 10:19:32 [scrapy.core.engine] DEBUG: Crawled (200) <GET http://www.dictionary.com/robots.txt> (referer: None)
2017-06-14 10:19:32 [scrapy.core.engine] DEBUG: Crawled (200) <GET http://www.dictionary.com/browse/acknowledgement?s=ts> (referer: None)
2017-06-14 10:19:32 [dictionary.com] DEBUG: Saved file meaning-acknowledgement.html
2017-06-14 10:19:32 [scrapy.core.engine] INFO: Closing spider (finished)
2017-06-14 10:19:32 [scrapy.statscollectors] INFO: Dumping Scrapy stats:
{'downloader/request_bytes': 530,
 'downloader/request_count': 2,
 'downloader/request_method_count/GET': 2,
 'downloader/response_bytes': 26492,
 'downloader/response_count': 2,
 'downloader/response_status_count/200': 2,
 'finish_reason': 'finished',
 'finish_time': datetime.datetime(2017, 6, 14, 4, 49, 32, 260461),
 'log_count/DEBUG': 4,
 'log_count/INFO': 7,
 'memusage/max': 48439296,
 'memusage/startup': 48439296,
 'response_received_count': 2,
 'scheduler/dequeued': 1,
 'scheduler/dequeued/memory': 1,
 'scheduler/enqueued': 1,
 'scheduler/enqueued/memory': 1,
 'start_time': datetime.datetime(2017, 6, 14, 4, 49, 31, 873104)}
2017-06-14 10:19:32 [scrapy.core.engine] INFO: Spider closed (finished)
2017-06-14 10:20:21 [scrapy.utils.log] INFO: Scrapy 1.4.0 started (bot: SpeechWork)
2017-06-14 10:20:21 [scrapy.utils.log] INFO: Overridden settings: {'BOT_NAME': 'SpeechWork', 'SPIDER_MODULES': ['SpeechWork.spiders'], 'NEWSPIDER_MODULE': 'SpeechWork.spiders', 'ROBOTSTXT_OBEY': True, 'LOG_FILE': 'scrapy_output.txt'}
2017-06-14 10:20:21 [scrapy.middleware] INFO: Enabled extensions:
['scrapy.extensions.corestats.CoreStats',
 'scrapy.extensions.memusage.MemoryUsage',
 'scrapy.extensions.logstats.LogStats',
 'scrapy.extensions.telnet.TelnetConsole']
2017-06-14 10:20:21 [scrapy.middleware] INFO: Enabled downloader middlewares:
['scrapy.downloadermiddlewares.robotstxt.RobotsTxtMiddleware',
 'scrapy.downloadermiddlewares.httpauth.HttpAuthMiddleware',
 'scrapy.downloadermiddlewares.downloadtimeout.DownloadTimeoutMiddleware',
 'scrapy.downloadermiddlewares.defaultheaders.DefaultHeadersMiddleware',
 'scrapy.downloadermiddlewares.useragent.UserAgentMiddleware',
 'scrapy.downloadermiddlewares.retry.RetryMiddleware',
 'scrapy.downloadermiddlewares.redirect.MetaRefreshMiddleware',
 'scrapy.downloadermiddlewares.httpcompression.HttpCompressionMiddleware',
 'scrapy.downloadermiddlewares.redirect.RedirectMiddleware',
 'scrapy.downloadermiddlewares.cookies.CookiesMiddleware',
 'scrapy.downloadermiddlewares.httpproxy.HttpProxyMiddleware',
 'scrapy.downloadermiddlewares.stats.DownloaderStats']
2017-06-14 10:20:21 [scrapy.middleware] INFO: Enabled spider middlewares:
['scrapy.spidermiddlewares.httperror.HttpErrorMiddleware',
 'scrapy.spidermiddlewares.offsite.OffsiteMiddleware',
 'scrapy.spidermiddlewares.referer.RefererMiddleware',
 'scrapy.spidermiddlewares.urllength.UrlLengthMiddleware',
 'scrapy.spidermiddlewares.depth.DepthMiddleware']
2017-06-14 10:20:21 [scrapy.middleware] INFO: Enabled item pipelines:
[]
2017-06-14 10:20:21 [scrapy.core.engine] INFO: Spider opened
2017-06-14 10:20:21 [scrapy.extensions.logstats] INFO: Crawled 0 pages (at 0 pages/min), scraped 0 items (at 0 items/min)
2017-06-14 10:20:21 [scrapy.extensions.telnet] DEBUG: Telnet console listening on 127.0.0.1:6023
2017-06-14 10:20:22 [scrapy.core.engine] DEBUG: Crawled (200) <GET http://www.dictionary.com/robots.txt> (referer: None)
2017-06-14 10:20:22 [scrapy.core.engine] DEBUG: Crawled (200) <GET http://www.dictionary.com/browse/acknowledgement?s=ts> (referer: None)
2017-06-14 10:20:22 [dictionary.com] DEBUG: Saved file meaning-acknowledgement.html
2017-06-14 10:20:22 [scrapy.core.engine] INFO: Closing spider (finished)
2017-06-14 10:20:22 [scrapy.statscollectors] INFO: Dumping Scrapy stats:
{'downloader/request_bytes': 530,
 'downloader/request_count': 2,
 'downloader/request_method_count/GET': 2,
 'downloader/response_bytes': 26490,
 'downloader/response_count': 2,
 'downloader/response_status_count/200': 2,
 'finish_reason': 'finished',
 'finish_time': datetime.datetime(2017, 6, 14, 4, 50, 22, 379922),
 'log_count/DEBUG': 4,
 'log_count/INFO': 7,
 'memusage/max': 48308224,
 'memusage/startup': 48308224,
 'response_received_count': 2,
 'scheduler/dequeued': 1,
 'scheduler/dequeued/memory': 1,
 'scheduler/enqueued': 1,
 'scheduler/enqueued/memory': 1,
 'start_time': datetime.datetime(2017, 6, 14, 4, 50, 21, 819637)}
2017-06-14 10:20:22 [scrapy.core.engine] INFO: Spider closed (finished)
2017-06-14 10:21:53 [scrapy.utils.log] INFO: Scrapy 1.4.0 started (bot: SpeechWork)
2017-06-14 10:21:53 [scrapy.utils.log] INFO: Overridden settings: {'SPIDER_MODULES': ['SpeechWork.spiders'], 'LOG_FILE': 'scrapy_output.txt', 'BOT_NAME': 'SpeechWork', 'ROBOTSTXT_OBEY': True, 'NEWSPIDER_MODULE': 'SpeechWork.spiders'}
2017-06-14 10:21:53 [scrapy.middleware] INFO: Enabled extensions:
['scrapy.extensions.telnet.TelnetConsole',
 'scrapy.extensions.memusage.MemoryUsage',
 'scrapy.extensions.corestats.CoreStats',
 'scrapy.extensions.logstats.LogStats']
2017-06-14 10:21:53 [scrapy.middleware] INFO: Enabled downloader middlewares:
['scrapy.downloadermiddlewares.robotstxt.RobotsTxtMiddleware',
 'scrapy.downloadermiddlewares.httpauth.HttpAuthMiddleware',
 'scrapy.downloadermiddlewares.downloadtimeout.DownloadTimeoutMiddleware',
 'scrapy.downloadermiddlewares.defaultheaders.DefaultHeadersMiddleware',
 'scrapy.downloadermiddlewares.useragent.UserAgentMiddleware',
 'scrapy.downloadermiddlewares.retry.RetryMiddleware',
 'scrapy.downloadermiddlewares.redirect.MetaRefreshMiddleware',
 'scrapy.downloadermiddlewares.httpcompression.HttpCompressionMiddleware',
 'scrapy.downloadermiddlewares.redirect.RedirectMiddleware',
 'scrapy.downloadermiddlewares.cookies.CookiesMiddleware',
 'scrapy.downloadermiddlewares.httpproxy.HttpProxyMiddleware',
 'scrapy.downloadermiddlewares.stats.DownloaderStats']
2017-06-14 10:21:53 [scrapy.middleware] INFO: Enabled spider middlewares:
['scrapy.spidermiddlewares.httperror.HttpErrorMiddleware',
 'scrapy.spidermiddlewares.offsite.OffsiteMiddleware',
 'scrapy.spidermiddlewares.referer.RefererMiddleware',
 'scrapy.spidermiddlewares.urllength.UrlLengthMiddleware',
 'scrapy.spidermiddlewares.depth.DepthMiddleware']
2017-06-14 10:21:53 [scrapy.middleware] INFO: Enabled item pipelines:
[]
2017-06-14 10:21:53 [scrapy.core.engine] INFO: Spider opened
2017-06-14 10:21:53 [scrapy.extensions.logstats] INFO: Crawled 0 pages (at 0 pages/min), scraped 0 items (at 0 items/min)
2017-06-14 10:21:53 [scrapy.extensions.telnet] DEBUG: Telnet console listening on 127.0.0.1:6023
2017-06-14 10:21:59 [scrapy.core.engine] DEBUG: Crawled (200) <GET http://www.dictionary.com/robots.txt> (referer: None)
2017-06-14 10:21:59 [scrapy.core.engine] DEBUG: Crawled (200) <GET http://www.dictionary.com/browse/acknowledgement?s=ts> (referer: None)
2017-06-14 10:21:59 [dictionary.com] DEBUG: Saved file meaning-acknowledgement.html
2017-06-14 10:21:59 [scrapy.core.engine] INFO: Closing spider (finished)
2017-06-14 10:21:59 [scrapy.statscollectors] INFO: Dumping Scrapy stats:
{'downloader/request_bytes': 530,
 'downloader/request_count': 2,
 'downloader/request_method_count/GET': 2,
 'downloader/response_bytes': 26973,
 'downloader/response_count': 2,
 'downloader/response_status_count/200': 2,
 'finish_reason': 'finished',
 'finish_time': datetime.datetime(2017, 6, 14, 4, 51, 59, 474931),
 'log_count/DEBUG': 4,
 'log_count/INFO': 7,
 'memusage/max': 48422912,
 'memusage/startup': 48422912,
 'response_received_count': 2,
 'scheduler/dequeued': 1,
 'scheduler/dequeued/memory': 1,
 'scheduler/enqueued': 1,
 'scheduler/enqueued/memory': 1,
 'start_time': datetime.datetime(2017, 6, 14, 4, 51, 53, 866851)}
2017-06-14 10:21:59 [scrapy.core.engine] INFO: Spider closed (finished)
2017-06-14 10:23:40 [scrapy.utils.log] INFO: Scrapy 1.4.0 started (bot: SpeechWork)
2017-06-14 10:23:40 [scrapy.utils.log] INFO: Overridden settings: {'NEWSPIDER_MODULE': 'SpeechWork.spiders', 'BOT_NAME': 'SpeechWork', 'LOG_FILE': 'scrapy_output.txt', 'ROBOTSTXT_OBEY': True, 'SPIDER_MODULES': ['SpeechWork.spiders']}
2017-06-14 10:23:40 [scrapy.middleware] INFO: Enabled extensions:
['scrapy.extensions.telnet.TelnetConsole',
 'scrapy.extensions.logstats.LogStats',
 'scrapy.extensions.memusage.MemoryUsage',
 'scrapy.extensions.corestats.CoreStats']
2017-06-14 10:23:40 [scrapy.middleware] INFO: Enabled downloader middlewares:
['scrapy.downloadermiddlewares.robotstxt.RobotsTxtMiddleware',
 'scrapy.downloadermiddlewares.httpauth.HttpAuthMiddleware',
 'scrapy.downloadermiddlewares.downloadtimeout.DownloadTimeoutMiddleware',
 'scrapy.downloadermiddlewares.defaultheaders.DefaultHeadersMiddleware',
 'scrapy.downloadermiddlewares.useragent.UserAgentMiddleware',
 'scrapy.downloadermiddlewares.retry.RetryMiddleware',
 'scrapy.downloadermiddlewares.redirect.MetaRefreshMiddleware',
 'scrapy.downloadermiddlewares.httpcompression.HttpCompressionMiddleware',
 'scrapy.downloadermiddlewares.redirect.RedirectMiddleware',
 'scrapy.downloadermiddlewares.cookies.CookiesMiddleware',
 'scrapy.downloadermiddlewares.httpproxy.HttpProxyMiddleware',
 'scrapy.downloadermiddlewares.stats.DownloaderStats']
2017-06-14 10:23:40 [scrapy.middleware] INFO: Enabled spider middlewares:
['scrapy.spidermiddlewares.httperror.HttpErrorMiddleware',
 'scrapy.spidermiddlewares.offsite.OffsiteMiddleware',
 'scrapy.spidermiddlewares.referer.RefererMiddleware',
 'scrapy.spidermiddlewares.urllength.UrlLengthMiddleware',
 'scrapy.spidermiddlewares.depth.DepthMiddleware']
2017-06-14 10:23:40 [scrapy.middleware] INFO: Enabled item pipelines:
[]
2017-06-14 10:23:40 [scrapy.core.engine] INFO: Spider opened
2017-06-14 10:23:40 [scrapy.extensions.logstats] INFO: Crawled 0 pages (at 0 pages/min), scraped 0 items (at 0 items/min)
2017-06-14 10:23:40 [scrapy.extensions.telnet] DEBUG: Telnet console listening on 127.0.0.1:6023
2017-06-14 10:23:41 [scrapy.core.engine] DEBUG: Crawled (200) <GET http://www.dictionary.com/robots.txt> (referer: None)
2017-06-14 10:23:41 [scrapy.core.engine] DEBUG: Crawled (200) <GET http://www.dictionary.com/browse/acknowledgement?s=ts> (referer: None)
2017-06-14 10:23:41 [dictionary.com] DEBUG: Saved file meaning-acknowledgement.html
2017-06-14 10:23:41 [scrapy.core.engine] INFO: Closing spider (finished)
2017-06-14 10:23:41 [scrapy.statscollectors] INFO: Dumping Scrapy stats:
{'downloader/request_bytes': 530,
 'downloader/request_count': 2,
 'downloader/request_method_count/GET': 2,
 'downloader/response_bytes': 26492,
 'downloader/response_count': 2,
 'downloader/response_status_count/200': 2,
 'finish_reason': 'finished',
 'finish_time': datetime.datetime(2017, 6, 14, 4, 53, 41, 249562),
 'log_count/DEBUG': 4,
 'log_count/INFO': 7,
 'memusage/max': 48398336,
 'memusage/startup': 48398336,
 'response_received_count': 2,
 'scheduler/dequeued': 1,
 'scheduler/dequeued/memory': 1,
 'scheduler/enqueued': 1,
 'scheduler/enqueued/memory': 1,
 'start_time': datetime.datetime(2017, 6, 14, 4, 53, 40, 677724)}
2017-06-14 10:23:41 [scrapy.core.engine] INFO: Spider closed (finished)
2017-06-14 10:23:51 [scrapy.utils.log] INFO: Scrapy 1.4.0 started (bot: SpeechWork)
2017-06-14 10:23:51 [scrapy.utils.log] INFO: Overridden settings: {'BOT_NAME': 'SpeechWork', 'ROBOTSTXT_OBEY': True, 'SPIDER_MODULES': ['SpeechWork.spiders'], 'LOG_FILE': 'scrapy_output.txt', 'NEWSPIDER_MODULE': 'SpeechWork.spiders'}
2017-06-14 10:23:51 [scrapy.middleware] INFO: Enabled extensions:
['scrapy.extensions.telnet.TelnetConsole',
 'scrapy.extensions.memusage.MemoryUsage',
 'scrapy.extensions.corestats.CoreStats',
 'scrapy.extensions.logstats.LogStats']
2017-06-14 10:23:51 [scrapy.middleware] INFO: Enabled downloader middlewares:
['scrapy.downloadermiddlewares.robotstxt.RobotsTxtMiddleware',
 'scrapy.downloadermiddlewares.httpauth.HttpAuthMiddleware',
 'scrapy.downloadermiddlewares.downloadtimeout.DownloadTimeoutMiddleware',
 'scrapy.downloadermiddlewares.defaultheaders.DefaultHeadersMiddleware',
 'scrapy.downloadermiddlewares.useragent.UserAgentMiddleware',
 'scrapy.downloadermiddlewares.retry.RetryMiddleware',
 'scrapy.downloadermiddlewares.redirect.MetaRefreshMiddleware',
 'scrapy.downloadermiddlewares.httpcompression.HttpCompressionMiddleware',
 'scrapy.downloadermiddlewares.redirect.RedirectMiddleware',
 'scrapy.downloadermiddlewares.cookies.CookiesMiddleware',
 'scrapy.downloadermiddlewares.httpproxy.HttpProxyMiddleware',
 'scrapy.downloadermiddlewares.stats.DownloaderStats']
2017-06-14 10:23:51 [scrapy.middleware] INFO: Enabled spider middlewares:
['scrapy.spidermiddlewares.httperror.HttpErrorMiddleware',
 'scrapy.spidermiddlewares.offsite.OffsiteMiddleware',
 'scrapy.spidermiddlewares.referer.RefererMiddleware',
 'scrapy.spidermiddlewares.urllength.UrlLengthMiddleware',
 'scrapy.spidermiddlewares.depth.DepthMiddleware']
2017-06-14 10:23:51 [scrapy.middleware] INFO: Enabled item pipelines:
[]
2017-06-14 10:23:51 [scrapy.core.engine] INFO: Spider opened
2017-06-14 10:23:51 [scrapy.extensions.logstats] INFO: Crawled 0 pages (at 0 pages/min), scraped 0 items (at 0 items/min)
2017-06-14 10:23:51 [scrapy.extensions.telnet] DEBUG: Telnet console listening on 127.0.0.1:6023
2017-06-14 10:23:51 [scrapy.core.engine] DEBUG: Crawled (200) <GET http://www.dictionary.com/robots.txt> (referer: None)
2017-06-14 10:23:51 [scrapy.core.engine] DEBUG: Crawled (200) <GET http://www.dictionary.com/browse/acknowledgement?s=ts> (referer: None)
2017-06-14 10:23:51 [scrapy.core.scraper] ERROR: Spider error processing <GET http://www.dictionary.com/browse/acknowledgement?s=ts> (referer: None)
Traceback (most recent call last):
  File "/usr/local/lib/python3.5/dist-packages/parsel/selector.py", line 222, in xpath
    **kwargs)
  File "src/lxml/lxml.etree.pyx", line 1587, in lxml.etree._Element.xpath (src/lxml/lxml.etree.c:59369)
  File "src/lxml/xpath.pxi", line 307, in lxml.etree.XPathElementEvaluator.__call__ (src/lxml/lxml.etree.c:171249)
  File "src/lxml/xpath.pxi", line 227, in lxml.etree._XPathEvaluatorBase._handle_result (src/lxml/lxml.etree.c:170206)
lxml.etree.XPathEvalError: Invalid expression

During handling of the above exception, another exception occurred:

Traceback (most recent call last):
  File "/usr/local/lib/python3.5/dist-packages/twisted/internet/defer.py", line 653, in _runCallbacks
    current.result = callback(current.result, *args, **kw)
  File "/home/paras/CodingProjects/SpeechWork/SpeechWork/spiders/meaning_spider.py", line 28, in parse
    content = div_tag.xpath('(.)[descendant-or-self::]/text()')
  File "/usr/local/lib/python3.5/dist-packages/parsel/selector.py", line 226, in xpath
    six.reraise(ValueError, ValueError(msg), sys.exc_info()[2])
  File "/home/paras/.local/lib/python3.5/site-packages/six.py", line 685, in reraise
    raise value.with_traceback(tb)
  File "/usr/local/lib/python3.5/dist-packages/parsel/selector.py", line 222, in xpath
    **kwargs)
  File "src/lxml/lxml.etree.pyx", line 1587, in lxml.etree._Element.xpath (src/lxml/lxml.etree.c:59369)
  File "src/lxml/xpath.pxi", line 307, in lxml.etree.XPathElementEvaluator.__call__ (src/lxml/lxml.etree.c:171249)
  File "src/lxml/xpath.pxi", line 227, in lxml.etree._XPathEvaluatorBase._handle_result (src/lxml/lxml.etree.c:170206)
ValueError: XPath error: Invalid expression in (.)[descendant-or-self::]/text()
2017-06-14 10:23:51 [scrapy.core.engine] INFO: Closing spider (finished)
2017-06-14 10:23:51 [scrapy.statscollectors] INFO: Dumping Scrapy stats:
{'downloader/request_bytes': 530,
 'downloader/request_count': 2,
 'downloader/request_method_count/GET': 2,
 'downloader/response_bytes': 26492,
 'downloader/response_count': 2,
 'downloader/response_status_count/200': 2,
 'finish_reason': 'finished',
 'finish_time': datetime.datetime(2017, 6, 14, 4, 53, 51, 698056),
 'log_count/DEBUG': 3,
 'log_count/ERROR': 1,
 'log_count/INFO': 7,
 'memusage/max': 48427008,
 'memusage/startup': 48427008,
 'response_received_count': 2,
 'scheduler/dequeued': 1,
 'scheduler/dequeued/memory': 1,
 'scheduler/enqueued': 1,
 'scheduler/enqueued/memory': 1,
 'spider_exceptions/ValueError': 1,
 'start_time': datetime.datetime(2017, 6, 14, 4, 53, 51, 210549)}
2017-06-14 10:23:51 [scrapy.core.engine] INFO: Spider closed (finished)
2017-06-14 10:25:51 [scrapy.utils.log] INFO: Scrapy 1.4.0 started (bot: SpeechWork)
2017-06-14 10:25:51 [scrapy.utils.log] INFO: Overridden settings: {'NEWSPIDER_MODULE': 'SpeechWork.spiders', 'ROBOTSTXT_OBEY': True, 'SPIDER_MODULES': ['SpeechWork.spiders'], 'BOT_NAME': 'SpeechWork', 'LOG_FILE': 'scrapy_output.txt'}
2017-06-14 10:25:51 [scrapy.middleware] INFO: Enabled extensions:
['scrapy.extensions.logstats.LogStats',
 'scrapy.extensions.memusage.MemoryUsage',
 'scrapy.extensions.telnet.TelnetConsole',
 'scrapy.extensions.corestats.CoreStats']
2017-06-14 10:25:51 [scrapy.middleware] INFO: Enabled downloader middlewares:
['scrapy.downloadermiddlewares.robotstxt.RobotsTxtMiddleware',
 'scrapy.downloadermiddlewares.httpauth.HttpAuthMiddleware',
 'scrapy.downloadermiddlewares.downloadtimeout.DownloadTimeoutMiddleware',
 'scrapy.downloadermiddlewares.defaultheaders.DefaultHeadersMiddleware',
 'scrapy.downloadermiddlewares.useragent.UserAgentMiddleware',
 'scrapy.downloadermiddlewares.retry.RetryMiddleware',
 'scrapy.downloadermiddlewares.redirect.MetaRefreshMiddleware',
 'scrapy.downloadermiddlewares.httpcompression.HttpCompressionMiddleware',
 'scrapy.downloadermiddlewares.redirect.RedirectMiddleware',
 'scrapy.downloadermiddlewares.cookies.CookiesMiddleware',
 'scrapy.downloadermiddlewares.httpproxy.HttpProxyMiddleware',
 'scrapy.downloadermiddlewares.stats.DownloaderStats']
2017-06-14 10:25:51 [scrapy.middleware] INFO: Enabled spider middlewares:
['scrapy.spidermiddlewares.httperror.HttpErrorMiddleware',
 'scrapy.spidermiddlewares.offsite.OffsiteMiddleware',
 'scrapy.spidermiddlewares.referer.RefererMiddleware',
 'scrapy.spidermiddlewares.urllength.UrlLengthMiddleware',
 'scrapy.spidermiddlewares.depth.DepthMiddleware']
2017-06-14 10:25:51 [scrapy.middleware] INFO: Enabled item pipelines:
[]
2017-06-14 10:25:51 [scrapy.core.engine] INFO: Spider opened
2017-06-14 10:25:51 [scrapy.extensions.logstats] INFO: Crawled 0 pages (at 0 pages/min), scraped 0 items (at 0 items/min)
2017-06-14 10:25:51 [scrapy.extensions.telnet] DEBUG: Telnet console listening on 127.0.0.1:6023
2017-06-14 10:25:51 [scrapy.core.engine] DEBUG: Crawled (200) <GET http://www.dictionary.com/robots.txt> (referer: None)
2017-06-14 10:25:51 [scrapy.core.engine] DEBUG: Crawled (200) <GET http://www.dictionary.com/browse/acknowledgement?s=ts> (referer: None)
2017-06-14 10:25:52 [dictionary.com] DEBUG: Saved file meaning-acknowledgement.html
2017-06-14 10:25:52 [scrapy.core.engine] INFO: Closing spider (finished)
2017-06-14 10:25:52 [scrapy.statscollectors] INFO: Dumping Scrapy stats:
{'downloader/request_bytes': 530,
 'downloader/request_count': 2,
 'downloader/request_method_count/GET': 2,
 'downloader/response_bytes': 26491,
 'downloader/response_count': 2,
 'downloader/response_status_count/200': 2,
 'finish_reason': 'finished',
 'finish_time': datetime.datetime(2017, 6, 14, 4, 55, 52, 15642),
 'log_count/DEBUG': 4,
 'log_count/INFO': 7,
 'memusage/max': 48422912,
 'memusage/startup': 48422912,
 'response_received_count': 2,
 'scheduler/dequeued': 1,
 'scheduler/dequeued/memory': 1,
 'scheduler/enqueued': 1,
 'scheduler/enqueued/memory': 1,
 'start_time': datetime.datetime(2017, 6, 14, 4, 55, 51, 583321)}
2017-06-14 10:25:52 [scrapy.core.engine] INFO: Spider closed (finished)
2017-06-14 10:26:03 [scrapy.utils.log] INFO: Scrapy 1.4.0 started (bot: SpeechWork)
2017-06-14 10:26:03 [scrapy.utils.log] INFO: Overridden settings: {'ROBOTSTXT_OBEY': True, 'LOG_FILE': 'scrapy_output.txt', 'BOT_NAME': 'SpeechWork', 'SPIDER_MODULES': ['SpeechWork.spiders'], 'NEWSPIDER_MODULE': 'SpeechWork.spiders'}
2017-06-14 10:26:03 [scrapy.middleware] INFO: Enabled extensions:
['scrapy.extensions.telnet.TelnetConsole',
 'scrapy.extensions.memusage.MemoryUsage',
 'scrapy.extensions.corestats.CoreStats',
 'scrapy.extensions.logstats.LogStats']
2017-06-14 10:26:03 [scrapy.middleware] INFO: Enabled downloader middlewares:
['scrapy.downloadermiddlewares.robotstxt.RobotsTxtMiddleware',
 'scrapy.downloadermiddlewares.httpauth.HttpAuthMiddleware',
 'scrapy.downloadermiddlewares.downloadtimeout.DownloadTimeoutMiddleware',
 'scrapy.downloadermiddlewares.defaultheaders.DefaultHeadersMiddleware',
 'scrapy.downloadermiddlewares.useragent.UserAgentMiddleware',
 'scrapy.downloadermiddlewares.retry.RetryMiddleware',
 'scrapy.downloadermiddlewares.redirect.MetaRefreshMiddleware',
 'scrapy.downloadermiddlewares.httpcompression.HttpCompressionMiddleware',
 'scrapy.downloadermiddlewares.redirect.RedirectMiddleware',
 'scrapy.downloadermiddlewares.cookies.CookiesMiddleware',
 'scrapy.downloadermiddlewares.httpproxy.HttpProxyMiddleware',
 'scrapy.downloadermiddlewares.stats.DownloaderStats']
2017-06-14 10:26:03 [scrapy.middleware] INFO: Enabled spider middlewares:
['scrapy.spidermiddlewares.httperror.HttpErrorMiddleware',
 'scrapy.spidermiddlewares.offsite.OffsiteMiddleware',
 'scrapy.spidermiddlewares.referer.RefererMiddleware',
 'scrapy.spidermiddlewares.urllength.UrlLengthMiddleware',
 'scrapy.spidermiddlewares.depth.DepthMiddleware']
2017-06-14 10:26:03 [scrapy.middleware] INFO: Enabled item pipelines:
[]
2017-06-14 10:26:03 [scrapy.core.engine] INFO: Spider opened
2017-06-14 10:26:03 [scrapy.extensions.logstats] INFO: Crawled 0 pages (at 0 pages/min), scraped 0 items (at 0 items/min)
2017-06-14 10:26:03 [scrapy.extensions.telnet] DEBUG: Telnet console listening on 127.0.0.1:6023
2017-06-14 10:26:03 [scrapy.core.engine] DEBUG: Crawled (200) <GET http://www.dictionary.com/robots.txt> (referer: None)
2017-06-14 10:26:03 [scrapy.core.engine] DEBUG: Crawled (200) <GET http://www.dictionary.com/browse/acknowledgement?s=ts> (referer: None)
2017-06-14 10:26:03 [dictionary.com] DEBUG: Saved file meaning-acknowledgement.html
2017-06-14 10:26:03 [scrapy.core.engine] INFO: Closing spider (finished)
2017-06-14 10:26:03 [scrapy.statscollectors] INFO: Dumping Scrapy stats:
{'downloader/request_bytes': 530,
 'downloader/request_count': 2,
 'downloader/request_method_count/GET': 2,
 'downloader/response_bytes': 26491,
 'downloader/response_count': 2,
 'downloader/response_status_count/200': 2,
 'finish_reason': 'finished',
 'finish_time': datetime.datetime(2017, 6, 14, 4, 56, 3, 516041),
 'log_count/DEBUG': 4,
 'log_count/INFO': 7,
 'memusage/max': 48406528,
 'memusage/startup': 48406528,
 'response_received_count': 2,
 'scheduler/dequeued': 1,
 'scheduler/dequeued/memory': 1,
 'scheduler/enqueued': 1,
 'scheduler/enqueued/memory': 1,
 'start_time': datetime.datetime(2017, 6, 14, 4, 56, 3, 123883)}
2017-06-14 10:26:03 [scrapy.core.engine] INFO: Spider closed (finished)
2017-06-14 10:27:11 [scrapy.utils.log] INFO: Scrapy 1.4.0 started (bot: SpeechWork)
2017-06-14 10:27:11 [scrapy.utils.log] INFO: Overridden settings: {'NEWSPIDER_MODULE': 'SpeechWork.spiders', 'ROBOTSTXT_OBEY': True, 'SPIDER_MODULES': ['SpeechWork.spiders'], 'LOG_FILE': 'scrapy_output.txt', 'BOT_NAME': 'SpeechWork'}
2017-06-14 10:27:11 [scrapy.middleware] INFO: Enabled extensions:
['scrapy.extensions.corestats.CoreStats',
 'scrapy.extensions.memusage.MemoryUsage',
 'scrapy.extensions.telnet.TelnetConsole',
 'scrapy.extensions.logstats.LogStats']
2017-06-14 10:27:11 [scrapy.middleware] INFO: Enabled downloader middlewares:
['scrapy.downloadermiddlewares.robotstxt.RobotsTxtMiddleware',
 'scrapy.downloadermiddlewares.httpauth.HttpAuthMiddleware',
 'scrapy.downloadermiddlewares.downloadtimeout.DownloadTimeoutMiddleware',
 'scrapy.downloadermiddlewares.defaultheaders.DefaultHeadersMiddleware',
 'scrapy.downloadermiddlewares.useragent.UserAgentMiddleware',
 'scrapy.downloadermiddlewares.retry.RetryMiddleware',
 'scrapy.downloadermiddlewares.redirect.MetaRefreshMiddleware',
 'scrapy.downloadermiddlewares.httpcompression.HttpCompressionMiddleware',
 'scrapy.downloadermiddlewares.redirect.RedirectMiddleware',
 'scrapy.downloadermiddlewares.cookies.CookiesMiddleware',
 'scrapy.downloadermiddlewares.httpproxy.HttpProxyMiddleware',
 'scrapy.downloadermiddlewares.stats.DownloaderStats']
2017-06-14 10:27:11 [scrapy.middleware] INFO: Enabled spider middlewares:
['scrapy.spidermiddlewares.httperror.HttpErrorMiddleware',
 'scrapy.spidermiddlewares.offsite.OffsiteMiddleware',
 'scrapy.spidermiddlewares.referer.RefererMiddleware',
 'scrapy.spidermiddlewares.urllength.UrlLengthMiddleware',
 'scrapy.spidermiddlewares.depth.DepthMiddleware']
2017-06-14 10:27:11 [scrapy.middleware] INFO: Enabled item pipelines:
[]
2017-06-14 10:27:11 [scrapy.core.engine] INFO: Spider opened
2017-06-14 10:27:11 [scrapy.extensions.logstats] INFO: Crawled 0 pages (at 0 pages/min), scraped 0 items (at 0 items/min)
2017-06-14 10:27:11 [scrapy.extensions.telnet] DEBUG: Telnet console listening on 127.0.0.1:6023
2017-06-14 10:27:11 [scrapy.core.engine] DEBUG: Crawled (200) <GET http://www.dictionary.com/robots.txt> (referer: None)
2017-06-14 10:27:12 [scrapy.core.engine] DEBUG: Crawled (200) <GET http://www.dictionary.com/browse/acknowledgement?s=ts> (referer: None)
2017-06-14 10:27:12 [scrapy.core.scraper] ERROR: Spider error processing <GET http://www.dictionary.com/browse/acknowledgement?s=ts> (referer: None)
Traceback (most recent call last):
  File "/usr/local/lib/python3.5/dist-packages/parsel/selector.py", line 222, in xpath
    **kwargs)
  File "src/lxml/lxml.etree.pyx", line 1587, in lxml.etree._Element.xpath (src/lxml/lxml.etree.c:59369)
  File "src/lxml/xpath.pxi", line 307, in lxml.etree.XPathElementEvaluator.__call__ (src/lxml/lxml.etree.c:171249)
  File "src/lxml/xpath.pxi", line 227, in lxml.etree._XPathEvaluatorBase._handle_result (src/lxml/lxml.etree.c:170206)
lxml.etree.XPathEvalError: Invalid type

During handling of the above exception, another exception occurred:

Traceback (most recent call last):
  File "/usr/local/lib/python3.5/dist-packages/twisted/internet/defer.py", line 653, in _runCallbacks
    current.result = callback(current.result, *args, **kw)
  File "/home/paras/CodingProjects/SpeechWork/SpeechWork/spiders/meaning_spider.py", line 27, in parse
    content = div_tag.xpath('normalize-space(.)[descendant-or-self::text()]').extract()
  File "/usr/local/lib/python3.5/dist-packages/parsel/selector.py", line 226, in xpath
    six.reraise(ValueError, ValueError(msg), sys.exc_info()[2])
  File "/home/paras/.local/lib/python3.5/site-packages/six.py", line 685, in reraise
    raise value.with_traceback(tb)
  File "/usr/local/lib/python3.5/dist-packages/parsel/selector.py", line 222, in xpath
    **kwargs)
  File "src/lxml/lxml.etree.pyx", line 1587, in lxml.etree._Element.xpath (src/lxml/lxml.etree.c:59369)
  File "src/lxml/xpath.pxi", line 307, in lxml.etree.XPathElementEvaluator.__call__ (src/lxml/lxml.etree.c:171249)
  File "src/lxml/xpath.pxi", line 227, in lxml.etree._XPathEvaluatorBase._handle_result (src/lxml/lxml.etree.c:170206)
ValueError: XPath error: Invalid type in normalize-space(.)[descendant-or-self::text()]
2017-06-14 10:27:12 [scrapy.core.engine] INFO: Closing spider (finished)
2017-06-14 10:27:12 [scrapy.statscollectors] INFO: Dumping Scrapy stats:
{'downloader/request_bytes': 530,
 'downloader/request_count': 2,
 'downloader/request_method_count/GET': 2,
 'downloader/response_bytes': 26593,
 'downloader/response_count': 2,
 'downloader/response_status_count/200': 2,
 'finish_reason': 'finished',
 'finish_time': datetime.datetime(2017, 6, 14, 4, 57, 12, 596473),
 'log_count/DEBUG': 3,
 'log_count/ERROR': 1,
 'log_count/INFO': 7,
 'memusage/max': 48467968,
 'memusage/startup': 48467968,
 'response_received_count': 2,
 'scheduler/dequeued': 1,
 'scheduler/dequeued/memory': 1,
 'scheduler/enqueued': 1,
 'scheduler/enqueued/memory': 1,
 'spider_exceptions/ValueError': 1,
 'start_time': datetime.datetime(2017, 6, 14, 4, 57, 11, 565713)}
2017-06-14 10:27:12 [scrapy.core.engine] INFO: Spider closed (finished)
2017-06-14 10:29:00 [scrapy.utils.log] INFO: Scrapy 1.4.0 started (bot: SpeechWork)
2017-06-14 10:29:00 [scrapy.utils.log] INFO: Overridden settings: {'SPIDER_MODULES': ['SpeechWork.spiders'], 'LOG_FILE': 'scrapy_output.txt', 'BOT_NAME': 'SpeechWork', 'ROBOTSTXT_OBEY': True, 'NEWSPIDER_MODULE': 'SpeechWork.spiders'}
2017-06-14 10:29:00 [scrapy.middleware] INFO: Enabled extensions:
['scrapy.extensions.memusage.MemoryUsage',
 'scrapy.extensions.logstats.LogStats',
 'scrapy.extensions.telnet.TelnetConsole',
 'scrapy.extensions.corestats.CoreStats']
2017-06-14 10:29:00 [scrapy.middleware] INFO: Enabled downloader middlewares:
['scrapy.downloadermiddlewares.robotstxt.RobotsTxtMiddleware',
 'scrapy.downloadermiddlewares.httpauth.HttpAuthMiddleware',
 'scrapy.downloadermiddlewares.downloadtimeout.DownloadTimeoutMiddleware',
 'scrapy.downloadermiddlewares.defaultheaders.DefaultHeadersMiddleware',
 'scrapy.downloadermiddlewares.useragent.UserAgentMiddleware',
 'scrapy.downloadermiddlewares.retry.RetryMiddleware',
 'scrapy.downloadermiddlewares.redirect.MetaRefreshMiddleware',
 'scrapy.downloadermiddlewares.httpcompression.HttpCompressionMiddleware',
 'scrapy.downloadermiddlewares.redirect.RedirectMiddleware',
 'scrapy.downloadermiddlewares.cookies.CookiesMiddleware',
 'scrapy.downloadermiddlewares.httpproxy.HttpProxyMiddleware',
 'scrapy.downloadermiddlewares.stats.DownloaderStats']
2017-06-14 10:29:00 [scrapy.middleware] INFO: Enabled spider middlewares:
['scrapy.spidermiddlewares.httperror.HttpErrorMiddleware',
 'scrapy.spidermiddlewares.offsite.OffsiteMiddleware',
 'scrapy.spidermiddlewares.referer.RefererMiddleware',
 'scrapy.spidermiddlewares.urllength.UrlLengthMiddleware',
 'scrapy.spidermiddlewares.depth.DepthMiddleware']
2017-06-14 10:29:00 [scrapy.middleware] INFO: Enabled item pipelines:
[]
2017-06-14 10:29:00 [scrapy.core.engine] INFO: Spider opened
2017-06-14 10:29:00 [scrapy.extensions.logstats] INFO: Crawled 0 pages (at 0 pages/min), scraped 0 items (at 0 items/min)
2017-06-14 10:29:00 [scrapy.extensions.telnet] DEBUG: Telnet console listening on 127.0.0.1:6023
2017-06-14 10:29:00 [scrapy.core.engine] DEBUG: Crawled (200) <GET http://www.dictionary.com/robots.txt> (referer: None)
2017-06-14 10:29:00 [scrapy.core.engine] DEBUG: Crawled (200) <GET http://www.dictionary.com/browse/acknowledgement?s=ts> (referer: None)
2017-06-14 10:29:00 [dictionary.com] DEBUG: Saved file meaning-acknowledgement.html
2017-06-14 10:29:00 [scrapy.core.engine] INFO: Closing spider (finished)
2017-06-14 10:29:00 [scrapy.statscollectors] INFO: Dumping Scrapy stats:
{'downloader/request_bytes': 530,
 'downloader/request_count': 2,
 'downloader/request_method_count/GET': 2,
 'downloader/response_bytes': 26491,
 'downloader/response_count': 2,
 'downloader/response_status_count/200': 2,
 'finish_reason': 'finished',
 'finish_time': datetime.datetime(2017, 6, 14, 4, 59, 0, 622385),
 'log_count/DEBUG': 4,
 'log_count/INFO': 7,
 'memusage/max': 48414720,
 'memusage/startup': 48414720,
 'response_received_count': 2,
 'scheduler/dequeued': 1,
 'scheduler/dequeued/memory': 1,
 'scheduler/enqueued': 1,
 'scheduler/enqueued/memory': 1,
 'start_time': datetime.datetime(2017, 6, 14, 4, 59, 0, 181638)}
2017-06-14 10:29:00 [scrapy.core.engine] INFO: Spider closed (finished)
2017-06-14 10:29:13 [scrapy.utils.log] INFO: Scrapy 1.4.0 started (bot: SpeechWork)
2017-06-14 10:29:13 [scrapy.utils.log] INFO: Overridden settings: {'NEWSPIDER_MODULE': 'SpeechWork.spiders', 'LOG_FILE': 'scrapy_output.txt', 'SPIDER_MODULES': ['SpeechWork.spiders'], 'BOT_NAME': 'SpeechWork', 'ROBOTSTXT_OBEY': True}
2017-06-14 10:29:13 [scrapy.middleware] INFO: Enabled extensions:
['scrapy.extensions.memusage.MemoryUsage',
 'scrapy.extensions.logstats.LogStats',
 'scrapy.extensions.corestats.CoreStats',
 'scrapy.extensions.telnet.TelnetConsole']
2017-06-14 10:29:13 [scrapy.middleware] INFO: Enabled downloader middlewares:
['scrapy.downloadermiddlewares.robotstxt.RobotsTxtMiddleware',
 'scrapy.downloadermiddlewares.httpauth.HttpAuthMiddleware',
 'scrapy.downloadermiddlewares.downloadtimeout.DownloadTimeoutMiddleware',
 'scrapy.downloadermiddlewares.defaultheaders.DefaultHeadersMiddleware',
 'scrapy.downloadermiddlewares.useragent.UserAgentMiddleware',
 'scrapy.downloadermiddlewares.retry.RetryMiddleware',
 'scrapy.downloadermiddlewares.redirect.MetaRefreshMiddleware',
 'scrapy.downloadermiddlewares.httpcompression.HttpCompressionMiddleware',
 'scrapy.downloadermiddlewares.redirect.RedirectMiddleware',
 'scrapy.downloadermiddlewares.cookies.CookiesMiddleware',
 'scrapy.downloadermiddlewares.httpproxy.HttpProxyMiddleware',
 'scrapy.downloadermiddlewares.stats.DownloaderStats']
2017-06-14 10:29:13 [scrapy.middleware] INFO: Enabled spider middlewares:
['scrapy.spidermiddlewares.httperror.HttpErrorMiddleware',
 'scrapy.spidermiddlewares.offsite.OffsiteMiddleware',
 'scrapy.spidermiddlewares.referer.RefererMiddleware',
 'scrapy.spidermiddlewares.urllength.UrlLengthMiddleware',
 'scrapy.spidermiddlewares.depth.DepthMiddleware']
2017-06-14 10:29:13 [scrapy.middleware] INFO: Enabled item pipelines:
[]
2017-06-14 10:29:13 [scrapy.core.engine] INFO: Spider opened
2017-06-14 10:29:13 [scrapy.extensions.logstats] INFO: Crawled 0 pages (at 0 pages/min), scraped 0 items (at 0 items/min)
2017-06-14 10:29:13 [scrapy.extensions.telnet] DEBUG: Telnet console listening on 127.0.0.1:6023
2017-06-14 10:29:13 [scrapy.core.engine] DEBUG: Crawled (200) <GET http://www.dictionary.com/robots.txt> (referer: None)
2017-06-14 10:29:13 [scrapy.core.engine] DEBUG: Crawled (200) <GET http://www.dictionary.com/browse/acknowledgement?s=ts> (referer: None)
2017-06-14 10:29:13 [dictionary.com] DEBUG: Saved file meaning-acknowledgement.html
2017-06-14 10:29:13 [scrapy.core.engine] INFO: Closing spider (finished)
2017-06-14 10:29:13 [scrapy.statscollectors] INFO: Dumping Scrapy stats:
{'downloader/request_bytes': 530,
 'downloader/request_count': 2,
 'downloader/request_method_count/GET': 2,
 'downloader/response_bytes': 26482,
 'downloader/response_count': 2,
 'downloader/response_status_count/200': 2,
 'finish_reason': 'finished',
 'finish_time': datetime.datetime(2017, 6, 14, 4, 59, 13, 929670),
 'log_count/DEBUG': 4,
 'log_count/INFO': 7,
 'memusage/max': 48451584,
 'memusage/startup': 48451584,
 'response_received_count': 2,
 'scheduler/dequeued': 1,
 'scheduler/dequeued/memory': 1,
 'scheduler/enqueued': 1,
 'scheduler/enqueued/memory': 1,
 'start_time': datetime.datetime(2017, 6, 14, 4, 59, 13, 346278)}
2017-06-14 10:29:13 [scrapy.core.engine] INFO: Spider closed (finished)
2017-06-14 10:29:59 [scrapy.utils.log] INFO: Scrapy 1.4.0 started (bot: SpeechWork)
2017-06-14 10:29:59 [scrapy.utils.log] INFO: Overridden settings: {'NEWSPIDER_MODULE': 'SpeechWork.spiders', 'SPIDER_MODULES': ['SpeechWork.spiders'], 'BOT_NAME': 'SpeechWork', 'ROBOTSTXT_OBEY': True, 'LOG_FILE': 'scrapy_output.txt'}
2017-06-14 10:29:59 [scrapy.middleware] INFO: Enabled extensions:
['scrapy.extensions.corestats.CoreStats',
 'scrapy.extensions.telnet.TelnetConsole',
 'scrapy.extensions.memusage.MemoryUsage',
 'scrapy.extensions.logstats.LogStats']
2017-06-14 10:29:59 [scrapy.middleware] INFO: Enabled downloader middlewares:
['scrapy.downloadermiddlewares.robotstxt.RobotsTxtMiddleware',
 'scrapy.downloadermiddlewares.httpauth.HttpAuthMiddleware',
 'scrapy.downloadermiddlewares.downloadtimeout.DownloadTimeoutMiddleware',
 'scrapy.downloadermiddlewares.defaultheaders.DefaultHeadersMiddleware',
 'scrapy.downloadermiddlewares.useragent.UserAgentMiddleware',
 'scrapy.downloadermiddlewares.retry.RetryMiddleware',
 'scrapy.downloadermiddlewares.redirect.MetaRefreshMiddleware',
 'scrapy.downloadermiddlewares.httpcompression.HttpCompressionMiddleware',
 'scrapy.downloadermiddlewares.redirect.RedirectMiddleware',
 'scrapy.downloadermiddlewares.cookies.CookiesMiddleware',
 'scrapy.downloadermiddlewares.httpproxy.HttpProxyMiddleware',
 'scrapy.downloadermiddlewares.stats.DownloaderStats']
2017-06-14 10:29:59 [scrapy.middleware] INFO: Enabled spider middlewares:
['scrapy.spidermiddlewares.httperror.HttpErrorMiddleware',
 'scrapy.spidermiddlewares.offsite.OffsiteMiddleware',
 'scrapy.spidermiddlewares.referer.RefererMiddleware',
 'scrapy.spidermiddlewares.urllength.UrlLengthMiddleware',
 'scrapy.spidermiddlewares.depth.DepthMiddleware']
2017-06-14 10:29:59 [scrapy.middleware] INFO: Enabled item pipelines:
[]
2017-06-14 10:29:59 [scrapy.core.engine] INFO: Spider opened
2017-06-14 10:29:59 [scrapy.extensions.logstats] INFO: Crawled 0 pages (at 0 pages/min), scraped 0 items (at 0 items/min)
2017-06-14 10:29:59 [scrapy.extensions.telnet] DEBUG: Telnet console listening on 127.0.0.1:6023
2017-06-14 10:29:59 [scrapy.core.engine] DEBUG: Crawled (200) <GET http://www.dictionary.com/robots.txt> (referer: None)
2017-06-14 10:29:59 [scrapy.core.engine] DEBUG: Crawled (200) <GET http://www.dictionary.com/browse/acknowledgement?s=ts> (referer: None)
2017-06-14 10:29:59 [scrapy.core.scraper] ERROR: Spider error processing <GET http://www.dictionary.com/browse/acknowledgement?s=ts> (referer: None)
Traceback (most recent call last):
  File "/usr/local/lib/python3.5/dist-packages/parsel/selector.py", line 222, in xpath
    **kwargs)
  File "src/lxml/lxml.etree.pyx", line 1587, in lxml.etree._Element.xpath (src/lxml/lxml.etree.c:59369)
  File "src/lxml/xpath.pxi", line 307, in lxml.etree.XPathElementEvaluator.__call__ (src/lxml/lxml.etree.c:171249)
  File "src/lxml/xpath.pxi", line 227, in lxml.etree._XPathEvaluatorBase._handle_result (src/lxml/lxml.etree.c:170206)
lxml.etree.XPathEvalError: Invalid expression

During handling of the above exception, another exception occurred:

Traceback (most recent call last):
  File "/usr/local/lib/python3.5/dist-packages/twisted/internet/defer.py", line 653, in _runCallbacks
    current.result = callback(current.result, *args, **kw)
  File "/home/paras/CodingProjects/SpeechWork/SpeechWork/spiders/meaning_spider.py", line 28, in parse
    content = div_tag.xpath('(.)/node()[::text()]').extract()
  File "/usr/local/lib/python3.5/dist-packages/parsel/selector.py", line 226, in xpath
    six.reraise(ValueError, ValueError(msg), sys.exc_info()[2])
  File "/home/paras/.local/lib/python3.5/site-packages/six.py", line 685, in reraise
    raise value.with_traceback(tb)
  File "/usr/local/lib/python3.5/dist-packages/parsel/selector.py", line 222, in xpath
    **kwargs)
  File "src/lxml/lxml.etree.pyx", line 1587, in lxml.etree._Element.xpath (src/lxml/lxml.etree.c:59369)
  File "src/lxml/xpath.pxi", line 307, in lxml.etree.XPathElementEvaluator.__call__ (src/lxml/lxml.etree.c:171249)
  File "src/lxml/xpath.pxi", line 227, in lxml.etree._XPathEvaluatorBase._handle_result (src/lxml/lxml.etree.c:170206)
ValueError: XPath error: Invalid expression in (.)/node()[::text()]
2017-06-14 10:29:59 [scrapy.core.engine] INFO: Closing spider (finished)
2017-06-14 10:29:59 [scrapy.statscollectors] INFO: Dumping Scrapy stats:
{'downloader/request_bytes': 530,
 'downloader/request_count': 2,
 'downloader/request_method_count/GET': 2,
 'downloader/response_bytes': 26482,
 'downloader/response_count': 2,
 'downloader/response_status_count/200': 2,
 'finish_reason': 'finished',
 'finish_time': datetime.datetime(2017, 6, 14, 4, 59, 59, 843297),
 'log_count/DEBUG': 3,
 'log_count/ERROR': 1,
 'log_count/INFO': 7,
 'memusage/max': 48386048,
 'memusage/startup': 48386048,
 'response_received_count': 2,
 'scheduler/dequeued': 1,
 'scheduler/dequeued/memory': 1,
 'scheduler/enqueued': 1,
 'scheduler/enqueued/memory': 1,
 'spider_exceptions/ValueError': 1,
 'start_time': datetime.datetime(2017, 6, 14, 4, 59, 59, 279482)}
2017-06-14 10:29:59 [scrapy.core.engine] INFO: Spider closed (finished)
2017-06-14 10:31:33 [scrapy.utils.log] INFO: Scrapy 1.4.0 started (bot: SpeechWork)
2017-06-14 10:31:33 [scrapy.utils.log] INFO: Overridden settings: {'ROBOTSTXT_OBEY': True, 'BOT_NAME': 'SpeechWork', 'SPIDER_MODULES': ['SpeechWork.spiders'], 'NEWSPIDER_MODULE': 'SpeechWork.spiders', 'LOG_FILE': 'scrapy_output.txt'}
2017-06-14 10:31:33 [scrapy.middleware] INFO: Enabled extensions:
['scrapy.extensions.memusage.MemoryUsage',
 'scrapy.extensions.logstats.LogStats',
 'scrapy.extensions.telnet.TelnetConsole',
 'scrapy.extensions.corestats.CoreStats']
2017-06-14 10:31:33 [scrapy.middleware] INFO: Enabled downloader middlewares:
['scrapy.downloadermiddlewares.robotstxt.RobotsTxtMiddleware',
 'scrapy.downloadermiddlewares.httpauth.HttpAuthMiddleware',
 'scrapy.downloadermiddlewares.downloadtimeout.DownloadTimeoutMiddleware',
 'scrapy.downloadermiddlewares.defaultheaders.DefaultHeadersMiddleware',
 'scrapy.downloadermiddlewares.useragent.UserAgentMiddleware',
 'scrapy.downloadermiddlewares.retry.RetryMiddleware',
 'scrapy.downloadermiddlewares.redirect.MetaRefreshMiddleware',
 'scrapy.downloadermiddlewares.httpcompression.HttpCompressionMiddleware',
 'scrapy.downloadermiddlewares.redirect.RedirectMiddleware',
 'scrapy.downloadermiddlewares.cookies.CookiesMiddleware',
 'scrapy.downloadermiddlewares.httpproxy.HttpProxyMiddleware',
 'scrapy.downloadermiddlewares.stats.DownloaderStats']
2017-06-14 10:31:33 [scrapy.middleware] INFO: Enabled spider middlewares:
['scrapy.spidermiddlewares.httperror.HttpErrorMiddleware',
 'scrapy.spidermiddlewares.offsite.OffsiteMiddleware',
 'scrapy.spidermiddlewares.referer.RefererMiddleware',
 'scrapy.spidermiddlewares.urllength.UrlLengthMiddleware',
 'scrapy.spidermiddlewares.depth.DepthMiddleware']
2017-06-14 10:31:33 [scrapy.middleware] INFO: Enabled item pipelines:
[]
2017-06-14 10:31:33 [scrapy.core.engine] INFO: Spider opened
2017-06-14 10:31:33 [scrapy.extensions.logstats] INFO: Crawled 0 pages (at 0 pages/min), scraped 0 items (at 0 items/min)
2017-06-14 10:31:33 [scrapy.extensions.telnet] DEBUG: Telnet console listening on 127.0.0.1:6023
2017-06-14 10:31:33 [scrapy.core.engine] DEBUG: Crawled (200) <GET http://www.dictionary.com/robots.txt> (referer: None)
2017-06-14 10:31:33 [scrapy.core.engine] DEBUG: Crawled (200) <GET http://www.dictionary.com/browse/acknowledgement?s=ts> (referer: None)
2017-06-14 10:31:33 [scrapy.core.scraper] ERROR: Spider error processing <GET http://www.dictionary.com/browse/acknowledgement?s=ts> (referer: None)
Traceback (most recent call last):
  File "/usr/local/lib/python3.5/dist-packages/twisted/internet/defer.py", line 653, in _runCallbacks
    current.result = callback(current.result, *args, **kw)
  File "/home/paras/CodingProjects/SpeechWork/SpeechWork/spiders/meaning_spider.py", line 28, in parse
    print(content)
NameError: name 'content' is not defined
2017-06-14 10:31:33 [scrapy.core.engine] INFO: Closing spider (finished)
2017-06-14 10:31:33 [scrapy.statscollectors] INFO: Dumping Scrapy stats:
{'downloader/request_bytes': 530,
 'downloader/request_count': 2,
 'downloader/request_method_count/GET': 2,
 'downloader/response_bytes': 26491,
 'downloader/response_count': 2,
 'downloader/response_status_count/200': 2,
 'finish_reason': 'finished',
 'finish_time': datetime.datetime(2017, 6, 14, 5, 1, 33, 893782),
 'log_count/DEBUG': 3,
 'log_count/ERROR': 1,
 'log_count/INFO': 7,
 'memusage/max': 48390144,
 'memusage/startup': 48390144,
 'response_received_count': 2,
 'scheduler/dequeued': 1,
 'scheduler/dequeued/memory': 1,
 'scheduler/enqueued': 1,
 'scheduler/enqueued/memory': 1,
 'spider_exceptions/NameError': 1,
 'start_time': datetime.datetime(2017, 6, 14, 5, 1, 33, 308891)}
2017-06-14 10:31:33 [scrapy.core.engine] INFO: Spider closed (finished)
2017-06-14 10:31:50 [scrapy.utils.log] INFO: Scrapy 1.4.0 started (bot: SpeechWork)
2017-06-14 10:31:50 [scrapy.utils.log] INFO: Overridden settings: {'NEWSPIDER_MODULE': 'SpeechWork.spiders', 'LOG_FILE': 'scrapy_output.txt', 'SPIDER_MODULES': ['SpeechWork.spiders'], 'ROBOTSTXT_OBEY': True, 'BOT_NAME': 'SpeechWork'}
2017-06-14 10:31:50 [scrapy.middleware] INFO: Enabled extensions:
['scrapy.extensions.memusage.MemoryUsage',
 'scrapy.extensions.corestats.CoreStats',
 'scrapy.extensions.telnet.TelnetConsole',
 'scrapy.extensions.logstats.LogStats']
2017-06-14 10:31:50 [scrapy.middleware] INFO: Enabled downloader middlewares:
['scrapy.downloadermiddlewares.robotstxt.RobotsTxtMiddleware',
 'scrapy.downloadermiddlewares.httpauth.HttpAuthMiddleware',
 'scrapy.downloadermiddlewares.downloadtimeout.DownloadTimeoutMiddleware',
 'scrapy.downloadermiddlewares.defaultheaders.DefaultHeadersMiddleware',
 'scrapy.downloadermiddlewares.useragent.UserAgentMiddleware',
 'scrapy.downloadermiddlewares.retry.RetryMiddleware',
 'scrapy.downloadermiddlewares.redirect.MetaRefreshMiddleware',
 'scrapy.downloadermiddlewares.httpcompression.HttpCompressionMiddleware',
 'scrapy.downloadermiddlewares.redirect.RedirectMiddleware',
 'scrapy.downloadermiddlewares.cookies.CookiesMiddleware',
 'scrapy.downloadermiddlewares.httpproxy.HttpProxyMiddleware',
 'scrapy.downloadermiddlewares.stats.DownloaderStats']
2017-06-14 10:31:50 [scrapy.middleware] INFO: Enabled spider middlewares:
['scrapy.spidermiddlewares.httperror.HttpErrorMiddleware',
 'scrapy.spidermiddlewares.offsite.OffsiteMiddleware',
 'scrapy.spidermiddlewares.referer.RefererMiddleware',
 'scrapy.spidermiddlewares.urllength.UrlLengthMiddleware',
 'scrapy.spidermiddlewares.depth.DepthMiddleware']
2017-06-14 10:31:50 [scrapy.middleware] INFO: Enabled item pipelines:
[]
2017-06-14 10:31:50 [scrapy.core.engine] INFO: Spider opened
2017-06-14 10:31:50 [scrapy.extensions.logstats] INFO: Crawled 0 pages (at 0 pages/min), scraped 0 items (at 0 items/min)
2017-06-14 10:31:50 [scrapy.extensions.telnet] DEBUG: Telnet console listening on 127.0.0.1:6023
2017-06-14 10:31:51 [scrapy.core.engine] DEBUG: Crawled (200) <GET http://www.dictionary.com/robots.txt> (referer: None)
2017-06-14 10:31:51 [scrapy.core.engine] DEBUG: Crawled (200) <GET http://www.dictionary.com/browse/acknowledgement?s=ts> (referer: None)
2017-06-14 10:31:51 [scrapy.core.scraper] ERROR: Spider error processing <GET http://www.dictionary.com/browse/acknowledgement?s=ts> (referer: None)
Traceback (most recent call last):
  File "/usr/local/lib/python3.5/dist-packages/twisted/internet/defer.py", line 653, in _runCallbacks
    current.result = callback(current.result, *args, **kw)
  File "/home/paras/CodingProjects/SpeechWork/SpeechWork/spiders/meaning_spider.py", line 28, in parse
    print(content)
NameError: name 'content' is not defined
2017-06-14 10:31:51 [scrapy.core.engine] INFO: Closing spider (finished)
2017-06-14 10:31:51 [scrapy.statscollectors] INFO: Dumping Scrapy stats:
{'downloader/request_bytes': 530,
 'downloader/request_count': 2,
 'downloader/request_method_count/GET': 2,
 'downloader/response_bytes': 26482,
 'downloader/response_count': 2,
 'downloader/response_status_count/200': 2,
 'finish_reason': 'finished',
 'finish_time': datetime.datetime(2017, 6, 14, 5, 1, 51, 386010),
 'log_count/DEBUG': 3,
 'log_count/ERROR': 1,
 'log_count/INFO': 7,
 'memusage/max': 48390144,
 'memusage/startup': 48390144,
 'response_received_count': 2,
 'scheduler/dequeued': 1,
 'scheduler/dequeued/memory': 1,
 'scheduler/enqueued': 1,
 'scheduler/enqueued/memory': 1,
 'spider_exceptions/NameError': 1,
 'start_time': datetime.datetime(2017, 6, 14, 5, 1, 50, 655985)}
2017-06-14 10:31:51 [scrapy.core.engine] INFO: Spider closed (finished)
2017-06-14 10:32:04 [scrapy.utils.log] INFO: Scrapy 1.4.0 started (bot: SpeechWork)
2017-06-14 10:32:04 [scrapy.utils.log] INFO: Overridden settings: {'SPIDER_MODULES': ['SpeechWork.spiders'], 'LOG_FILE': 'scrapy_output.txt', 'BOT_NAME': 'SpeechWork', 'ROBOTSTXT_OBEY': True, 'NEWSPIDER_MODULE': 'SpeechWork.spiders'}
2017-06-14 10:32:04 [scrapy.middleware] INFO: Enabled extensions:
['scrapy.extensions.memusage.MemoryUsage',
 'scrapy.extensions.corestats.CoreStats',
 'scrapy.extensions.logstats.LogStats',
 'scrapy.extensions.telnet.TelnetConsole']
2017-06-14 10:32:04 [scrapy.middleware] INFO: Enabled downloader middlewares:
['scrapy.downloadermiddlewares.robotstxt.RobotsTxtMiddleware',
 'scrapy.downloadermiddlewares.httpauth.HttpAuthMiddleware',
 'scrapy.downloadermiddlewares.downloadtimeout.DownloadTimeoutMiddleware',
 'scrapy.downloadermiddlewares.defaultheaders.DefaultHeadersMiddleware',
 'scrapy.downloadermiddlewares.useragent.UserAgentMiddleware',
 'scrapy.downloadermiddlewares.retry.RetryMiddleware',
 'scrapy.downloadermiddlewares.redirect.MetaRefreshMiddleware',
 'scrapy.downloadermiddlewares.httpcompression.HttpCompressionMiddleware',
 'scrapy.downloadermiddlewares.redirect.RedirectMiddleware',
 'scrapy.downloadermiddlewares.cookies.CookiesMiddleware',
 'scrapy.downloadermiddlewares.httpproxy.HttpProxyMiddleware',
 'scrapy.downloadermiddlewares.stats.DownloaderStats']
2017-06-14 10:32:04 [scrapy.middleware] INFO: Enabled spider middlewares:
['scrapy.spidermiddlewares.httperror.HttpErrorMiddleware',
 'scrapy.spidermiddlewares.offsite.OffsiteMiddleware',
 'scrapy.spidermiddlewares.referer.RefererMiddleware',
 'scrapy.spidermiddlewares.urllength.UrlLengthMiddleware',
 'scrapy.spidermiddlewares.depth.DepthMiddleware']
2017-06-14 10:32:04 [scrapy.middleware] INFO: Enabled item pipelines:
[]
2017-06-14 10:32:04 [scrapy.core.engine] INFO: Spider opened
2017-06-14 10:32:04 [scrapy.extensions.logstats] INFO: Crawled 0 pages (at 0 pages/min), scraped 0 items (at 0 items/min)
2017-06-14 10:32:04 [scrapy.extensions.telnet] DEBUG: Telnet console listening on 127.0.0.1:6023
2017-06-14 10:32:04 [scrapy.core.engine] DEBUG: Crawled (200) <GET http://www.dictionary.com/robots.txt> (referer: None)
2017-06-14 10:32:04 [scrapy.core.engine] DEBUG: Crawled (200) <GET http://www.dictionary.com/browse/acknowledgement?s=ts> (referer: None)
2017-06-14 10:32:04 [dictionary.com] DEBUG: Saved file meaning-acknowledgement.html
2017-06-14 10:32:04 [scrapy.core.engine] INFO: Closing spider (finished)
2017-06-14 10:32:04 [scrapy.statscollectors] INFO: Dumping Scrapy stats:
{'downloader/request_bytes': 530,
 'downloader/request_count': 2,
 'downloader/request_method_count/GET': 2,
 'downloader/response_bytes': 26482,
 'downloader/response_count': 2,
 'downloader/response_status_count/200': 2,
 'finish_reason': 'finished',
 'finish_time': datetime.datetime(2017, 6, 14, 5, 2, 4, 938747),
 'log_count/DEBUG': 4,
 'log_count/INFO': 7,
 'memusage/max': 48287744,
 'memusage/startup': 48287744,
 'response_received_count': 2,
 'scheduler/dequeued': 1,
 'scheduler/dequeued/memory': 1,
 'scheduler/enqueued': 1,
 'scheduler/enqueued/memory': 1,
 'start_time': datetime.datetime(2017, 6, 14, 5, 2, 4, 528096)}
2017-06-14 10:32:04 [scrapy.core.engine] INFO: Spider closed (finished)
2017-06-14 10:32:18 [scrapy.utils.log] INFO: Scrapy 1.4.0 started (bot: SpeechWork)
2017-06-14 10:32:18 [scrapy.utils.log] INFO: Overridden settings: {'SPIDER_MODULES': ['SpeechWork.spiders'], 'LOG_FILE': 'scrapy_output.txt', 'ROBOTSTXT_OBEY': True, 'BOT_NAME': 'SpeechWork', 'NEWSPIDER_MODULE': 'SpeechWork.spiders'}
2017-06-14 10:32:18 [scrapy.middleware] INFO: Enabled extensions:
['scrapy.extensions.logstats.LogStats',
 'scrapy.extensions.telnet.TelnetConsole',
 'scrapy.extensions.memusage.MemoryUsage',
 'scrapy.extensions.corestats.CoreStats']
2017-06-14 10:32:18 [scrapy.middleware] INFO: Enabled downloader middlewares:
['scrapy.downloadermiddlewares.robotstxt.RobotsTxtMiddleware',
 'scrapy.downloadermiddlewares.httpauth.HttpAuthMiddleware',
 'scrapy.downloadermiddlewares.downloadtimeout.DownloadTimeoutMiddleware',
 'scrapy.downloadermiddlewares.defaultheaders.DefaultHeadersMiddleware',
 'scrapy.downloadermiddlewares.useragent.UserAgentMiddleware',
 'scrapy.downloadermiddlewares.retry.RetryMiddleware',
 'scrapy.downloadermiddlewares.redirect.MetaRefreshMiddleware',
 'scrapy.downloadermiddlewares.httpcompression.HttpCompressionMiddleware',
 'scrapy.downloadermiddlewares.redirect.RedirectMiddleware',
 'scrapy.downloadermiddlewares.cookies.CookiesMiddleware',
 'scrapy.downloadermiddlewares.httpproxy.HttpProxyMiddleware',
 'scrapy.downloadermiddlewares.stats.DownloaderStats']
2017-06-14 10:32:18 [scrapy.middleware] INFO: Enabled spider middlewares:
['scrapy.spidermiddlewares.httperror.HttpErrorMiddleware',
 'scrapy.spidermiddlewares.offsite.OffsiteMiddleware',
 'scrapy.spidermiddlewares.referer.RefererMiddleware',
 'scrapy.spidermiddlewares.urllength.UrlLengthMiddleware',
 'scrapy.spidermiddlewares.depth.DepthMiddleware']
2017-06-14 10:32:18 [scrapy.middleware] INFO: Enabled item pipelines:
[]
2017-06-14 10:32:18 [scrapy.core.engine] INFO: Spider opened
2017-06-14 10:32:18 [scrapy.extensions.logstats] INFO: Crawled 0 pages (at 0 pages/min), scraped 0 items (at 0 items/min)
2017-06-14 10:32:18 [scrapy.extensions.telnet] DEBUG: Telnet console listening on 127.0.0.1:6023
2017-06-14 10:32:18 [scrapy.core.engine] DEBUG: Crawled (200) <GET http://www.dictionary.com/robots.txt> (referer: None)
2017-06-14 10:32:18 [scrapy.core.engine] DEBUG: Crawled (200) <GET http://www.dictionary.com/browse/acknowledgement?s=ts> (referer: None)
2017-06-14 10:32:18 [dictionary.com] DEBUG: Saved file meaning-acknowledgement.html
2017-06-14 10:32:18 [scrapy.core.engine] INFO: Closing spider (finished)
2017-06-14 10:32:18 [scrapy.statscollectors] INFO: Dumping Scrapy stats:
{'downloader/request_bytes': 530,
 'downloader/request_count': 2,
 'downloader/request_method_count/GET': 2,
 'downloader/response_bytes': 26482,
 'downloader/response_count': 2,
 'downloader/response_status_count/200': 2,
 'finish_reason': 'finished',
 'finish_time': datetime.datetime(2017, 6, 14, 5, 2, 18, 538259),
 'log_count/DEBUG': 4,
 'log_count/INFO': 7,
 'memusage/max': 48390144,
 'memusage/startup': 48390144,
 'response_received_count': 2,
 'scheduler/dequeued': 1,
 'scheduler/dequeued/memory': 1,
 'scheduler/enqueued': 1,
 'scheduler/enqueued/memory': 1,
 'start_time': datetime.datetime(2017, 6, 14, 5, 2, 18, 109195)}
2017-06-14 10:32:18 [scrapy.core.engine] INFO: Spider closed (finished)
2017-06-14 10:32:49 [scrapy.utils.log] INFO: Scrapy 1.4.0 started (bot: SpeechWork)
2017-06-14 10:32:49 [scrapy.utils.log] INFO: Overridden settings: {'LOG_FILE': 'scrapy_output.txt', 'ROBOTSTXT_OBEY': True, 'NEWSPIDER_MODULE': 'SpeechWork.spiders', 'SPIDER_MODULES': ['SpeechWork.spiders'], 'BOT_NAME': 'SpeechWork'}
2017-06-14 10:32:49 [scrapy.middleware] INFO: Enabled extensions:
['scrapy.extensions.corestats.CoreStats',
 'scrapy.extensions.telnet.TelnetConsole',
 'scrapy.extensions.logstats.LogStats',
 'scrapy.extensions.memusage.MemoryUsage']
2017-06-14 10:32:49 [scrapy.middleware] INFO: Enabled downloader middlewares:
['scrapy.downloadermiddlewares.robotstxt.RobotsTxtMiddleware',
 'scrapy.downloadermiddlewares.httpauth.HttpAuthMiddleware',
 'scrapy.downloadermiddlewares.downloadtimeout.DownloadTimeoutMiddleware',
 'scrapy.downloadermiddlewares.defaultheaders.DefaultHeadersMiddleware',
 'scrapy.downloadermiddlewares.useragent.UserAgentMiddleware',
 'scrapy.downloadermiddlewares.retry.RetryMiddleware',
 'scrapy.downloadermiddlewares.redirect.MetaRefreshMiddleware',
 'scrapy.downloadermiddlewares.httpcompression.HttpCompressionMiddleware',
 'scrapy.downloadermiddlewares.redirect.RedirectMiddleware',
 'scrapy.downloadermiddlewares.cookies.CookiesMiddleware',
 'scrapy.downloadermiddlewares.httpproxy.HttpProxyMiddleware',
 'scrapy.downloadermiddlewares.stats.DownloaderStats']
2017-06-14 10:32:49 [scrapy.middleware] INFO: Enabled spider middlewares:
['scrapy.spidermiddlewares.httperror.HttpErrorMiddleware',
 'scrapy.spidermiddlewares.offsite.OffsiteMiddleware',
 'scrapy.spidermiddlewares.referer.RefererMiddleware',
 'scrapy.spidermiddlewares.urllength.UrlLengthMiddleware',
 'scrapy.spidermiddlewares.depth.DepthMiddleware']
2017-06-14 10:32:49 [scrapy.middleware] INFO: Enabled item pipelines:
[]
2017-06-14 10:32:49 [scrapy.core.engine] INFO: Spider opened
2017-06-14 10:32:49 [scrapy.extensions.logstats] INFO: Crawled 0 pages (at 0 pages/min), scraped 0 items (at 0 items/min)
2017-06-14 10:32:49 [scrapy.extensions.telnet] DEBUG: Telnet console listening on 127.0.0.1:6023
2017-06-14 10:32:49 [scrapy.core.engine] DEBUG: Crawled (200) <GET http://www.dictionary.com/robots.txt> (referer: None)
2017-06-14 10:32:49 [scrapy.core.engine] DEBUG: Crawled (200) <GET http://www.dictionary.com/browse/acknowledgement?s=ts> (referer: None)
2017-06-14 10:32:50 [dictionary.com] DEBUG: Saved file meaning-acknowledgement.html
2017-06-14 10:32:50 [scrapy.core.engine] INFO: Closing spider (finished)
2017-06-14 10:32:50 [scrapy.statscollectors] INFO: Dumping Scrapy stats:
{'downloader/request_bytes': 530,
 'downloader/request_count': 2,
 'downloader/request_method_count/GET': 2,
 'downloader/response_bytes': 26484,
 'downloader/response_count': 2,
 'downloader/response_status_count/200': 2,
 'finish_reason': 'finished',
 'finish_time': datetime.datetime(2017, 6, 14, 5, 2, 50, 66645),
 'log_count/DEBUG': 4,
 'log_count/INFO': 7,
 'memusage/max': 48390144,
 'memusage/startup': 48390144,
 'response_received_count': 2,
 'scheduler/dequeued': 1,
 'scheduler/dequeued/memory': 1,
 'scheduler/enqueued': 1,
 'scheduler/enqueued/memory': 1,
 'start_time': datetime.datetime(2017, 6, 14, 5, 2, 49, 606549)}
2017-06-14 10:32:50 [scrapy.core.engine] INFO: Spider closed (finished)
2017-06-14 10:34:18 [scrapy.utils.log] INFO: Scrapy 1.4.0 started (bot: SpeechWork)
2017-06-14 10:34:18 [scrapy.utils.log] INFO: Overridden settings: {'LOG_FILE': 'scrapy_output.txt', 'NEWSPIDER_MODULE': 'SpeechWork.spiders', 'SPIDER_MODULES': ['SpeechWork.spiders'], 'ROBOTSTXT_OBEY': True, 'BOT_NAME': 'SpeechWork'}
2017-06-14 10:34:18 [scrapy.middleware] INFO: Enabled extensions:
['scrapy.extensions.corestats.CoreStats',
 'scrapy.extensions.telnet.TelnetConsole',
 'scrapy.extensions.memusage.MemoryUsage',
 'scrapy.extensions.logstats.LogStats']
2017-06-14 10:34:18 [scrapy.middleware] INFO: Enabled downloader middlewares:
['scrapy.downloadermiddlewares.robotstxt.RobotsTxtMiddleware',
 'scrapy.downloadermiddlewares.httpauth.HttpAuthMiddleware',
 'scrapy.downloadermiddlewares.downloadtimeout.DownloadTimeoutMiddleware',
 'scrapy.downloadermiddlewares.defaultheaders.DefaultHeadersMiddleware',
 'scrapy.downloadermiddlewares.useragent.UserAgentMiddleware',
 'scrapy.downloadermiddlewares.retry.RetryMiddleware',
 'scrapy.downloadermiddlewares.redirect.MetaRefreshMiddleware',
 'scrapy.downloadermiddlewares.httpcompression.HttpCompressionMiddleware',
 'scrapy.downloadermiddlewares.redirect.RedirectMiddleware',
 'scrapy.downloadermiddlewares.cookies.CookiesMiddleware',
 'scrapy.downloadermiddlewares.httpproxy.HttpProxyMiddleware',
 'scrapy.downloadermiddlewares.stats.DownloaderStats']
2017-06-14 10:34:18 [scrapy.middleware] INFO: Enabled spider middlewares:
['scrapy.spidermiddlewares.httperror.HttpErrorMiddleware',
 'scrapy.spidermiddlewares.offsite.OffsiteMiddleware',
 'scrapy.spidermiddlewares.referer.RefererMiddleware',
 'scrapy.spidermiddlewares.urllength.UrlLengthMiddleware',
 'scrapy.spidermiddlewares.depth.DepthMiddleware']
2017-06-14 10:34:18 [scrapy.middleware] INFO: Enabled item pipelines:
[]
2017-06-14 10:34:18 [scrapy.core.engine] INFO: Spider opened
2017-06-14 10:34:18 [scrapy.extensions.logstats] INFO: Crawled 0 pages (at 0 pages/min), scraped 0 items (at 0 items/min)
2017-06-14 10:34:18 [scrapy.extensions.telnet] DEBUG: Telnet console listening on 127.0.0.1:6023
2017-06-14 10:34:18 [scrapy.core.engine] DEBUG: Crawled (200) <GET http://www.dictionary.com/robots.txt> (referer: None)
2017-06-14 10:34:18 [scrapy.core.engine] DEBUG: Crawled (200) <GET http://www.dictionary.com/browse/acknowledgement?s=ts> (referer: None)
2017-06-14 10:34:18 [dictionary.com] DEBUG: Saved file meaning-acknowledgement.html
2017-06-14 10:34:18 [scrapy.core.engine] INFO: Closing spider (finished)
2017-06-14 10:34:18 [scrapy.statscollectors] INFO: Dumping Scrapy stats:
{'downloader/request_bytes': 530,
 'downloader/request_count': 2,
 'downloader/request_method_count/GET': 2,
 'downloader/response_bytes': 26490,
 'downloader/response_count': 2,
 'downloader/response_status_count/200': 2,
 'finish_reason': 'finished',
 'finish_time': datetime.datetime(2017, 6, 14, 5, 4, 18, 934451),
 'log_count/DEBUG': 4,
 'log_count/INFO': 7,
 'memusage/max': 48418816,
 'memusage/startup': 48418816,
 'response_received_count': 2,
 'scheduler/dequeued': 1,
 'scheduler/dequeued/memory': 1,
 'scheduler/enqueued': 1,
 'scheduler/enqueued/memory': 1,
 'start_time': datetime.datetime(2017, 6, 14, 5, 4, 18, 283534)}
2017-06-14 10:34:18 [scrapy.core.engine] INFO: Spider closed (finished)
2017-06-14 10:35:15 [scrapy.utils.log] INFO: Scrapy 1.4.0 started (bot: SpeechWork)
2017-06-14 10:35:15 [scrapy.utils.log] INFO: Overridden settings: {'SPIDER_MODULES': ['SpeechWork.spiders'], 'BOT_NAME': 'SpeechWork', 'ROBOTSTXT_OBEY': True, 'LOG_FILE': 'scrapy_output.txt', 'NEWSPIDER_MODULE': 'SpeechWork.spiders'}
2017-06-14 10:35:15 [scrapy.middleware] INFO: Enabled extensions:
['scrapy.extensions.logstats.LogStats',
 'scrapy.extensions.corestats.CoreStats',
 'scrapy.extensions.memusage.MemoryUsage',
 'scrapy.extensions.telnet.TelnetConsole']
2017-06-14 10:35:15 [scrapy.middleware] INFO: Enabled downloader middlewares:
['scrapy.downloadermiddlewares.robotstxt.RobotsTxtMiddleware',
 'scrapy.downloadermiddlewares.httpauth.HttpAuthMiddleware',
 'scrapy.downloadermiddlewares.downloadtimeout.DownloadTimeoutMiddleware',
 'scrapy.downloadermiddlewares.defaultheaders.DefaultHeadersMiddleware',
 'scrapy.downloadermiddlewares.useragent.UserAgentMiddleware',
 'scrapy.downloadermiddlewares.retry.RetryMiddleware',
 'scrapy.downloadermiddlewares.redirect.MetaRefreshMiddleware',
 'scrapy.downloadermiddlewares.httpcompression.HttpCompressionMiddleware',
 'scrapy.downloadermiddlewares.redirect.RedirectMiddleware',
 'scrapy.downloadermiddlewares.cookies.CookiesMiddleware',
 'scrapy.downloadermiddlewares.httpproxy.HttpProxyMiddleware',
 'scrapy.downloadermiddlewares.stats.DownloaderStats']
2017-06-14 10:35:15 [scrapy.middleware] INFO: Enabled spider middlewares:
['scrapy.spidermiddlewares.httperror.HttpErrorMiddleware',
 'scrapy.spidermiddlewares.offsite.OffsiteMiddleware',
 'scrapy.spidermiddlewares.referer.RefererMiddleware',
 'scrapy.spidermiddlewares.urllength.UrlLengthMiddleware',
 'scrapy.spidermiddlewares.depth.DepthMiddleware']
2017-06-14 10:35:15 [scrapy.middleware] INFO: Enabled item pipelines:
[]
2017-06-14 10:35:15 [scrapy.core.engine] INFO: Spider opened
2017-06-14 10:35:15 [scrapy.extensions.logstats] INFO: Crawled 0 pages (at 0 pages/min), scraped 0 items (at 0 items/min)
2017-06-14 10:35:15 [scrapy.extensions.telnet] DEBUG: Telnet console listening on 127.0.0.1:6023
2017-06-14 10:35:16 [scrapy.core.engine] DEBUG: Crawled (200) <GET http://www.dictionary.com/robots.txt> (referer: None)
2017-06-14 10:35:16 [scrapy.core.engine] DEBUG: Crawled (200) <GET http://www.dictionary.com/browse/acknowledgement?s=ts> (referer: None)
2017-06-14 10:35:16 [dictionary.com] DEBUG: Saved file meaning-acknowledgement.html
2017-06-14 10:35:16 [scrapy.core.engine] INFO: Closing spider (finished)
2017-06-14 10:35:16 [scrapy.statscollectors] INFO: Dumping Scrapy stats:
{'downloader/request_bytes': 530,
 'downloader/request_count': 2,
 'downloader/request_method_count/GET': 2,
 'downloader/response_bytes': 26492,
 'downloader/response_count': 2,
 'downloader/response_status_count/200': 2,
 'finish_reason': 'finished',
 'finish_time': datetime.datetime(2017, 6, 14, 5, 5, 16, 721069),
 'log_count/DEBUG': 4,
 'log_count/INFO': 7,
 'memusage/max': 48484352,
 'memusage/startup': 48484352,
 'response_received_count': 2,
 'scheduler/dequeued': 1,
 'scheduler/dequeued/memory': 1,
 'scheduler/enqueued': 1,
 'scheduler/enqueued/memory': 1,
 'start_time': datetime.datetime(2017, 6, 14, 5, 5, 15, 912738)}
2017-06-14 10:35:16 [scrapy.core.engine] INFO: Spider closed (finished)
2017-06-14 10:42:00 [scrapy.utils.log] INFO: Scrapy 1.4.0 started (bot: SpeechWork)
2017-06-14 10:42:00 [scrapy.utils.log] INFO: Overridden settings: {'BOT_NAME': 'SpeechWork', 'ROBOTSTXT_OBEY': True, 'SPIDER_MODULES': ['SpeechWork.spiders'], 'LOG_FILE': 'scrapy_output.txt', 'NEWSPIDER_MODULE': 'SpeechWork.spiders'}
2017-06-14 10:42:00 [scrapy.middleware] INFO: Enabled extensions:
['scrapy.extensions.memusage.MemoryUsage',
 'scrapy.extensions.logstats.LogStats',
 'scrapy.extensions.corestats.CoreStats',
 'scrapy.extensions.telnet.TelnetConsole']
2017-06-14 10:42:00 [scrapy.middleware] INFO: Enabled downloader middlewares:
['scrapy.downloadermiddlewares.robotstxt.RobotsTxtMiddleware',
 'scrapy.downloadermiddlewares.httpauth.HttpAuthMiddleware',
 'scrapy.downloadermiddlewares.downloadtimeout.DownloadTimeoutMiddleware',
 'scrapy.downloadermiddlewares.defaultheaders.DefaultHeadersMiddleware',
 'scrapy.downloadermiddlewares.useragent.UserAgentMiddleware',
 'scrapy.downloadermiddlewares.retry.RetryMiddleware',
 'scrapy.downloadermiddlewares.redirect.MetaRefreshMiddleware',
 'scrapy.downloadermiddlewares.httpcompression.HttpCompressionMiddleware',
 'scrapy.downloadermiddlewares.redirect.RedirectMiddleware',
 'scrapy.downloadermiddlewares.cookies.CookiesMiddleware',
 'scrapy.downloadermiddlewares.httpproxy.HttpProxyMiddleware',
 'scrapy.downloadermiddlewares.stats.DownloaderStats']
2017-06-14 10:42:00 [scrapy.middleware] INFO: Enabled spider middlewares:
['scrapy.spidermiddlewares.httperror.HttpErrorMiddleware',
 'scrapy.spidermiddlewares.offsite.OffsiteMiddleware',
 'scrapy.spidermiddlewares.referer.RefererMiddleware',
 'scrapy.spidermiddlewares.urllength.UrlLengthMiddleware',
 'scrapy.spidermiddlewares.depth.DepthMiddleware']
2017-06-14 10:42:00 [scrapy.middleware] INFO: Enabled item pipelines:
[]
2017-06-14 10:42:00 [scrapy.core.engine] INFO: Spider opened
2017-06-14 10:42:00 [scrapy.extensions.logstats] INFO: Crawled 0 pages (at 0 pages/min), scraped 0 items (at 0 items/min)
2017-06-14 10:42:00 [scrapy.extensions.telnet] DEBUG: Telnet console listening on 127.0.0.1:6023
2017-06-14 10:42:00 [scrapy.core.engine] DEBUG: Crawled (200) <GET http://www.dictionary.com/robots.txt> (referer: None)
2017-06-14 10:42:00 [scrapy.core.engine] DEBUG: Crawled (200) <GET http://www.dictionary.com/browse/acknowledgement?s=ts> (referer: None)
2017-06-14 10:42:00 [dictionary.com] DEBUG: Saved file meaning-acknowledgement.html
2017-06-14 10:42:00 [scrapy.core.engine] INFO: Closing spider (finished)
2017-06-14 10:42:00 [scrapy.statscollectors] INFO: Dumping Scrapy stats:
{'downloader/request_bytes': 529,
 'downloader/request_count': 2,
 'downloader/request_method_count/GET': 2,
 'downloader/response_bytes': 26972,
 'downloader/response_count': 2,
 'downloader/response_status_count/200': 2,
 'finish_reason': 'finished',
 'finish_time': datetime.datetime(2017, 6, 14, 5, 12, 0, 947143),
 'log_count/DEBUG': 4,
 'log_count/INFO': 7,
 'memusage/max': 48332800,
 'memusage/startup': 48332800,
 'response_received_count': 2,
 'scheduler/dequeued': 1,
 'scheduler/dequeued/memory': 1,
 'scheduler/enqueued': 1,
 'scheduler/enqueued/memory': 1,
 'start_time': datetime.datetime(2017, 6, 14, 5, 12, 0, 191688)}
2017-06-14 10:42:00 [scrapy.core.engine] INFO: Spider closed (finished)
